2025-06-19 19:25:29 - 686B5714-DB03-4F57-A657-9A8EB0D031E8 - Customer page created
2025-06-19 19:25:32 - 317AD3B2-30A7-41BB-A95F-4A3A1A6976E9 - Customer page created
2025-06-19 19:25:34 - 8C249B64-64D8-43C7-A122-A9D6CF8617AB - Customer page created
2025-06-19 19:25:37 - 2A30CA0D-BDA5-4A30-8438-AC9F9E5113A0 - Customer page created
2025-06-19 19:25:39 - BFB7ABC6-03BF-4DE6-B46C-0442BC5A7563 - Customer page created
2025-06-19 19:31:30 - FC32B070-E43A-4E9B-813E-A205BF61A340 - Customer page created
2025-06-19 20:07:23 - 16BCAD4A-4D8C-432C-973D-3D3BDFBC1927 - Customer page created
2025-06-20 05:02:46 - EE29FFA5-D38C-414B-8E8A-3AD13E680E51 - Customer page created
2025-06-20 05:02:55 - 50D5088D-4B62-4A58-940D-BFBAA00BF782 - Customer page created
2025-06-20 05:03:05 - D00E88E1-BB86-4A3F-BCE4-85B07F410E7A - Customer page created
2025-06-20 05:26:15 - C53741F8-0996-4B2A-91EB-BE778687C6AB - Customer page created
2025-06-20 05:30:54 - 08D037F2-7F11-4669-B5EA-ACF5A10FE52C - Customer page created
2025-06-20 05:52:15 - D77CCAB2-DD0D-4918-B298-BC009C207E9A - Customer page created
2025-06-20 05:52:15 - D77CCAB2-DD0D-4918-B298-BC009C207E9A - Customer page created
2025-06-20 05:52:16 - D77CCAB2-DD0D-4918-B298-BC009C207E9A - Customer page created
2025-06-20 05:58:13 - 35449272-C2F7-44C9-9155-89DCBFB15DC8 - Customer page created
2025-06-20 06:03:04 - BA86EDE5-348D-4292-8CB4-5F3CA2636132 - Customer page created
2025-06-20 15:01:20 - 5CF02FA6-6176-4D3C-B268-F17C8A0481B7 - Customer page created
2025-06-20 15:01:21 - 5CF02FA6-6176-4D3C-B268-F17C8A0481B7 - Customer page created
2025-06-20 15:08:34 - 8D295B00-1732-4D0F-8EB7-26F52D60282D - Customer page created
2025-06-20 15:08:35 - 8D295B00-1732-4D0F-8EB7-26F52D60282D - Customer page created
2025-06-21 17:50:01 - 335930EF-6487-443F-B739-80EA317971BD - Customer page created
2025-06-21 17:50:04 - 266DA987-C32F-4C18-9C49-CD41F282E834 - Customer page created
2025-06-21 17:50:05 - 266DA987-C32F-4C18-9C49-CD41F282E834 - Customer page created
2025-06-21 17:50:07 - A7FECB6C-8568-45BD-915D-D0798CEED9A3 - Customer page created
2025-06-21 17:50:08 - A7FECB6C-8568-45BD-915D-D0798CEED9A3 - Customer page created
2025-06-21 17:50:09 - 503D8404-9754-45A6-8FC5-B0F36BAF82AA - Customer page created
2025-06-21 17:50:10 - 503D8404-9754-45A6-8FC5-B0F36BAF82AA - Customer page created
2025-06-21 17:50:11 - 503D8404-9754-45A6-8FC5-B0F36BAF82AA - Customer page created
2025-06-21 17:51:16 - 47B99E58-DBDC-4013-A740-58A734A7CF1C - Customer page created
2025-06-23 21:26:26 - C647A455-4AD8-4185-B123-C54DCEB2D7C8 - Customer page created
2025-06-23 21:26:27 - C647A455-4AD8-4185-B123-C54DCEB2D7C8 - Customer page created
2025-06-23 21:26:27 - C647A455-4AD8-4185-B123-C54DCEB2D7C8 - Customer page created
2025-06-23 21:26:28 - 82C714FF-320E-4B4C-B8C1-C262644F6008 - Customer page created
2025-06-23 21:26:30 - 82C714FF-320E-4B4C-B8C1-C262644F6008 - Customer page created
2025-06-23 21:26:30 - 82C714FF-320E-4B4C-B8C1-C262644F6008 - Customer page created
2025-06-23 21:26:31 - 00F76326-6CEF-4BE6-8DF5-B31A7F8B5B79 - Customer page created
2025-06-23 21:26:32 - 00F76326-6CEF-4BE6-8DF5-B31A7F8B5B79 - Customer page created
2025-06-23 21:26:32 - 00F76326-6CEF-4BE6-8DF5-B31A7F8B5B79 - Customer page created
2025-06-23 21:26:33 - 00F76326-6CEF-4BE6-8DF5-B31A7F8B5B79 - Customer page created
2025-06-23 21:26:33 - 2B8EB7B9-C42A-462D-9063-805F6C500794 - Customer page created
2025-06-23 21:26:34 - 2B8EB7B9-C42A-462D-9063-805F6C500794 - Customer page created
2025-06-23 21:26:36 - 2B8EB7B9-C42A-462D-9063-805F6C500794 - Customer page created
2025-06-23 21:26:37 - 2B8EB7B9-C42A-462D-9063-805F6C500794 - Customer page created
2025-06-23 21:35:59 - A3F6EB5C-601C-46C2-92DA-2C45A6E43A3D - Customer page created
2025-06-23 21:38:47 - 478A390C-93EA-4760-9050-29B0AD4238C5 - Customer page created
2025-06-23 21:39:32 - A042A15D-1BD0-4DD4-936C-594D0AB90F01 - Customer page created
2025-06-23 22:04:48 - BEC34AFA-C9A0-4033-B177-5EBC7051FAB2 - Customer page created
2025-06-23 22:05:28 - 3083F4BF-DC7A-499D-94A9-52228C5349C6 - Customer page created
2025-06-23 22:05:38 - 18A10D98-5D2D-4167-9EDA-D2A94E4564E1 - Customer page created
2025-06-23 22:06:08 - 6498BD6C-D1B4-4BF1-91F2-B4517F51C238 - Customer page created
2025-06-23 23:22:35 - 803FC050-4167-4F16-BBFD-D796FF90111F - Customer page created
2025-06-23 23:22:37 - 803FC050-4167-4F16-BBFD-D796FF90111F - Customer page created
2025-06-23 23:22:37 - 803FC050-4167-4F16-BBFD-D796FF90111F - Customer page created
2025-06-23 23:22:39 - 803FC050-4167-4F16-BBFD-D796FF90111F - Customer page created
2025-06-24 00:03:31 - 063516E9-C336-4623-8FFB-E154B209099C - Customer page created
2025-06-24 00:03:57 - E14F1651-456C-496F-ABF9-31FE1EA50AF4 - Customer page created
2025-06-24 00:04:11 - 1FC70220-CE8A-4A4F-99C1-EF0EE190DCAB - Customer page created
2025-06-24 00:05:32 - F5DE9E5C-C7D4-433D-A604-03C2B0AD65CC - Customer page created
2025-06-24 00:11:19 - 30451E29-C902-4067-A63B-E9CFD9545114 - Customer page created
2025-06-24 00:11:40 - 4ECAF895-A73A-460F-9EA4-8A8A2A9BB3C2 - Customer page created
2025-06-24 00:12:11 - A875456A-3941-4A1D-A079-17B519B00D69 - Customer page created
2025-06-24 00:12:25 - 79C2BD90-5C3F-487F-AF36-4A9A4051F303 - Customer page created
2025-06-24 03:17:12 - D33BFF25-92D0-4235-B04C-49B24CF55E22 - Customer page created
2025-06-24 03:19:52 - 6E07AFCC-EDD6-47D7-B928-B10A1927D0D5 - Customer page created
2025-06-24 03:29:26 - 2E0BC743-378D-48BE-A28B-8375763FC8FD - Customer page created
2025-06-24 03:29:28 - 2E0BC743-378D-48BE-A28B-8375763FC8FD - Customer page created
2025-06-24 03:29:28 - 2E0BC743-378D-48BE-A28B-8375763FC8FD - Customer page created
2025-06-24 03:40:22 - 845A9E00-8582-40C1-ACC3-7E7FAD800B27 - Customer page created
2025-06-24 03:40:22 - 845A9E00-8582-40C1-ACC3-7E7FAD800B27 - Customer page created
2025-06-24 03:53:14 - 5B6E0DAB-81EA-4E93-BF08-0668FC63194F - Customer page created
2025-06-24 04:10:28 - E4EC1455-609F-4B1B-8AD8-68A597693BAC - Customer page created
2025-06-24 04:10:30 - E4EC1455-609F-4B1B-8AD8-68A597693BAC - Customer page created
2025-06-24 04:10:31 - E4EC1455-609F-4B1B-8AD8-68A597693BAC - Customer page created
2025-06-24 04:14:27 - 07373B37-1C8B-42CB-B3BF-A084C2E42C3D - Customer page created
2025-06-24 04:14:52 - C422E2FC-9260-4B32-8AB8-81D2E73AF0FC - Customer page created
2025-06-24 04:24:08 - 2A0D09A1-571E-4037-ABD6-5424A15F0489 - Customer page created
2025-06-24 04:33:24 - 0325B9CD-7049-4EA4-A5AC-00E3D88DAC01 - Customer page created
2025-06-24 04:39:41 - 5978611C-0F66-4DDB-83D6-FA7A636AA769 - Customer page created
