8bb8f23a2137f7ceda5b466499513340;start;'/media/Users/yshokrollahi/MS004S1.png';202506232318;
8bb8f23a2137f7ceda5b466499513340;finish;'/media/Users/yshokrollahi/MS004S1.png';202506232321;
0d5f0d1415792f3b3efec5bfbb8ad1b6;start;'/media/Users/yshokrollahi/MS008S1_MU.png';202506240001;
0d5f0d1415792f3b3efec5bfbb8ad1b6;finish;'/media/Users/yshokrollahi/MS008S1_MU.png';202506240001;
ffc7e41284016ea4604aa20f1ae3e66a;start;'/media/Users/yshokrollahi/MS011S1_MU.png';202506240001;
ffc7e41284016ea4604aa20f1ae3e66a;finish;'/media/Users/yshokrollahi/MS011S1_MU.png';202506240001;
1ba8dfe719c99dd1b2b13fd7ab5fa9a8;start;'/media/Users/yshokrollahi/MS014S1_MU.png';202506240001;
1ba8dfe719c99dd1b2b13fd7ab5fa9a8;finish;'/media/Users/yshokrollahi/MS014S1_MU.png';202506240001;
68f7f8c7a783ee4c90efbce0783f1bf6;start;'/media/Users/yshokrollahi/MS015S1_OME.ome.tiff';202506240001;
68f7f8c7a783ee4c90efbce0783f1bf6;finish;'/media/Users/yshokrollahi/MS015S1_OME.ome.tiff';202506240002;
8bb8f23a2137f7ceda5b466499513340;start;'/media/Users/yshokrollahi/MS004S1.png';202506240010;
8bb8f23a2137f7ceda5b466499513340;finish;'/media/Users/yshokrollahi/MS004S1.png';202506240010;
0d5f0d1415792f3b3efec5bfbb8ad1b6;start;'/media/Users/yshokrollahi/MS008S1_MU.png';202506240010;
0d5f0d1415792f3b3efec5bfbb8ad1b6;finish;'/media/Users/yshokrollahi/MS008S1_MU.png';202506240010;
ffc7e41284016ea4604aa20f1ae3e66a;start;'/media/Users/yshokrollahi/MS011S1_MU.png';202506240010;
ffc7e41284016ea4604aa20f1ae3e66a;finish;'/media/Users/yshokrollahi/MS011S1_MU.png';202506240010;
1ba8dfe719c99dd1b2b13fd7ab5fa9a8;start;'/media/Users/yshokrollahi/MS014S1_MU.png';202506240010;
1ba8dfe719c99dd1b2b13fd7ab5fa9a8;finish;'/media/Users/yshokrollahi/MS014S1_MU.png';202506240010;
0f99778d132733905c9c482788c5ccc1;start;'/media/Users/yshokrollahi/Adenoid_cystic_Carcinoma_image_1.jpg';202506240316;
0f99778d132733905c9c482788c5ccc1;finish;'/media/Users/yshokrollahi/Adenoid_cystic_Carcinoma_image_1.jpg';202506240316;
8bb8f23a2137f7ceda5b466499513340;start;'/media/Users/yshokrollahi/MS004S1.png';202506240318;
8bb8f23a2137f7ceda5b466499513340;finish;'/media/Users/yshokrollahi/MS004S1.png';202506240318;
8bb8f23a2137f7ceda5b466499513340;start;'/media/Users/yshokrollahi/MS004S1.png';202506240328;
8bb8f23a2137f7ceda5b466499513340;finish;'/media/Users/yshokrollahi/MS004S1.png';202506240328;
1ba8dfe719c99dd1b2b13fd7ab5fa9a8;start;'/media/Users/yshokrollahi/MS014S1_MU.png';202506240339;
1ba8dfe719c99dd1b2b13fd7ab5fa9a8;finish;'/media/Users/yshokrollahi/MS014S1_MU.png';202506240339;
0f99778d132733905c9c482788c5ccc1;start;'/media/Users/yshokrollahi/Adenoid_cystic_Carcinoma_image_1.jpg';202506240352;
0f99778d132733905c9c482788c5ccc1;finish;'/media/Users/yshokrollahi/Adenoid_cystic_Carcinoma_image_1.jpg';202506240352;
8bb8f23a2137f7ceda5b466499513340;start;'/media/Users/yshokrollahi/MS004S1.png';202506240409;
8bb8f23a2137f7ceda5b466499513340;finish;'/media/Users/yshokrollahi/MS004S1.png';202506240409;
0d5f0d1415792f3b3efec5bfbb8ad1b6;start;'/media/Users/yshokrollahi/MS008S1_MU.png';202506240413;
0d5f0d1415792f3b3efec5bfbb8ad1b6;finish;'/media/Users/yshokrollahi/MS008S1_MU.png';202506240413;
ffc7e41284016ea4604aa20f1ae3e66a;start;'/media/Users/yshokrollahi/MS011S1_MU.png';202506240413;
ffc7e41284016ea4604aa20f1ae3e66a;finish;'/media/Users/yshokrollahi/MS011S1_MU.png';202506240413;
0f99778d132733905c9c482788c5ccc1;start;'/media/Users/yshokrollahi/Adenoid_cystic_Carcinoma_image_1.jpg';202506240423;
0f99778d132733905c9c482788c5ccc1;finish;'/media/Users/yshokrollahi/Adenoid_cystic_Carcinoma_image_1.jpg';202506240423;
8bb8f23a2137f7ceda5b466499513340;start;'/media/Users/yshokrollahi/MS004S1.png';202506240432;
8bb8f23a2137f7ceda5b466499513340;finish;'/media/Users/yshokrollahi/MS004S1.png';202506240432;
0f99778d132733905c9c482788c5ccc1;start;'/media/Users/yshokrollahi/Adenoid_cystic_Carcinoma_image_1.jpg';202506240438;
0f99778d132733905c9c482788c5ccc1;finish;'/media/Users/yshokrollahi/Adenoid_cystic_Carcinoma_image_1.jpg';202506240438;
