803FC050-4167-4F16-BBFD-D796FF90111F

063516E9-C336-4623-8FFB-E154B209099C
E14F1651-456C-496F-ABF9-31FE1EA50AF4
1FC70220-CE8A-4A4F-99C1-EF0EE190DCAB
F5DE9E5C-C7D4-433D-A604-03C2B0AD65CC

30451E29-C902-4067-A63B-E9CFD9545114
4ECAF895-A73A-460F-9EA4-8A8A2A9BB3C2
A875456A-3941-4A1D-A079-17B519B00D69
79C2BD90-5C3F-487F-AF36-4A9A4051F303

D33BFF25-92D0-4235-B04C-49B24CF55E22

6E07AFCC-EDD6-47D7-B928-B10A1927D0D5

2E0BC743-378D-48BE-A28B-8375763FC8FD

845A9E00-8582-40C1-ACC3-7E7FAD800B27

5B6E0DAB-81EA-4E93-BF08-0668FC63194F

E4EC1455-609F-4B1B-8AD8-68A597693BAC

07373B37-1C8B-42CB-B3BF-A084C2E42C3D
C422E2FC-9260-4B32-8AB8-81D2E73AF0FC

2A0D09A1-571E-4037-ABD6-5424A15F0489

0325B9CD-7049-4EA4-A5AC-00E3D88DAC01

5978611C-0F66-4DDB-83D6-FA7A636AA769

