[04-Aug-2025 16:03:45 UTC] PHP Notice:  A session had already been started - ignoring session_start() in /var/www/auth/session_timeout.php on line 2
[04-Aug-2025 16:03:48 UTC] PHP Notice:  A session had already been started - ignoring session_start() in /var/www/auth/session_timeout.php on line 2
[04-Aug-2025 16:03:53 UTC] === issueUploadProject.php started ===
[04-Aug-2025 16:03:53 UTC] POST data: Array
(
    [path] => ["/media/Users/yshokrollahi/nuclei_wsi_segmentation.jpg"]
    [isDir] => false
)

[04-Aug-2025 17:03:54 Europe/London] Decoded isDir: 
[04-Aug-2025 17:03:54 Europe/London] Decoded pathToIssue: Array
(
    [0] => /media/Users/yshokrollahi/nuclei_wsi_segmentation.jpg
)

[04-Aug-2025 17:03:54 Europe/London] Case: isDir=0, array - calling issueFiles
[04-Aug-2025 17:03:54 Europe/London] Number of files: 1
[04-Aug-2025 17:03:54 Europe/London] File 0: /media/Users/yshokrollahi/nuclei_wsi_segmentation.jpg - exists: YES
[04-Aug-2025 17:03:54 Europe/London] Starting issueFiles at: 2025-08-04 17:03:54
[04-Aug-2025 17:03:54 Europe/London] PHP Warning:  fopen(/var/www/jobCounter.log): failed to open stream: No such file or directory in /var/www/lockedFileAccess.php on line 185
[04-Aug-2025 17:03:54 Europe/London] PHP Warning:  flock() expects parameter 1 to be resource, boolean given in /var/www/lockedFileAccess.php on line 189
[04-Aug-2025 17:03:54 Europe/London] PHP Warning:  fclose() expects parameter 1 to be resource, boolean given in /var/www/lockedFileAccess.php on line 204
[04-Aug-2025 17:03:54 Europe/London] Completed issueFiles at: 2025-08-04 17:03:54
[04-Aug-2025 17:03:54 Europe/London] issueFiles took: 0 seconds
[04-Aug-2025 17:03:54 Europe/London] issueFiles result: Array
(
    [typ] => multiple
    [jobs] => Array
        (
            [0] => Array
                (
                    [entry] => -1;645720CE-CFFF-401C-AD00-2400B0DDA940;1;checksum;/media/Users/yshokrollahi/nuclei_wsi_segmentation.jpg;/var/www/uploads/93382483_nuclei_wsi_segmentation.jpg;MD5CHECKSUM;EMAIL_PLACE_HOLDER;FINAL_FILENAME_PLACEHOLDER;FINAL_PATH_PLACEHOLDER;;                                                                                                                                                            
                    [id] => -1
                    [guid] => 645720CE-CFFF-401C-AD00-2400B0DDA940
                    [name] => /var/www/uploads/93382483_nuclei_wsi_segmentation.jpg
                    [fileId] => /media/Users/yshokrollahi/nuclei_wsi_segmentation.jpg
                )

        )

    [fullStatus] => Array
        (
            [id] => 0
            [status] => ok
            [comment] => 
        )

)

[04-Aug-2025 17:03:54 Europe/London] === issueUploadProject.php completed ===
[04-Aug-2025 17:04:04 Europe/London] Polyzoomer directory does not exist: /var/www//polyzoomer/FINAL_PATH_PLACEHOLDER
[04-Aug-2025 17:04:09 Europe/London] Polyzoomer directory does not exist: /var/www//polyzoomer/FINAL_PATH_PLACEHOLDER
[04-Aug-2025 17:04:14 Europe/London] Polyzoomer directory does not exist: /var/www//polyzoomer/FINAL_PATH_PLACEHOLDER
[04-Aug-2025 17:04:19 Europe/London] Polyzoomer directory does not exist: /var/www//polyzoomer/FINAL_PATH_PLACEHOLDER
[04-Aug-2025 17:04:24 Europe/London] Polyzoomer directory does not exist: /var/www//polyzoomer/FINAL_PATH_PLACEHOLDER
[04-Aug-2025 17:04:29 Europe/London] Polyzoomer directory does not exist: /var/www//polyzoomer/FINAL_PATH_PLACEHOLDER
[04-Aug-2025 17:05:56 Europe/London] Successfully added job 645720CE-CFFF-401C-AD00-2400B0DDA940 to customer page for user: yshokrollahi
[04-Aug-2025 16:06:27 UTC] PHP Notice:  A session had already been started - ignoring session_start() in /var/www/auth/session_timeout.php on line 2
[04-Aug-2025 16:06:40 UTC] PHP Notice:  A session had already been started - ignoring session_start() in /var/www/auth/session_timeout.php on line 2
[04-Aug-2025 16:07:01 UTC] === issueUploadProject.php started ===
[04-Aug-2025 16:07:01 UTC] POST data: Array
(
    [path] => ["/media/Users/yshokrollahi/nuclei_wsi_segmentation.jpg"]
    [isDir] => false
)

[04-Aug-2025 17:07:01 Europe/London] Decoded isDir: 
[04-Aug-2025 17:07:01 Europe/London] Decoded pathToIssue: Array
(
    [0] => /media/Users/yshokrollahi/nuclei_wsi_segmentation.jpg
)

[04-Aug-2025 17:07:01 Europe/London] Case: isDir=0, array - calling issueFiles
[04-Aug-2025 17:07:01 Europe/London] Number of files: 1
[04-Aug-2025 17:07:01 Europe/London] File 0: /media/Users/yshokrollahi/nuclei_wsi_segmentation.jpg - exists: YES
[04-Aug-2025 17:07:01 Europe/London] Starting issueFiles at: 2025-08-04 17:07:01
[04-Aug-2025 17:07:01 Europe/London] PHP Warning:  fopen(/var/www/jobCounter.log): failed to open stream: No such file or directory in /var/www/lockedFileAccess.php on line 185
[04-Aug-2025 17:07:01 Europe/London] PHP Warning:  flock() expects parameter 1 to be resource, boolean given in /var/www/lockedFileAccess.php on line 189
[04-Aug-2025 17:07:01 Europe/London] PHP Warning:  fclose() expects parameter 1 to be resource, boolean given in /var/www/lockedFileAccess.php on line 204
[04-Aug-2025 17:07:01 Europe/London] Completed issueFiles at: 2025-08-04 17:07:01
[04-Aug-2025 17:07:01 Europe/London] issueFiles took: 0 seconds
[04-Aug-2025 17:07:01 Europe/London] issueFiles result: Array
(
    [typ] => multiple
    [jobs] => Array
        (
            [0] => Array
                (
                    [entry] => -1;5309A521-6185-4ECF-932C-98AB20315223;1;checksum;/media/Users/yshokrollahi/nuclei_wsi_segmentation.jpg;/var/www/uploads/71644563_nuclei_wsi_segmentation.jpg;MD5CHECKSUM;EMAIL_PLACE_HOLDER;FINAL_FILENAME_PLACEHOLDER;FINAL_PATH_PLACEHOLDER;;                                                                                                                                                            
                    [id] => -1
                    [guid] => 5309A521-6185-4ECF-932C-98AB20315223
                    [name] => /var/www/uploads/71644563_nuclei_wsi_segmentation.jpg
                    [fileId] => /media/Users/yshokrollahi/nuclei_wsi_segmentation.jpg
                )

        )

    [fullStatus] => Array
        (
            [id] => 0
            [status] => ok
            [comment] => 
        )

)

[04-Aug-2025 17:07:01 Europe/London] === issueUploadProject.php completed ===
[04-Aug-2025 17:09:19 Europe/London] Successfully added job 5309A521-6185-4ECF-932C-98AB20315223 to customer page for user: yshokrollahi
[04-Aug-2025 16:10:40 UTC] PHP Notice:  A session had already been started - ignoring session_start() in /var/www/auth/session_timeout.php on line 2
[04-Aug-2025 16:10:45 UTC] === issueUploadProject.php started ===
[04-Aug-2025 16:10:45 UTC] POST data: Array
(
    [path] => ["/media/Users/yshokrollahi/nuclei_wsi_segmentation.jpg"]
    [isDir] => false
)

[04-Aug-2025 17:10:45 Europe/London] Decoded isDir: 
[04-Aug-2025 17:10:45 Europe/London] Decoded pathToIssue: Array
(
    [0] => /media/Users/yshokrollahi/nuclei_wsi_segmentation.jpg
)

[04-Aug-2025 17:10:45 Europe/London] Case: isDir=0, array - calling issueFiles
[04-Aug-2025 17:10:45 Europe/London] Number of files: 1
[04-Aug-2025 17:10:45 Europe/London] File 0: /media/Users/yshokrollahi/nuclei_wsi_segmentation.jpg - exists: YES
[04-Aug-2025 17:10:45 Europe/London] Starting issueFiles at: 2025-08-04 17:10:45
[04-Aug-2025 17:10:45 Europe/London] PHP Warning:  fopen(/var/www/jobCounter.log): failed to open stream: No such file or directory in /var/www/lockedFileAccess.php on line 185
[04-Aug-2025 17:10:45 Europe/London] PHP Warning:  flock() expects parameter 1 to be resource, boolean given in /var/www/lockedFileAccess.php on line 189
[04-Aug-2025 17:10:45 Europe/London] PHP Warning:  fclose() expects parameter 1 to be resource, boolean given in /var/www/lockedFileAccess.php on line 204
[04-Aug-2025 17:10:45 Europe/London] Completed issueFiles at: 2025-08-04 17:10:45
[04-Aug-2025 17:10:45 Europe/London] issueFiles took: 0 seconds
[04-Aug-2025 17:10:45 Europe/London] issueFiles result: Array
(
    [typ] => multiple
    [jobs] => Array
        (
            [0] => Array
                (
                    [entry] => -1;29DEDA9E-C809-448D-9CFE-5F8E81D8D913;1;checksum;/media/Users/yshokrollahi/nuclei_wsi_segmentation.jpg;/var/www/uploads/70845540_nuclei_wsi_segmentation.jpg;MD5CHECKSUM;EMAIL_PLACE_HOLDER;FINAL_FILENAME_PLACEHOLDER;FINAL_PATH_PLACEHOLDER;;                                                                                                                                                            
                    [id] => -1
                    [guid] => 29DEDA9E-C809-448D-9CFE-5F8E81D8D913
                    [name] => /var/www/uploads/70845540_nuclei_wsi_segmentation.jpg
                    [fileId] => /media/Users/yshokrollahi/nuclei_wsi_segmentation.jpg
                )

        )

    [fullStatus] => Array
        (
            [id] => 0
            [status] => ok
            [comment] => 
        )

)

[04-Aug-2025 17:10:45 Europe/London] === issueUploadProject.php completed ===
[04-Aug-2025 17:12:54 Europe/London] Successfully added job 29DEDA9E-C809-448D-9CFE-5F8E81D8D913 to customer page for user: yshokrollahi
[04-Aug-2025 17:12:55 Europe/London] Successfully added job 29DEDA9E-C809-448D-9CFE-5F8E81D8D913 to customer page for user: yshokrollahi
[04-Aug-2025 16:16:58 UTC] PHP Notice:  A session had already been started - ignoring session_start() in /var/www/auth/session_timeout.php on line 2
[04-Aug-2025 16:18:16 UTC] PHP Notice:  A session had already been started - ignoring session_start() in /var/www/auth/session_timeout.php on line 2
[04-Aug-2025 16:18:28 UTC] PHP Notice:  A session had already been started - ignoring session_start() in /var/www/auth/session_timeout.php on line 2
[04-Aug-2025 16:18:32 UTC] PHP Notice:  A session had already been started - ignoring session_start() in /var/www/auth/session_timeout.php on line 2
[04-Aug-2025 16:20:48 UTC] PHP Notice:  A session had already been started - ignoring session_start() in /var/www/auth/session_timeout.php on line 2
[04-Aug-2025 16:21:03 UTC] PHP Notice:  A session had already been started - ignoring session_start() in /var/www/auth/session_timeout.php on line 2
[04-Aug-2025 16:21:29 UTC] PHP Notice:  A session had already been started - ignoring session_start() in /var/www/auth/session_timeout.php on line 2
[04-Aug-2025 16:22:01 UTC] PHP Notice:  A session had already been started - ignoring session_start() in /var/www/auth/session_timeout.php on line 2
[04-Aug-2025 16:22:37 UTC] PHP Notice:  A session had already been started - ignoring session_start() in /var/www/auth/session_timeout.php on line 2
[04-Aug-2025 16:23:11 UTC] PHP Notice:  A session had already been started - ignoring session_start() in /var/www/auth/session_timeout.php on line 2
[04-Aug-2025 16:23:23 UTC] PHP Notice:  A session had already been started - ignoring session_start() in /var/www/auth/session_timeout.php on line 2
[04-Aug-2025 16:23:57 UTC] PHP Notice:  A session had already been started - ignoring session_start() in /var/www/auth/session_timeout.php on line 2
[04-Aug-2025 16:24:05 UTC] PHP Notice:  A session had already been started - ignoring session_start() in /var/www/auth/session_timeout.php on line 2
[04-Aug-2025 16:27:40 UTC] PHP Notice:  A session had already been started - ignoring session_start() in /var/www/auth/session_timeout.php on line 2
[04-Aug-2025 16:30:05 UTC] PHP Notice:  A session had already been started - ignoring session_start() in /var/www/auth/session_timeout.php on line 2
[04-Aug-2025 16:30:14 UTC] PHP Notice:  A session had already been started - ignoring session_start() in /var/www/auth/session_timeout.php on line 2
[04-Aug-2025 16:32:30 UTC] PHP Notice:  A session had already been started - ignoring session_start() in /var/www/auth/session_timeout.php on line 2
[04-Aug-2025 16:34:02 UTC] PHP Notice:  A session had already been started - ignoring session_start() in /var/www/auth/session_timeout.php on line 2
[04-Aug-2025 16:34:13 UTC] PHP Notice:  A session had already been started - ignoring session_start() in /var/www/auth/session_timeout.php on line 2
[04-Aug-2025 16:37:02 UTC] PHP Notice:  A session had already been started - ignoring session_start() in /var/www/auth/session_timeout.php on line 2
[04-Aug-2025 16:37:10 UTC] PHP Notice:  A session had already been started - ignoring session_start() in /var/www/auth/session_timeout.php on line 2
[04-Aug-2025 16:38:47 UTC] PHP Notice:  A session had already been started - ignoring session_start() in /var/www/auth/session_timeout.php on line 2
[04-Aug-2025 16:40:53 UTC] PHP Notice:  A session had already been started - ignoring session_start() in /var/www/auth/session_timeout.php on line 2
[04-Aug-2025 16:41:01 UTC] PHP Notice:  A session had already been started - ignoring session_start() in /var/www/auth/session_timeout.php on line 2
[04-Aug-2025 16:45:03 UTC] PHP Notice:  A session had already been started - ignoring session_start() in /var/www/auth/session_timeout.php on line 2
[04-Aug-2025 16:46:28 UTC] PHP Notice:  A session had already been started - ignoring session_start() in /var/www/auth/session_timeout.php on line 2
[04-Aug-2025 16:46:36 UTC] PHP Notice:  A session had already been started - ignoring session_start() in /var/www/auth/session_timeout.php on line 2
[04-Aug-2025 16:47:12 UTC] PHP Notice:  A session had already been started - ignoring session_start() in /var/www/auth/session_timeout.php on line 2
[04-Aug-2025 17:11:33 UTC] PHP Notice:  A session had already been started - ignoring session_start() in /var/www/auth/session_timeout.php on line 2
[04-Aug-2025 17:13:28 UTC] PHP Notice:  A session had already been started - ignoring session_start() in /var/www/auth/session_timeout.php on line 2
[04-Aug-2025 17:13:45 UTC] PHP Notice:  A session had already been started - ignoring session_start() in /var/www/auth/session_timeout.php on line 2
[04-Aug-2025 17:15:57 UTC] PHP Notice:  A session had already been started - ignoring session_start() in /var/www/auth/session_timeout.php on line 2
[04-Aug-2025 17:19:22 UTC] PHP Notice:  A session had already been started - ignoring session_start() in /var/www/auth/session_timeout.php on line 2
[04-Aug-2025 17:37:15 UTC] === issueUploadProject.php started ===
[04-Aug-2025 17:37:15 UTC] POST data: Array
(
    [path] => ["/media/Users/yshokrollahi/MOS080_HE.svs"]
    [isDir] => false
)

[04-Aug-2025 18:37:15 Europe/London] Decoded isDir: 
[04-Aug-2025 18:37:15 Europe/London] Decoded pathToIssue: Array
(
    [0] => /media/Users/yshokrollahi/MOS080_HE.svs
)

[04-Aug-2025 18:37:15 Europe/London] Case: isDir=0, array - calling issueFiles
[04-Aug-2025 18:37:15 Europe/London] Number of files: 1
[04-Aug-2025 18:37:15 Europe/London] File 0: /media/Users/yshokrollahi/MOS080_HE.svs - exists: YES
[04-Aug-2025 18:37:15 Europe/London] Starting issueFiles at: 2025-08-04 18:37:15
[04-Aug-2025 18:37:15 Europe/London] PHP Warning:  fopen(/var/www/jobCounter.log): failed to open stream: No such file or directory in /var/www/lockedFileAccess.php on line 185
[04-Aug-2025 18:37:15 Europe/London] PHP Warning:  flock() expects parameter 1 to be resource, boolean given in /var/www/lockedFileAccess.php on line 189
[04-Aug-2025 18:37:15 Europe/London] PHP Warning:  fclose() expects parameter 1 to be resource, boolean given in /var/www/lockedFileAccess.php on line 204
[04-Aug-2025 18:37:15 Europe/London] Completed issueFiles at: 2025-08-04 18:37:15
[04-Aug-2025 18:37:15 Europe/London] issueFiles took: 0 seconds
[04-Aug-2025 18:37:15 Europe/London] issueFiles result: Array
(
    [typ] => multiple
    [jobs] => Array
        (
            [0] => Array
                (
                    [entry] => -1;896410B3-87AC-4E0C-96DE-9F7D475ACF83;1;checksum;/media/Users/yshokrollahi/MOS080_HE.svs;/var/www/uploads/73397045_MOS080_HE.svs;MD5CHECKSUM;EMAIL_PLACE_HOLDER;FINAL_FILENAME_PLACEHOLDER;FINAL_PATH_PLACEHOLDER;;                                                                                                                                                            
                    [id] => -1
                    [guid] => 896410B3-87AC-4E0C-96DE-9F7D475ACF83
                    [name] => /var/www/uploads/73397045_MOS080_HE.svs
                    [fileId] => /media/Users/yshokrollahi/MOS080_HE.svs
                )

        )

    [fullStatus] => Array
        (
            [id] => 0
            [status] => ok
            [comment] => 
        )

)

[04-Aug-2025 18:37:15 Europe/London] === issueUploadProject.php completed ===
[04-Aug-2025 18:39:47 Europe/London] Successfully added job 896410B3-87AC-4E0C-96DE-9F7D475ACF83 to customer page for user: yshokrollahi
[04-Aug-2025 18:39:48 Europe/London] Successfully added job 896410B3-87AC-4E0C-96DE-9F7D475ACF83 to customer page for user: yshokrollahi
[04-Aug-2025 17:48:55 UTC] PHP Notice:  A session had already been started - ignoring session_start() in /var/www/auth/session_timeout.php on line 2
[04-Aug-2025 17:49:11 UTC] PHP Notice:  A session had already been started - ignoring session_start() in /var/www/auth/session_timeout.php on line 2
[04-Aug-2025 17:49:15 UTC] === issueUploadProject.php started ===
[04-Aug-2025 17:49:15 UTC] POST data: Array
(
    [path] => ["/media/Users/yshokrollahi/MOS080_HE.svs"]
    [isDir] => false
)

[04-Aug-2025 18:49:15 Europe/London] Decoded isDir: 
[04-Aug-2025 18:49:15 Europe/London] Decoded pathToIssue: Array
(
    [0] => /media/Users/yshokrollahi/MOS080_HE.svs
)

[04-Aug-2025 18:49:15 Europe/London] Case: isDir=0, array - calling issueFiles
[04-Aug-2025 18:49:15 Europe/London] Number of files: 1
[04-Aug-2025 18:49:15 Europe/London] File 0: /media/Users/yshokrollahi/MOS080_HE.svs - exists: YES
[04-Aug-2025 18:49:15 Europe/London] Starting issueFiles at: 2025-08-04 18:49:15
[04-Aug-2025 18:49:15 Europe/London] PHP Warning:  fopen(/var/www/jobCounter.log): failed to open stream: No such file or directory in /var/www/lockedFileAccess.php on line 185
[04-Aug-2025 18:49:15 Europe/London] PHP Warning:  flock() expects parameter 1 to be resource, boolean given in /var/www/lockedFileAccess.php on line 189
[04-Aug-2025 18:49:15 Europe/London] PHP Warning:  fclose() expects parameter 1 to be resource, boolean given in /var/www/lockedFileAccess.php on line 204
[04-Aug-2025 18:49:16 Europe/London] Completed issueFiles at: 2025-08-04 18:49:15
[04-Aug-2025 18:49:16 Europe/London] issueFiles took: 0 seconds
[04-Aug-2025 18:49:16 Europe/London] issueFiles result: Array
(
    [typ] => multiple
    [jobs] => Array
        (
            [0] => Array
                (
                    [entry] => -1;64989C95-F5AA-4059-8CBB-F57225955E55;1;checksum;/media/Users/yshokrollahi/MOS080_HE.svs;/var/www/uploads/63464037_MOS080_HE.svs;MD5CHECKSUM;EMAIL_PLACE_HOLDER;FINAL_FILENAME_PLACEHOLDER;FINAL_PATH_PLACEHOLDER;;                                                                                                                                                            
                    [id] => -1
                    [guid] => 64989C95-F5AA-4059-8CBB-F57225955E55
                    [name] => /var/www/uploads/63464037_MOS080_HE.svs
                    [fileId] => /media/Users/yshokrollahi/MOS080_HE.svs
                )

        )

    [fullStatus] => Array
        (
            [id] => 0
            [status] => ok
            [comment] => 
        )

)

[04-Aug-2025 18:49:16 Europe/London] === issueUploadProject.php completed ===
[04-Aug-2025 18:51:51 Europe/London] Successfully added job 64989C95-F5AA-4059-8CBB-F57225955E55 to customer page for user: yshokrollahi
[04-Aug-2025 17:58:51 UTC] PHP Notice:  A session had already been started - ignoring session_start() in /var/www/auth/session_timeout.php on line 2
[04-Aug-2025 17:58:57 UTC] === issueUploadProject.php started ===
[04-Aug-2025 17:58:57 UTC] POST data: Array
(
    [path] => ["/media/Users/yshokrollahi/MOS080_HE.svs"]
    [isDir] => false
)

[04-Aug-2025 18:58:57 Europe/London] Decoded isDir: 
[04-Aug-2025 18:58:57 Europe/London] Decoded pathToIssue: Array
(
    [0] => /media/Users/yshokrollahi/MOS080_HE.svs
)

[04-Aug-2025 18:58:57 Europe/London] Case: isDir=0, array - calling issueFiles
[04-Aug-2025 18:58:57 Europe/London] Number of files: 1
[04-Aug-2025 18:58:57 Europe/London] File 0: /media/Users/yshokrollahi/MOS080_HE.svs - exists: YES
[04-Aug-2025 18:58:57 Europe/London] Starting issueFiles at: 2025-08-04 18:58:57
[04-Aug-2025 18:58:57 Europe/London] PHP Warning:  fopen(/var/www/jobCounter.log): failed to open stream: No such file or directory in /var/www/lockedFileAccess.php on line 185
[04-Aug-2025 18:58:57 Europe/London] PHP Warning:  flock() expects parameter 1 to be resource, boolean given in /var/www/lockedFileAccess.php on line 189
[04-Aug-2025 18:58:57 Europe/London] PHP Warning:  fclose() expects parameter 1 to be resource, boolean given in /var/www/lockedFileAccess.php on line 204
[04-Aug-2025 18:58:57 Europe/London] Completed issueFiles at: 2025-08-04 18:58:57
[04-Aug-2025 18:58:57 Europe/London] issueFiles took: 0 seconds
[04-Aug-2025 18:58:57 Europe/London] issueFiles result: Array
(
    [typ] => multiple
    [jobs] => Array
        (
            [0] => Array
                (
                    [entry] => -1;4AF87573-84FA-47AA-8C8F-C3F2D0E0A98E;1;checksum;/media/Users/yshokrollahi/MOS080_HE.svs;/var/www/uploads/12034802_MOS080_HE.svs;MD5CHECKSUM;EMAIL_PLACE_HOLDER;FINAL_FILENAME_PLACEHOLDER;FINAL_PATH_PLACEHOLDER;;                                                                                                                                                            
                    [id] => -1
                    [guid] => 4AF87573-84FA-47AA-8C8F-C3F2D0E0A98E
                    [name] => /var/www/uploads/12034802_MOS080_HE.svs
                    [fileId] => /media/Users/yshokrollahi/MOS080_HE.svs
                )

        )

    [fullStatus] => Array
        (
            [id] => 0
            [status] => ok
            [comment] => 
        )

)

[04-Aug-2025 18:58:57 Europe/London] === issueUploadProject.php completed ===
[04-Aug-2025 19:01:22 Europe/London] Successfully added job 4AF87573-84FA-47AA-8C8F-C3F2D0E0A98E to customer page for user: yshokrollahi
[04-Aug-2025 18:02:52 UTC] === issueUploadProject.php started ===
[04-Aug-2025 18:02:52 UTC] POST data: Array
(
    [path] => ["/media/Users/yshokrollahi/pathology.jpg"]
    [isDir] => false
)

[04-Aug-2025 19:02:52 Europe/London] Decoded isDir: 
[04-Aug-2025 19:02:52 Europe/London] Decoded pathToIssue: Array
(
    [0] => /media/Users/yshokrollahi/pathology.jpg
)

[04-Aug-2025 19:02:52 Europe/London] Case: isDir=0, array - calling issueFiles
[04-Aug-2025 19:02:52 Europe/London] Number of files: 1
[04-Aug-2025 19:02:52 Europe/London] File 0: /media/Users/yshokrollahi/pathology.jpg - exists: YES
[04-Aug-2025 19:02:52 Europe/London] Starting issueFiles at: 2025-08-04 19:02:52
[04-Aug-2025 19:02:52 Europe/London] PHP Warning:  fopen(/var/www/jobCounter.log): failed to open stream: No such file or directory in /var/www/lockedFileAccess.php on line 185
[04-Aug-2025 19:02:52 Europe/London] PHP Warning:  flock() expects parameter 1 to be resource, boolean given in /var/www/lockedFileAccess.php on line 189
[04-Aug-2025 19:02:52 Europe/London] PHP Warning:  fclose() expects parameter 1 to be resource, boolean given in /var/www/lockedFileAccess.php on line 204
[04-Aug-2025 19:02:52 Europe/London] Completed issueFiles at: 2025-08-04 19:02:52
[04-Aug-2025 19:02:52 Europe/London] issueFiles took: 0 seconds
[04-Aug-2025 19:02:52 Europe/London] issueFiles result: Array
(
    [typ] => multiple
    [jobs] => Array
        (
            [0] => Array
                (
                    [entry] => -1;E99B28F7-646D-4F39-975C-0292091B2306;1;checksum;/media/Users/yshokrollahi/pathology.jpg;/var/www/uploads/47365203_pathology.jpg;MD5CHECKSUM;EMAIL_PLACE_HOLDER;FINAL_FILENAME_PLACEHOLDER;FINAL_PATH_PLACEHOLDER;;                                                                                                                                                            
                    [id] => -1
                    [guid] => E99B28F7-646D-4F39-975C-0292091B2306
                    [name] => /var/www/uploads/47365203_pathology.jpg
                    [fileId] => /media/Users/yshokrollahi/pathology.jpg
                )

        )

    [fullStatus] => Array
        (
            [id] => 0
            [status] => ok
            [comment] => 
        )

)

[04-Aug-2025 19:02:52 Europe/London] === issueUploadProject.php completed ===
[04-Aug-2025 19:04:41 Europe/London] Successfully added job E99B28F7-646D-4F39-975C-0292091B2306 to customer page for user: yshokrollahi
[04-Aug-2025 18:10:41 UTC] PHP Notice:  A session had already been started - ignoring session_start() in /var/www/auth/session_timeout.php on line 2
[04-Aug-2025 18:10:45 UTC] === issueUploadProject.php started ===
[04-Aug-2025 18:10:45 UTC] POST data: Array
(
    [path] => ["/media/Users/yshokrollahi/pathology.jpg"]
    [isDir] => false
)

[04-Aug-2025 19:10:45 Europe/London] Decoded isDir: 
[04-Aug-2025 19:10:45 Europe/London] Decoded pathToIssue: Array
(
    [0] => /media/Users/yshokrollahi/pathology.jpg
)

[04-Aug-2025 19:10:45 Europe/London] Case: isDir=0, array - calling issueFiles
[04-Aug-2025 19:10:45 Europe/London] Number of files: 1
[04-Aug-2025 19:10:45 Europe/London] File 0: /media/Users/yshokrollahi/pathology.jpg - exists: YES
[04-Aug-2025 19:10:45 Europe/London] Starting issueFiles at: 2025-08-04 19:10:45
[04-Aug-2025 19:10:45 Europe/London] PHP Warning:  fopen(/var/www/jobCounter.log): failed to open stream: No such file or directory in /var/www/lockedFileAccess.php on line 185
[04-Aug-2025 19:10:45 Europe/London] PHP Warning:  flock() expects parameter 1 to be resource, boolean given in /var/www/lockedFileAccess.php on line 189
[04-Aug-2025 19:10:45 Europe/London] PHP Warning:  fclose() expects parameter 1 to be resource, boolean given in /var/www/lockedFileAccess.php on line 204
[04-Aug-2025 19:10:45 Europe/London] Completed issueFiles at: 2025-08-04 19:10:45
[04-Aug-2025 19:10:45 Europe/London] issueFiles took: 0 seconds
[04-Aug-2025 19:10:45 Europe/London] issueFiles result: Array
(
    [typ] => multiple
    [jobs] => Array
        (
            [0] => Array
                (
                    [entry] => -1;5411CB74-60F3-4EBF-B0D1-C606925071C3;1;checksum;/media/Users/yshokrollahi/pathology.jpg;/var/www/uploads/28260947_pathology.jpg;MD5CHECKSUM;EMAIL_PLACE_HOLDER;FINAL_FILENAME_PLACEHOLDER;FINAL_PATH_PLACEHOLDER;;                                                                                                                                                            
                    [id] => -1
                    [guid] => 5411CB74-60F3-4EBF-B0D1-C606925071C3
                    [name] => /var/www/uploads/28260947_pathology.jpg
                    [fileId] => /media/Users/yshokrollahi/pathology.jpg
                )

        )

    [fullStatus] => Array
        (
            [id] => 0
            [status] => ok
            [comment] => 
        )

)

[04-Aug-2025 19:10:45 Europe/London] === issueUploadProject.php completed ===
[04-Aug-2025 19:12:39 Europe/London] Successfully added job 5411CB74-60F3-4EBF-B0D1-C606925071C3 to customer page for user: yshokrollahi
[04-Aug-2025 18:27:51 UTC] PHP Notice:  A session had already been started - ignoring session_start() in /var/www/auth/session_timeout.php on line 2
[04-Aug-2025 18:27:59 UTC] PHP Notice:  A session had already been started - ignoring session_start() in /var/www/auth/session_timeout.php on line 2
[04-Aug-2025 18:28:01 UTC] PHP Notice:  A session had already been started - ignoring session_start() in /var/www/auth/session_timeout.php on line 2
[04-Aug-2025 18:28:07 UTC] PHP Notice:  A session had already been started - ignoring session_start() in /var/www/auth/session_timeout.php on line 2
[04-Aug-2025 18:28:10 UTC] === issueUploadProject.php started ===
[04-Aug-2025 18:28:10 UTC] POST data: Array
(
    [path] => ["/media/Users/yshokrollahi/pathology.jpg"]
    [isDir] => false
)

[04-Aug-2025 19:28:10 Europe/London] Decoded isDir: 
[04-Aug-2025 19:28:10 Europe/London] Decoded pathToIssue: Array
(
    [0] => /media/Users/yshokrollahi/pathology.jpg
)

[04-Aug-2025 19:28:10 Europe/London] Case: isDir=0, array - calling issueFiles
[04-Aug-2025 19:28:10 Europe/London] Number of files: 1
[04-Aug-2025 19:28:10 Europe/London] File 0: /media/Users/yshokrollahi/pathology.jpg - exists: YES
[04-Aug-2025 19:28:10 Europe/London] Starting issueFiles at: 2025-08-04 19:28:10
[04-Aug-2025 19:28:10 Europe/London] PHP Warning:  fopen(/var/www/jobCounter.log): failed to open stream: No such file or directory in /var/www/lockedFileAccess.php on line 185
[04-Aug-2025 19:28:10 Europe/London] PHP Warning:  flock() expects parameter 1 to be resource, boolean given in /var/www/lockedFileAccess.php on line 189
[04-Aug-2025 19:28:10 Europe/London] PHP Warning:  fclose() expects parameter 1 to be resource, boolean given in /var/www/lockedFileAccess.php on line 204
[04-Aug-2025 19:28:10 Europe/London] Completed issueFiles at: 2025-08-04 19:28:10
[04-Aug-2025 19:28:10 Europe/London] issueFiles took: 0 seconds
[04-Aug-2025 19:28:10 Europe/London] issueFiles result: Array
(
    [typ] => multiple
    [jobs] => Array
        (
            [0] => Array
                (
                    [entry] => -1;D9FA6CCB-A575-4F90-B373-019B76E57210;1;checksum;/media/Users/yshokrollahi/pathology.jpg;/var/www/uploads/18829720_pathology.jpg;MD5CHECKSUM;EMAIL_PLACE_HOLDER;FINAL_FILENAME_PLACEHOLDER;FINAL_PATH_PLACEHOLDER;;                                                                                                                                                            
                    [id] => -1
                    [guid] => D9FA6CCB-A575-4F90-B373-019B76E57210
                    [name] => /var/www/uploads/18829720_pathology.jpg
                    [fileId] => /media/Users/yshokrollahi/pathology.jpg
                )

        )

    [fullStatus] => Array
        (
            [id] => 0
            [status] => ok
            [comment] => 
        )

)

[04-Aug-2025 19:28:10 Europe/London] === issueUploadProject.php completed ===
[04-Aug-2025 19:30:08 Europe/London] Successfully added job D9FA6CCB-A575-4F90-B373-019B76E57210 to customer page for user: yshokrollahi
[04-Aug-2025 18:36:48 UTC] PHP Notice:  A session had already been started - ignoring session_start() in /var/www/auth/session_timeout.php on line 2
[04-Aug-2025 18:36:55 UTC] === issueUploadProject.php started ===
[04-Aug-2025 18:36:55 UTC] POST data: Array
(
    [path] => ["/media/Users/yshokrollahi/MOS080_HE.svs"]
    [isDir] => false
)

[04-Aug-2025 19:36:55 Europe/London] Decoded isDir: 
[04-Aug-2025 19:36:55 Europe/London] Decoded pathToIssue: Array
(
    [0] => /media/Users/yshokrollahi/MOS080_HE.svs
)

[04-Aug-2025 19:36:55 Europe/London] Case: isDir=0, array - calling issueFiles
[04-Aug-2025 19:36:55 Europe/London] Number of files: 1
[04-Aug-2025 19:36:55 Europe/London] File 0: /media/Users/yshokrollahi/MOS080_HE.svs - exists: YES
[04-Aug-2025 19:36:55 Europe/London] Starting issueFiles at: 2025-08-04 19:36:55
[04-Aug-2025 19:36:55 Europe/London] PHP Warning:  fopen(/var/www/jobCounter.log): failed to open stream: No such file or directory in /var/www/lockedFileAccess.php on line 185
[04-Aug-2025 19:36:55 Europe/London] PHP Warning:  flock() expects parameter 1 to be resource, boolean given in /var/www/lockedFileAccess.php on line 189
[04-Aug-2025 19:36:55 Europe/London] PHP Warning:  fclose() expects parameter 1 to be resource, boolean given in /var/www/lockedFileAccess.php on line 204
[04-Aug-2025 19:36:55 Europe/London] Completed issueFiles at: 2025-08-04 19:36:55
[04-Aug-2025 19:36:55 Europe/London] issueFiles took: 0 seconds
[04-Aug-2025 19:36:55 Europe/London] issueFiles result: Array
(
    [typ] => multiple
    [jobs] => Array
        (
            [0] => Array
                (
                    [entry] => -1;07B966BA-DE10-4327-9258-F01DADE6D990;1;checksum;/media/Users/yshokrollahi/MOS080_HE.svs;/var/www/uploads/70551756_MOS080_HE.svs;MD5CHECKSUM;EMAIL_PLACE_HOLDER;FINAL_FILENAME_PLACEHOLDER;FINAL_PATH_PLACEHOLDER;;                                                                                                                                                            
                    [id] => -1
                    [guid] => 07B966BA-DE10-4327-9258-F01DADE6D990
                    [name] => /var/www/uploads/70551756_MOS080_HE.svs
                    [fileId] => /media/Users/yshokrollahi/MOS080_HE.svs
                )

        )

    [fullStatus] => Array
        (
            [id] => 0
            [status] => ok
            [comment] => 
        )

)

[04-Aug-2025 19:36:55 Europe/London] === issueUploadProject.php completed ===
[04-Aug-2025 19:39:18 Europe/London] Successfully added job 07B966BA-DE10-4327-9258-F01DADE6D990 to customer page for user: yshokrollahi
[04-Aug-2025 18:47:03 UTC] PHP Notice:  A session had already been started - ignoring session_start() in /var/www/auth/session_timeout.php on line 2
[04-Aug-2025 18:47:08 UTC] === issueUploadProject.php started ===
[04-Aug-2025 18:47:08 UTC] POST data: Array
(
    [path] => ["/media/Users/yshokrollahi/pathology.jpg"]
    [isDir] => false
)

[04-Aug-2025 19:47:08 Europe/London] Decoded isDir: 
[04-Aug-2025 19:47:08 Europe/London] Decoded pathToIssue: Array
(
    [0] => /media/Users/yshokrollahi/pathology.jpg
)

[04-Aug-2025 19:47:08 Europe/London] Case: isDir=0, array - calling issueFiles
[04-Aug-2025 19:47:08 Europe/London] Number of files: 1
[04-Aug-2025 19:47:08 Europe/London] File 0: /media/Users/yshokrollahi/pathology.jpg - exists: YES
[04-Aug-2025 19:47:08 Europe/London] Starting issueFiles at: 2025-08-04 19:47:08
[04-Aug-2025 19:47:08 Europe/London] PHP Warning:  fopen(/var/www/jobCounter.log): failed to open stream: No such file or directory in /var/www/lockedFileAccess.php on line 185
[04-Aug-2025 19:47:08 Europe/London] PHP Warning:  flock() expects parameter 1 to be resource, boolean given in /var/www/lockedFileAccess.php on line 189
[04-Aug-2025 19:47:08 Europe/London] PHP Warning:  fclose() expects parameter 1 to be resource, boolean given in /var/www/lockedFileAccess.php on line 204
[04-Aug-2025 19:47:08 Europe/London] Completed issueFiles at: 2025-08-04 19:47:08
[04-Aug-2025 19:47:08 Europe/London] issueFiles took: 0 seconds
[04-Aug-2025 19:47:08 Europe/London] issueFiles result: Array
(
    [typ] => multiple
    [jobs] => Array
        (
            [0] => Array
                (
                    [entry] => -1;4CACF37F-419D-4DFE-B2DE-7CC07D69A763;1;checksum;/media/Users/yshokrollahi/pathology.jpg;/var/www/uploads/77505021_pathology.jpg;MD5CHECKSUM;EMAIL_PLACE_HOLDER;FINAL_FILENAME_PLACEHOLDER;FINAL_PATH_PLACEHOLDER;;                                                                                                                                                            
                    [id] => -1
                    [guid] => 4CACF37F-419D-4DFE-B2DE-7CC07D69A763
                    [name] => /var/www/uploads/77505021_pathology.jpg
                    [fileId] => /media/Users/yshokrollahi/pathology.jpg
                )

        )

    [fullStatus] => Array
        (
            [id] => 0
            [status] => ok
            [comment] => 
        )

)

[04-Aug-2025 19:47:08 Europe/London] === issueUploadProject.php completed ===
[04-Aug-2025 19:49:06 Europe/London] Successfully added job 4CACF37F-419D-4DFE-B2DE-7CC07D69A763 to customer page for user: yshokrollahi
[04-Aug-2025 18:49:50 UTC] === issueUploadProject.php started ===
[04-Aug-2025 18:49:50 UTC] POST data: Array
(
    [path] => ["/media/Users/yshokrollahi/MOS080_HE.svs"]
    [isDir] => false
)

[04-Aug-2025 19:49:50 Europe/London] Decoded isDir: 
[04-Aug-2025 19:49:50 Europe/London] Decoded pathToIssue: Array
(
    [0] => /media/Users/yshokrollahi/MOS080_HE.svs
)

[04-Aug-2025 19:49:50 Europe/London] Case: isDir=0, array - calling issueFiles
[04-Aug-2025 19:49:50 Europe/London] Number of files: 1
[04-Aug-2025 19:49:50 Europe/London] File 0: /media/Users/yshokrollahi/MOS080_HE.svs - exists: YES
[04-Aug-2025 19:49:50 Europe/London] Starting issueFiles at: 2025-08-04 19:49:50
[04-Aug-2025 19:49:50 Europe/London] PHP Warning:  fopen(/var/www/jobCounter.log): failed to open stream: No such file or directory in /var/www/lockedFileAccess.php on line 185
[04-Aug-2025 19:49:50 Europe/London] PHP Warning:  flock() expects parameter 1 to be resource, boolean given in /var/www/lockedFileAccess.php on line 189
[04-Aug-2025 19:49:50 Europe/London] PHP Warning:  fclose() expects parameter 1 to be resource, boolean given in /var/www/lockedFileAccess.php on line 204
[04-Aug-2025 19:49:50 Europe/London] Completed issueFiles at: 2025-08-04 19:49:50
[04-Aug-2025 19:49:50 Europe/London] issueFiles took: 0 seconds
[04-Aug-2025 19:49:50 Europe/London] issueFiles result: Array
(
    [typ] => multiple
    [jobs] => Array
        (
            [0] => Array
                (
                    [entry] => -1;E577A318-7A30-422E-939E-90479D1D6AED;1;checksum;/media/Users/yshokrollahi/MOS080_HE.svs;/var/www/uploads/99982360_MOS080_HE.svs;MD5CHECKSUM;EMAIL_PLACE_HOLDER;FINAL_FILENAME_PLACEHOLDER;FINAL_PATH_PLACEHOLDER;;                                                                                                                                                            
                    [id] => -1
                    [guid] => E577A318-7A30-422E-939E-90479D1D6AED
                    [name] => /var/www/uploads/99982360_MOS080_HE.svs
                    [fileId] => /media/Users/yshokrollahi/MOS080_HE.svs
                )

        )

    [fullStatus] => Array
        (
            [id] => 0
            [status] => ok
            [comment] => 
        )

)

[04-Aug-2025 19:49:50 Europe/London] === issueUploadProject.php completed ===
[04-Aug-2025 19:52:20 Europe/London] Successfully added job E577A318-7A30-422E-939E-90479D1D6AED to customer page for user: yshokrollahi
[04-Aug-2025 18:52:50 UTC] PHP Notice:  A session had already been started - ignoring session_start() in /var/www/auth/session_timeout.php on line 2
[04-Aug-2025 18:52:53 UTC] === issueUploadProject.php started ===
[04-Aug-2025 18:52:53 UTC] POST data: Array
(
    [path] => ["/media/Users/yshokrollahi/MOS080_HE.svs"]
    [isDir] => false
)

[04-Aug-2025 19:52:53 Europe/London] Decoded isDir: 
[04-Aug-2025 19:52:53 Europe/London] Decoded pathToIssue: Array
(
    [0] => /media/Users/yshokrollahi/MOS080_HE.svs
)

[04-Aug-2025 19:52:53 Europe/London] Case: isDir=0, array - calling issueFiles
[04-Aug-2025 19:52:53 Europe/London] Number of files: 1
[04-Aug-2025 19:52:53 Europe/London] File 0: /media/Users/yshokrollahi/MOS080_HE.svs - exists: YES
[04-Aug-2025 19:52:53 Europe/London] Starting issueFiles at: 2025-08-04 19:52:53
[04-Aug-2025 19:52:53 Europe/London] PHP Warning:  fopen(/var/www/jobCounter.log): failed to open stream: No such file or directory in /var/www/lockedFileAccess.php on line 185
[04-Aug-2025 19:52:53 Europe/London] PHP Warning:  flock() expects parameter 1 to be resource, boolean given in /var/www/lockedFileAccess.php on line 189
[04-Aug-2025 19:52:53 Europe/London] PHP Warning:  fclose() expects parameter 1 to be resource, boolean given in /var/www/lockedFileAccess.php on line 204
[04-Aug-2025 19:52:53 Europe/London] Completed issueFiles at: 2025-08-04 19:52:53
[04-Aug-2025 19:52:53 Europe/London] issueFiles took: 0 seconds
[04-Aug-2025 19:52:53 Europe/London] issueFiles result: Array
(
    [typ] => multiple
    [jobs] => Array
        (
            [0] => Array
                (
                    [entry] => -1;45BB5BED-3EA6-4EAD-8473-73AC22DEE0A7;1;checksum;/media/Users/yshokrollahi/MOS080_HE.svs;/var/www/uploads/86359734_MOS080_HE.svs;MD5CHECKSUM;EMAIL_PLACE_HOLDER;FINAL_FILENAME_PLACEHOLDER;FINAL_PATH_PLACEHOLDER;;                                                                                                                                                            
                    [id] => -1
                    [guid] => 45BB5BED-3EA6-4EAD-8473-73AC22DEE0A7
                    [name] => /var/www/uploads/86359734_MOS080_HE.svs
                    [fileId] => /media/Users/yshokrollahi/MOS080_HE.svs
                )

        )

    [fullStatus] => Array
        (
            [id] => 0
            [status] => ok
            [comment] => 
        )

)

[04-Aug-2025 19:52:53 Europe/London] === issueUploadProject.php completed ===
[04-Aug-2025 19:55:22 Europe/London] Successfully added job 45BB5BED-3EA6-4EAD-8473-73AC22DEE0A7 to customer page for user: yshokrollahi
[04-Aug-2025 18:58:33 UTC] PHP Notice:  A session had already been started - ignoring session_start() in /var/www/auth/session_timeout.php on line 2
[04-Aug-2025 18:58:43 UTC] PHP Notice:  A session had already been started - ignoring session_start() in /var/www/auth/session_timeout.php on line 2
[04-Aug-2025 18:58:59 UTC] === issueUploadProject.php started ===
[04-Aug-2025 18:58:59 UTC] POST data: Array
(
    [path] => ["/media/Users/yshokrollahi/MOS080_HE.svs"]
    [isDir] => false
)

[04-Aug-2025 19:58:59 Europe/London] Decoded isDir: 
[04-Aug-2025 19:58:59 Europe/London] Decoded pathToIssue: Array
(
    [0] => /media/Users/yshokrollahi/MOS080_HE.svs
)

[04-Aug-2025 19:58:59 Europe/London] Case: isDir=0, array - calling issueFiles
[04-Aug-2025 19:58:59 Europe/London] Number of files: 1
[04-Aug-2025 19:58:59 Europe/London] File 0: /media/Users/yshokrollahi/MOS080_HE.svs - exists: YES
[04-Aug-2025 19:58:59 Europe/London] Starting issueFiles at: 2025-08-04 19:58:59
[04-Aug-2025 19:58:59 Europe/London] PHP Warning:  fopen(/var/www/jobCounter.log): failed to open stream: No such file or directory in /var/www/lockedFileAccess.php on line 185
[04-Aug-2025 19:58:59 Europe/London] PHP Warning:  flock() expects parameter 1 to be resource, boolean given in /var/www/lockedFileAccess.php on line 189
[04-Aug-2025 19:58:59 Europe/London] PHP Warning:  fclose() expects parameter 1 to be resource, boolean given in /var/www/lockedFileAccess.php on line 204
[04-Aug-2025 19:58:59 Europe/London] Completed issueFiles at: 2025-08-04 19:58:59
[04-Aug-2025 19:58:59 Europe/London] issueFiles took: 0 seconds
[04-Aug-2025 19:58:59 Europe/London] issueFiles result: Array
(
    [typ] => multiple
    [jobs] => Array
        (
            [0] => Array
                (
                    [entry] => -1;27115AD3-6271-44B0-B31D-707905808A76;1;checksum;/media/Users/yshokrollahi/MOS080_HE.svs;/var/www/uploads/53219711_MOS080_HE.svs;MD5CHECKSUM;EMAIL_PLACE_HOLDER;FINAL_FILENAME_PLACEHOLDER;FINAL_PATH_PLACEHOLDER;;                                                                                                                                                            
                    [id] => -1
                    [guid] => 27115AD3-6271-44B0-B31D-707905808A76
                    [name] => /var/www/uploads/53219711_MOS080_HE.svs
                    [fileId] => /media/Users/yshokrollahi/MOS080_HE.svs
                )

        )

    [fullStatus] => Array
        (
            [id] => 0
            [status] => ok
            [comment] => 
        )

)

[04-Aug-2025 19:58:59 Europe/London] === issueUploadProject.php completed ===
[04-Aug-2025 20:01:19 Europe/London] Successfully added job 27115AD3-6271-44B0-B31D-707905808A76 to customer page for user: yshokrollahi
[04-Aug-2025 19:09:54 UTC] PHP Notice:  A session had already been started - ignoring session_start() in /var/www/auth/session_timeout.php on line 2
[04-Aug-2025 19:10:04 UTC] PHP Notice:  A session had already been started - ignoring session_start() in /var/www/auth/session_timeout.php on line 2
[04-Aug-2025 19:10:10 UTC] === issueUploadProject.php started ===
[04-Aug-2025 19:10:10 UTC] POST data: Array
(
    [path] => ["/media/Users/yshokrollahi/MOS080_HE.svs"]
    [isDir] => false
)

[04-Aug-2025 20:10:10 Europe/London] Decoded isDir: 
[04-Aug-2025 20:10:10 Europe/London] Decoded pathToIssue: Array
(
    [0] => /media/Users/yshokrollahi/MOS080_HE.svs
)

[04-Aug-2025 20:10:10 Europe/London] Case: isDir=0, array - calling issueFiles
[04-Aug-2025 20:10:10 Europe/London] Number of files: 1
[04-Aug-2025 20:10:10 Europe/London] File 0: /media/Users/yshokrollahi/MOS080_HE.svs - exists: YES
[04-Aug-2025 20:10:10 Europe/London] Starting issueFiles at: 2025-08-04 20:10:10
[04-Aug-2025 20:10:10 Europe/London] PHP Warning:  fopen(/var/www/jobCounter.log): failed to open stream: No such file or directory in /var/www/lockedFileAccess.php on line 185
[04-Aug-2025 20:10:10 Europe/London] PHP Warning:  flock() expects parameter 1 to be resource, boolean given in /var/www/lockedFileAccess.php on line 189
[04-Aug-2025 20:10:10 Europe/London] PHP Warning:  fclose() expects parameter 1 to be resource, boolean given in /var/www/lockedFileAccess.php on line 204
[04-Aug-2025 20:10:10 Europe/London] Completed issueFiles at: 2025-08-04 20:10:10
[04-Aug-2025 20:10:10 Europe/London] issueFiles took: 0 seconds
[04-Aug-2025 20:10:10 Europe/London] issueFiles result: Array
(
    [typ] => multiple
    [jobs] => Array
        (
            [0] => Array
                (
                    [entry] => -1;F4814986-F582-477A-AE6D-92CAECB66906;1;checksum;/media/Users/yshokrollahi/MOS080_HE.svs;/var/www/uploads/51039376_MOS080_HE.svs;MD5CHECKSUM;EMAIL_PLACE_HOLDER;FINAL_FILENAME_PLACEHOLDER;FINAL_PATH_PLACEHOLDER;;                                                                                                                                                            
                    [id] => -1
                    [guid] => F4814986-F582-477A-AE6D-92CAECB66906
                    [name] => /var/www/uploads/51039376_MOS080_HE.svs
                    [fileId] => /media/Users/yshokrollahi/MOS080_HE.svs
                )

        )

    [fullStatus] => Array
        (
            [id] => 0
            [status] => ok
            [comment] => 
        )

)

[04-Aug-2025 20:10:10 Europe/London] === issueUploadProject.php completed ===
[04-Aug-2025 20:12:51 Europe/London] Successfully added job F4814986-F582-477A-AE6D-92CAECB66906 to customer page for user: yshokrollahi
[04-Aug-2025 19:20:53 UTC] PHP Notice:  A session had already been started - ignoring session_start() in /var/www/auth/session_timeout.php on line 2
[04-Aug-2025 19:20:59 UTC] PHP Notice:  A session had already been started - ignoring session_start() in /var/www/auth/session_timeout.php on line 2
[04-Aug-2025 19:21:04 UTC] === issueUploadProject.php started ===
[04-Aug-2025 19:21:04 UTC] POST data: Array
(
    [path] => ["/media/Users/yshokrollahi/MOS080_HE.svs"]
    [isDir] => false
)

[04-Aug-2025 20:21:04 Europe/London] Decoded isDir: 
[04-Aug-2025 20:21:04 Europe/London] Decoded pathToIssue: Array
(
    [0] => /media/Users/yshokrollahi/MOS080_HE.svs
)

[04-Aug-2025 20:21:04 Europe/London] Case: isDir=0, array - calling issueFiles
[04-Aug-2025 20:21:04 Europe/London] Number of files: 1
[04-Aug-2025 20:21:04 Europe/London] File 0: /media/Users/yshokrollahi/MOS080_HE.svs - exists: YES
[04-Aug-2025 20:21:04 Europe/London] Starting issueFiles at: 2025-08-04 20:21:04
[04-Aug-2025 20:21:04 Europe/London] PHP Warning:  fopen(/var/www/jobCounter.log): failed to open stream: No such file or directory in /var/www/lockedFileAccess.php on line 185
[04-Aug-2025 20:21:04 Europe/London] PHP Warning:  flock() expects parameter 1 to be resource, boolean given in /var/www/lockedFileAccess.php on line 189
[04-Aug-2025 20:21:04 Europe/London] PHP Warning:  fclose() expects parameter 1 to be resource, boolean given in /var/www/lockedFileAccess.php on line 204
[04-Aug-2025 20:21:04 Europe/London] Completed issueFiles at: 2025-08-04 20:21:04
[04-Aug-2025 20:21:04 Europe/London] issueFiles took: 0 seconds
[04-Aug-2025 20:21:04 Europe/London] issueFiles result: Array
(
    [typ] => multiple
    [jobs] => Array
        (
            [0] => Array
                (
                    [entry] => -1;861D995C-23E6-41FD-B295-4CC3D6B6D8C5;1;checksum;/media/Users/yshokrollahi/MOS080_HE.svs;/var/www/uploads/53336754_MOS080_HE.svs;MD5CHECKSUM;EMAIL_PLACE_HOLDER;FINAL_FILENAME_PLACEHOLDER;FINAL_PATH_PLACEHOLDER;;                                                                                                                                                            
                    [id] => -1
                    [guid] => 861D995C-23E6-41FD-B295-4CC3D6B6D8C5
                    [name] => /var/www/uploads/53336754_MOS080_HE.svs
                    [fileId] => /media/Users/yshokrollahi/MOS080_HE.svs
                )

        )

    [fullStatus] => Array
        (
            [id] => 0
            [status] => ok
            [comment] => 
        )

)

[04-Aug-2025 20:21:04 Europe/London] === issueUploadProject.php completed ===
[04-Aug-2025 20:23:48 Europe/London] Successfully added job 861D995C-23E6-41FD-B295-4CC3D6B6D8C5 to customer page for user: yshokrollahi
[04-Aug-2025 19:39:23 UTC] PHP Notice:  A session had already been started - ignoring session_start() in /var/www/auth/session_timeout.php on line 2
[04-Aug-2025 19:39:36 UTC] PHP Notice:  A session had already been started - ignoring session_start() in /var/www/auth/session_timeout.php on line 2
[04-Aug-2025 19:39:41 UTC] === issueUploadProject.php started ===
[04-Aug-2025 19:39:41 UTC] POST data: Array
(
    [path] => ["/media/Users/yshokrollahi/pathology.jpg"]
    [isDir] => false
)

[04-Aug-2025 20:39:41 Europe/London] Decoded isDir: 
[04-Aug-2025 20:39:41 Europe/London] Decoded pathToIssue: Array
(
    [0] => /media/Users/yshokrollahi/pathology.jpg
)

[04-Aug-2025 20:39:41 Europe/London] Case: isDir=0, array - calling issueFiles
[04-Aug-2025 20:39:41 Europe/London] Number of files: 1
[04-Aug-2025 20:39:41 Europe/London] File 0: /media/Users/yshokrollahi/pathology.jpg - exists: YES
[04-Aug-2025 20:39:41 Europe/London] Starting issueFiles at: 2025-08-04 20:39:41
[04-Aug-2025 20:39:41 Europe/London] PHP Warning:  fopen(/var/www/jobCounter.log): failed to open stream: No such file or directory in /var/www/lockedFileAccess.php on line 185
[04-Aug-2025 20:39:41 Europe/London] PHP Warning:  flock() expects parameter 1 to be resource, boolean given in /var/www/lockedFileAccess.php on line 189
[04-Aug-2025 20:39:41 Europe/London] PHP Warning:  fclose() expects parameter 1 to be resource, boolean given in /var/www/lockedFileAccess.php on line 204
[04-Aug-2025 20:39:41 Europe/London] Completed issueFiles at: 2025-08-04 20:39:41
[04-Aug-2025 20:39:41 Europe/London] issueFiles took: 0 seconds
[04-Aug-2025 20:39:41 Europe/London] issueFiles result: Array
(
    [typ] => multiple
    [jobs] => Array
        (
            [0] => Array
                (
                    [entry] => -1;4CC54323-473B-49C8-9676-FEBC54C3D301;1;checksum;/media/Users/yshokrollahi/pathology.jpg;/var/www/uploads/31908255_pathology.jpg;MD5CHECKSUM;EMAIL_PLACE_HOLDER;FINAL_FILENAME_PLACEHOLDER;FINAL_PATH_PLACEHOLDER;;                                                                                                                                                            
                    [id] => -1
                    [guid] => 4CC54323-473B-49C8-9676-FEBC54C3D301
                    [name] => /var/www/uploads/31908255_pathology.jpg
                    [fileId] => /media/Users/yshokrollahi/pathology.jpg
                )

        )

    [fullStatus] => Array
        (
            [id] => 0
            [status] => ok
            [comment] => 
        )

)

[04-Aug-2025 20:39:41 Europe/London] === issueUploadProject.php completed ===
[04-Aug-2025 20:41:40 Europe/London] Successfully added job 4CC54323-473B-49C8-9676-FEBC54C3D301 to customer page for user: yshokrollahi
[04-Aug-2025 19:42:04 UTC] PHP Notice:  A session had already been started - ignoring session_start() in /var/www/auth/session_timeout.php on line 2
[04-Aug-2025 19:42:19 UTC] PHP Notice:  A session had already been started - ignoring session_start() in /var/www/auth/session_timeout.php on line 2
[04-Aug-2025 19:42:49 UTC] PHP Notice:  A session had already been started - ignoring session_start() in /var/www/auth/session_timeout.php on line 2
[04-Aug-2025 19:49:48 UTC] PHP Notice:  A session had already been started - ignoring session_start() in /var/www/auth/session_timeout.php on line 2
[04-Aug-2025 19:49:58 UTC] PHP Notice:  A session had already been started - ignoring session_start() in /var/www/auth/session_timeout.php on line 2
[04-Aug-2025 19:50:01 UTC] === issueUploadProject.php started ===
[04-Aug-2025 19:50:01 UTC] POST data: Array
(
    [path] => ["/media/Users/yshokrollahi/MOS080_HE.svs"]
    [isDir] => false
)

[04-Aug-2025 20:50:01 Europe/London] Decoded isDir: 
[04-Aug-2025 20:50:01 Europe/London] Decoded pathToIssue: Array
(
    [0] => /media/Users/yshokrollahi/MOS080_HE.svs
)

[04-Aug-2025 20:50:01 Europe/London] Case: isDir=0, array - calling issueFiles
[04-Aug-2025 20:50:01 Europe/London] Number of files: 1
[04-Aug-2025 20:50:01 Europe/London] File 0: /media/Users/yshokrollahi/MOS080_HE.svs - exists: YES
[04-Aug-2025 20:50:01 Europe/London] Starting issueFiles at: 2025-08-04 20:50:01
[04-Aug-2025 20:50:01 Europe/London] PHP Warning:  fopen(/var/www/jobCounter.log): failed to open stream: No such file or directory in /var/www/lockedFileAccess.php on line 185
[04-Aug-2025 20:50:01 Europe/London] PHP Warning:  flock() expects parameter 1 to be resource, boolean given in /var/www/lockedFileAccess.php on line 189
[04-Aug-2025 20:50:01 Europe/London] PHP Warning:  fclose() expects parameter 1 to be resource, boolean given in /var/www/lockedFileAccess.php on line 204
[04-Aug-2025 20:50:01 Europe/London] Completed issueFiles at: 2025-08-04 20:50:01
[04-Aug-2025 20:50:01 Europe/London] issueFiles took: 0 seconds
[04-Aug-2025 20:50:01 Europe/London] issueFiles result: Array
(
    [typ] => multiple
    [jobs] => Array
        (
            [0] => Array
                (
                    [entry] => -1;1D5E9F05-72B4-4E99-A75A-680708D9E876;1;checksum;/media/Users/yshokrollahi/MOS080_HE.svs;/var/www/uploads/52694422_MOS080_HE.svs;MD5CHECKSUM;EMAIL_PLACE_HOLDER;FINAL_FILENAME_PLACEHOLDER;FINAL_PATH_PLACEHOLDER;;                                                                                                                                                            
                    [id] => -1
                    [guid] => 1D5E9F05-72B4-4E99-A75A-680708D9E876
                    [name] => /var/www/uploads/52694422_MOS080_HE.svs
                    [fileId] => /media/Users/yshokrollahi/MOS080_HE.svs
                )

        )

    [fullStatus] => Array
        (
            [id] => 0
            [status] => ok
            [comment] => 
        )

)

[04-Aug-2025 20:50:01 Europe/London] === issueUploadProject.php completed ===
[04-Aug-2025 20:52:21 Europe/London] Successfully added job 1D5E9F05-72B4-4E99-A75A-680708D9E876 to customer page for user: yshokrollahi
[04-Aug-2025 19:58:56 UTC] PHP Notice:  A session had already been started - ignoring session_start() in /var/www/auth/session_timeout.php on line 2
[04-Aug-2025 19:59:04 UTC] PHP Notice:  A session had already been started - ignoring session_start() in /var/www/auth/session_timeout.php on line 2
[04-Aug-2025 19:59:09 UTC] === issueUploadProject.php started ===
[04-Aug-2025 19:59:09 UTC] POST data: Array
(
    [path] => ["/media/Users/yshokrollahi/MOS080_HE.svs"]
    [isDir] => false
)

[04-Aug-2025 20:59:09 Europe/London] Decoded isDir: 
[04-Aug-2025 20:59:09 Europe/London] Decoded pathToIssue: Array
(
    [0] => /media/Users/yshokrollahi/MOS080_HE.svs
)

[04-Aug-2025 20:59:09 Europe/London] Case: isDir=0, array - calling issueFiles
[04-Aug-2025 20:59:09 Europe/London] Number of files: 1
[04-Aug-2025 20:59:09 Europe/London] File 0: /media/Users/yshokrollahi/MOS080_HE.svs - exists: YES
[04-Aug-2025 20:59:09 Europe/London] Starting issueFiles at: 2025-08-04 20:59:09
[04-Aug-2025 20:59:09 Europe/London] PHP Warning:  fopen(/var/www/jobCounter.log): failed to open stream: No such file or directory in /var/www/lockedFileAccess.php on line 185
[04-Aug-2025 20:59:09 Europe/London] PHP Warning:  flock() expects parameter 1 to be resource, boolean given in /var/www/lockedFileAccess.php on line 189
[04-Aug-2025 20:59:09 Europe/London] PHP Warning:  fclose() expects parameter 1 to be resource, boolean given in /var/www/lockedFileAccess.php on line 204
[04-Aug-2025 20:59:09 Europe/London] Completed issueFiles at: 2025-08-04 20:59:09
[04-Aug-2025 20:59:09 Europe/London] issueFiles took: 0 seconds
[04-Aug-2025 20:59:09 Europe/London] issueFiles result: Array
(
    [typ] => multiple
    [jobs] => Array
        (
            [0] => Array
                (
                    [entry] => -1;653D3FF1-08FF-4119-B055-7C8D8F0C3D86;1;checksum;/media/Users/yshokrollahi/MOS080_HE.svs;/var/www/uploads/70775794_MOS080_HE.svs;MD5CHECKSUM;EMAIL_PLACE_HOLDER;FINAL_FILENAME_PLACEHOLDER;FINAL_PATH_PLACEHOLDER;;                                                                                                                                                            
                    [id] => -1
                    [guid] => 653D3FF1-08FF-4119-B055-7C8D8F0C3D86
                    [name] => /var/www/uploads/70775794_MOS080_HE.svs
                    [fileId] => /media/Users/yshokrollahi/MOS080_HE.svs
                )

        )

    [fullStatus] => Array
        (
            [id] => 0
            [status] => ok
            [comment] => 
        )

)

[04-Aug-2025 20:59:09 Europe/London] === issueUploadProject.php completed ===
[04-Aug-2025 21:01:48 Europe/London] Successfully added job 653D3FF1-08FF-4119-B055-7C8D8F0C3D86 to customer page for user: yshokrollahi
[04-Aug-2025 20:17:04 UTC] PHP Notice:  A session had already been started - ignoring session_start() in /var/www/auth/session_timeout.php on line 2
[04-Aug-2025 20:17:14 UTC] PHP Notice:  A session had already been started - ignoring session_start() in /var/www/auth/session_timeout.php on line 2
[04-Aug-2025 20:17:20 UTC] === issueUploadProject.php started ===
[04-Aug-2025 20:17:20 UTC] POST data: Array
(
    [path] => ["/media/Users/yshokrollahi/MOS080_HE.svs"]
    [isDir] => false
)

[04-Aug-2025 21:17:20 Europe/London] Decoded isDir: 
[04-Aug-2025 21:17:20 Europe/London] Decoded pathToIssue: Array
(
    [0] => /media/Users/yshokrollahi/MOS080_HE.svs
)

[04-Aug-2025 21:17:20 Europe/London] Case: isDir=0, array - calling issueFiles
[04-Aug-2025 21:17:20 Europe/London] Number of files: 1
[04-Aug-2025 21:17:20 Europe/London] File 0: /media/Users/yshokrollahi/MOS080_HE.svs - exists: YES
[04-Aug-2025 21:17:20 Europe/London] Starting issueFiles at: 2025-08-04 21:17:20
[04-Aug-2025 21:17:20 Europe/London] PHP Warning:  fopen(/var/www/jobCounter.log): failed to open stream: No such file or directory in /var/www/lockedFileAccess.php on line 185
[04-Aug-2025 21:17:20 Europe/London] PHP Warning:  flock() expects parameter 1 to be resource, boolean given in /var/www/lockedFileAccess.php on line 189
[04-Aug-2025 21:17:20 Europe/London] PHP Warning:  fclose() expects parameter 1 to be resource, boolean given in /var/www/lockedFileAccess.php on line 204
[04-Aug-2025 21:17:20 Europe/London] Completed issueFiles at: 2025-08-04 21:17:20
[04-Aug-2025 21:17:20 Europe/London] issueFiles took: 0 seconds
[04-Aug-2025 21:17:20 Europe/London] issueFiles result: Array
(
    [typ] => multiple
    [jobs] => Array
        (
            [0] => Array
                (
                    [entry] => -1;E730C95C-05B2-4013-86CF-C3AD96886E8A;1;checksum;/media/Users/yshokrollahi/MOS080_HE.svs;/var/www/uploads/26309551_MOS080_HE.svs;MD5CHECKSUM;EMAIL_PLACE_HOLDER;FINAL_FILENAME_PLACEHOLDER;FINAL_PATH_PLACEHOLDER;;                                                                                                                                                            
                    [id] => -1
                    [guid] => E730C95C-05B2-4013-86CF-C3AD96886E8A
                    [name] => /var/www/uploads/26309551_MOS080_HE.svs
                    [fileId] => /media/Users/yshokrollahi/MOS080_HE.svs
                )

        )

    [fullStatus] => Array
        (
            [id] => 0
            [status] => ok
            [comment] => 
        )

)

[04-Aug-2025 21:17:20 Europe/London] === issueUploadProject.php completed ===
[04-Aug-2025 21:19:49 Europe/London] Successfully added job E730C95C-05B2-4013-86CF-C3AD96886E8A to customer page for user: yshokrollahi
[04-Aug-2025 20:28:53 UTC] PHP Notice:  A session had already been started - ignoring session_start() in /var/www/auth/session_timeout.php on line 2
[04-Aug-2025 20:29:00 UTC] === issueUploadProject.php started ===
[04-Aug-2025 20:29:00 UTC] POST data: Array
(
    [path] => ["/media/Users/yshokrollahi/pathology.jpg"]
    [isDir] => false
)

[04-Aug-2025 21:29:00 Europe/London] Decoded isDir: 
[04-Aug-2025 21:29:00 Europe/London] Decoded pathToIssue: Array
(
    [0] => /media/Users/yshokrollahi/pathology.jpg
)

[04-Aug-2025 21:29:00 Europe/London] Case: isDir=0, array - calling issueFiles
[04-Aug-2025 21:29:00 Europe/London] Number of files: 1
[04-Aug-2025 21:29:00 Europe/London] File 0: /media/Users/yshokrollahi/pathology.jpg - exists: YES
[04-Aug-2025 21:29:00 Europe/London] Starting issueFiles at: 2025-08-04 21:29:00
[04-Aug-2025 21:29:00 Europe/London] PHP Warning:  fopen(/var/www/jobCounter.log): failed to open stream: No such file or directory in /var/www/lockedFileAccess.php on line 185
[04-Aug-2025 21:29:00 Europe/London] PHP Warning:  flock() expects parameter 1 to be resource, boolean given in /var/www/lockedFileAccess.php on line 189
[04-Aug-2025 21:29:00 Europe/London] PHP Warning:  fclose() expects parameter 1 to be resource, boolean given in /var/www/lockedFileAccess.php on line 204
[04-Aug-2025 21:29:00 Europe/London] Completed issueFiles at: 2025-08-04 21:29:00
[04-Aug-2025 21:29:00 Europe/London] issueFiles took: 0 seconds
[04-Aug-2025 21:29:00 Europe/London] issueFiles result: Array
(
    [typ] => multiple
    [jobs] => Array
        (
            [0] => Array
                (
                    [entry] => -1;E9C96679-D57C-4EBF-B9B8-1E61F29A8EED;1;checksum;/media/Users/yshokrollahi/pathology.jpg;/var/www/uploads/55429789_pathology.jpg;MD5CHECKSUM;EMAIL_PLACE_HOLDER;FINAL_FILENAME_PLACEHOLDER;FINAL_PATH_PLACEHOLDER;;                                                                                                                                                            
                    [id] => -1
                    [guid] => E9C96679-D57C-4EBF-B9B8-1E61F29A8EED
                    [name] => /var/www/uploads/55429789_pathology.jpg
                    [fileId] => /media/Users/yshokrollahi/pathology.jpg
                )

        )

    [fullStatus] => Array
        (
            [id] => 0
            [status] => ok
            [comment] => 
        )

)

[04-Aug-2025 21:29:00 Europe/London] === issueUploadProject.php completed ===
[04-Aug-2025 21:30:38 Europe/London] Successfully added job E9C96679-D57C-4EBF-B9B8-1E61F29A8EED to customer page for user: yshokrollahi
[04-Aug-2025 20:36:46 UTC] PHP Notice:  A session had already been started - ignoring session_start() in /var/www/auth/session_timeout.php on line 2
[04-Aug-2025 20:36:52 UTC] PHP Notice:  A session had already been started - ignoring session_start() in /var/www/auth/session_timeout.php on line 2
[04-Aug-2025 20:36:56 UTC] PHP Notice:  A session had already been started - ignoring session_start() in /var/www/auth/session_timeout.php on line 2
[04-Aug-2025 20:37:01 UTC] === issueUploadProject.php started ===
[04-Aug-2025 20:37:01 UTC] POST data: Array
(
    [path] => ["/media/Users/yshokrollahi/MOS080_HE.svs"]
    [isDir] => false
)

[04-Aug-2025 21:37:01 Europe/London] Decoded isDir: 
[04-Aug-2025 21:37:01 Europe/London] Decoded pathToIssue: Array
(
    [0] => /media/Users/yshokrollahi/MOS080_HE.svs
)

[04-Aug-2025 21:37:01 Europe/London] Case: isDir=0, array - calling issueFiles
[04-Aug-2025 21:37:01 Europe/London] Number of files: 1
[04-Aug-2025 21:37:01 Europe/London] File 0: /media/Users/yshokrollahi/MOS080_HE.svs - exists: YES
[04-Aug-2025 21:37:01 Europe/London] Starting issueFiles at: 2025-08-04 21:37:01
[04-Aug-2025 21:37:01 Europe/London] PHP Warning:  fopen(/var/www/jobCounter.log): failed to open stream: No such file or directory in /var/www/lockedFileAccess.php on line 185
[04-Aug-2025 21:37:01 Europe/London] PHP Warning:  flock() expects parameter 1 to be resource, boolean given in /var/www/lockedFileAccess.php on line 189
[04-Aug-2025 21:37:01 Europe/London] PHP Warning:  fclose() expects parameter 1 to be resource, boolean given in /var/www/lockedFileAccess.php on line 204
[04-Aug-2025 21:37:01 Europe/London] Completed issueFiles at: 2025-08-04 21:37:01
[04-Aug-2025 21:37:01 Europe/London] issueFiles took: 0 seconds
[04-Aug-2025 21:37:01 Europe/London] issueFiles result: Array
(
    [typ] => multiple
    [jobs] => Array
        (
            [0] => Array
                (
                    [entry] => -1;EE84CBB4-C77D-47AA-A013-8C4B06E9ABEC;1;checksum;/media/Users/yshokrollahi/MOS080_HE.svs;/var/www/uploads/51527418_MOS080_HE.svs;MD5CHECKSUM;EMAIL_PLACE_HOLDER;FINAL_FILENAME_PLACEHOLDER;FINAL_PATH_PLACEHOLDER;;                                                                                                                                                            
                    [id] => -1
                    [guid] => EE84CBB4-C77D-47AA-A013-8C4B06E9ABEC
                    [name] => /var/www/uploads/51527418_MOS080_HE.svs
                    [fileId] => /media/Users/yshokrollahi/MOS080_HE.svs
                )

        )

    [fullStatus] => Array
        (
            [id] => 0
            [status] => ok
            [comment] => 
        )

)

[04-Aug-2025 21:37:01 Europe/London] === issueUploadProject.php completed ===
[04-Aug-2025 21:39:50 Europe/London] Successfully added job EE84CBB4-C77D-47AA-A013-8C4B06E9ABEC to customer page for user: yshokrollahi
[04-Aug-2025 20:48:23 UTC] PHP Notice:  A session had already been started - ignoring session_start() in /var/www/auth/session_timeout.php on line 2
[04-Aug-2025 20:51:18 UTC] PHP Notice:  A session had already been started - ignoring session_start() in /var/www/auth/session_timeout.php on line 2
