[2025-08-04 17:04:02] 0984B414-B726-4EE1-9F88-9C1F4FFF97A6 changes from [;2;uploading;] to [;6;readyToBeRemoved;]
[2025-08-04 17:04:02] [JOB]: File and/or drive was removed [/media/Users/yshokrollahi/Screenshot_2025-06-02_at_11.52.49___AM.png] [0984B414-B726-4EE1-9F88-9C1F4FFF97A6]
[2025-08-04 17:04:02] [EXECUTE] [DEBUG] php /var/www/doChecksum.php '/media/Users/yshokrollahi/nuclei_wsi_segmentation.jpg' 645720CE-CFFF-401C-AD00-2400B0DDA940
[2025-08-04 17:04:02]  Changed from [;645720CE-CFFF-401C-AD00-2400B0DDA940;1;checksum;] to [;645720CE-CFFF-401C-AD00-2400B0DDA940;1;pending;]
[2025-08-04 17:04:03] [EXECUTE] [OUTPUT] []
[2025-08-04 17:04:03] [EXECUTE] [RESULT] 0
[2025-08-04 17:04:32] 645720CE-CFFF-401C-AD00-2400B0DDA940 changes from [;1;pending;] to [;2;upload;]
[2025-08-04 17:04:32] [EXECUTE] [DEBUG] php /var/www/uploadProject.php '/media/Users/yshokrollahi/nuclei_wsi_segmentation.jpg' '/var/www/uploads/93382483_nuclei_wsi_segmentation.jpg' '645720CE-CFFF-401C-AD00-2400B0DDA940' '9612a48b4ab457b465d5abc7bd391401'
[2025-08-04 17:04:32] 645720CE-CFFF-401C-AD00-2400B0DDA940 changes from [2;upload] to [2;uploading]
[2025-08-04 17:04:33] 645720CE-CFFF-401C-AD00-2400B0DDA940 changes from [2;uploading] to [2;uploaded]
[2025-08-04 17:04:33] [EXECUTE] [OUTPUT] []
[2025-08-04 17:04:33] [EXECUTE] [RESULT] 0
[2025-08-04 17:04:33] Last job file status: [Array]
[2025-08-04 17:04:33] [JOB]: Removed Array
(
    [id] => 0
    [status] => ok
    [comment] => 
    [bytesWritten] => 2359
    [deletedData] => 0984B414-B726-4EE1-9F88-9C1F4FFF97A6
)

[2025-08-04 17:05:02] 645720CE-CFFF-401C-AD00-2400B0DDA940 changes from [;2;uploaded;] to [;4;inQueue;]
[2025-08-04 17:05:32] [EXECUTE] [DEBUG] php /var/www/issueDoPolyzoom.php '/var/www/uploads/93382483_nuclei_wsi_segmentation.jpg' 645720CE-CFFF-401C-AD00-2400B0DDA940 /var/www/jobs/jobs.log
[2025-08-04 17:05:47] [EXECUTE] [OUTPUT] []
[2025-08-04 17:05:47] [EXECUTE] [RESULT] 0
[2025-08-04 17:05:50] [EXECUTE] [SYNC] cat /var/www/polyzoomer/Path000080_202508041705/page/indexes
[2025-08-04 17:05:50] [EXECUTE] [OUTPUT] [".\/UNKNOWNPAT0001\/index.html"]
[2025-08-04 17:05:50] [EXECUTE] [RESULT] 0
[2025-08-04 17:05:50] [EXECUTE] [SYNC] ln -s "/var/www/polyzoomer/Path000080_202508041705" "/var/www/customers/yshokrollahi-mdanderson-org/"
[2025-08-04 17:05:50] [EXECUTE] [OUTPUT] []
[2025-08-04 17:05:50] [EXECUTE] [RESULT] 0
[2025-08-04 17:05:50] [yshokrollahi-mdanderson-org]: Uploadfolder does not exist! [///new///]
[2025-08-04 17:05:52] [SAMPLE]: yshokrollahi@mdanderson.edu <= Your Polyzoomer analysis is ready.
Please find your results under the following link.
/customers/yshokrollahi-mdanderson-org/Path000080_202508041705/page/./UNKNOWNPAT0001/index.html
[2025-08-04 17:07:31] [EXECUTE] [DEBUG] php /var/www/doChecksum.php '/media/Users/yshokrollahi/nuclei_wsi_segmentation.jpg' 5309A521-6185-4ECF-932C-98AB20315223
[2025-08-04 17:07:32]  Changed from [;5309A521-6185-4ECF-932C-98AB20315223;1;checksum;] to [;5309A521-6185-4ECF-932C-98AB20315223;1;pending;]
[2025-08-04 17:07:32] [EXECUTE] [OUTPUT] []
[2025-08-04 17:07:32] [EXECUTE] [RESULT] 0
[2025-08-04 17:08:02] 5309A521-6185-4ECF-932C-98AB20315223 changes from [;1;pending;] to [;2;upload;]
[2025-08-04 17:08:02] [EXECUTE] [DEBUG] php /var/www/uploadProject.php '/media/Users/yshokrollahi/nuclei_wsi_segmentation.jpg' '/var/www/uploads/71644563_nuclei_wsi_segmentation.jpg' '5309A521-6185-4ECF-932C-98AB20315223' '9612a48b4ab457b465d5abc7bd391401'
[2025-08-04 17:08:02] 5309A521-6185-4ECF-932C-98AB20315223 changes from [2;upload] to [2;uploading]
[2025-08-04 17:08:03] 5309A521-6185-4ECF-932C-98AB20315223 changes from [2;uploading] to [2;uploaded]
[2025-08-04 17:08:03] [EXECUTE] [OUTPUT] []
[2025-08-04 17:08:03] [EXECUTE] [RESULT] 0
[2025-08-04 17:08:32] 5309A521-6185-4ECF-932C-98AB20315223 changes from [;2;uploaded;] to [;4;inQueue;]
[2025-08-04 17:09:01] [EXECUTE] [DEBUG] php /var/www/issueDoPolyzoom.php '/var/www/uploads/71644563_nuclei_wsi_segmentation.jpg' 5309A521-6185-4ECF-932C-98AB20315223 /var/www/jobs/jobs.log
[2025-08-04 17:09:15] [EXECUTE] [OUTPUT] []
[2025-08-04 17:09:15] [EXECUTE] [RESULT] 0
[2025-08-04 17:09:17] [EXECUTE] [SYNC] cat /var/www/polyzoomer/Path000081_202508041709/page/indexes
[2025-08-04 17:09:17] [EXECUTE] [OUTPUT] [".\/UNKNOWNPAT0001\/index.html"]
[2025-08-04 17:09:17] [EXECUTE] [RESULT] 0
[2025-08-04 17:09:17] [EXECUTE] [SYNC] ln -s "/var/www/polyzoomer/Path000081_202508041709" "/var/www/customers/yshokrollahi-mdanderson-org/"
[2025-08-04 17:09:17] [EXECUTE] [OUTPUT] []
[2025-08-04 17:09:17] [EXECUTE] [RESULT] 0
[2025-08-04 17:09:17] [yshokrollahi-mdanderson-org]: Uploadfolder does not exist! [///new///]
[2025-08-04 17:09:19] [SAMPLE]: yshokrollahi@mdanderson.edu <= Your Polyzoomer analysis is ready.
Please find your results under the following link.
/customers/yshokrollahi-mdanderson-org/Path000081_202508041709/page/./UNKNOWNPAT0001/index.html
[2025-08-04 17:11:02] [EXECUTE] [DEBUG] php /var/www/doChecksum.php '/media/Users/yshokrollahi/nuclei_wsi_segmentation.jpg' 29DEDA9E-C809-448D-9CFE-5F8E81D8D913
[2025-08-04 17:11:02]  Changed from [;29DEDA9E-C809-448D-9CFE-5F8E81D8D913;1;checksum;] to [;29DEDA9E-C809-448D-9CFE-5F8E81D8D913;1;pending;]
[2025-08-04 17:11:02] [EXECUTE] [OUTPUT] []
[2025-08-04 17:11:02] [EXECUTE] [RESULT] 0
[2025-08-04 17:11:32] 29DEDA9E-C809-448D-9CFE-5F8E81D8D913 changes from [;1;pending;] to [;2;upload;]
[2025-08-04 17:11:32] [EXECUTE] [DEBUG] php /var/www/uploadProject.php '/media/Users/yshokrollahi/nuclei_wsi_segmentation.jpg' '/var/www/uploads/70845540_nuclei_wsi_segmentation.jpg' '29DEDA9E-C809-448D-9CFE-5F8E81D8D913' '9612a48b4ab457b465d5abc7bd391401'
[2025-08-04 17:11:33] 29DEDA9E-C809-448D-9CFE-5F8E81D8D913 changes from [2;upload] to [2;uploading]
[2025-08-04 17:11:33] 29DEDA9E-C809-448D-9CFE-5F8E81D8D913 changes from [2;uploading] to [2;uploaded]
[2025-08-04 17:11:33] [EXECUTE] [OUTPUT] []
[2025-08-04 17:11:33] [EXECUTE] [RESULT] 0
[2025-08-04 17:12:02] 29DEDA9E-C809-448D-9CFE-5F8E81D8D913 changes from [;2;uploaded;] to [;4;inQueue;]
[2025-08-04 17:12:32] [EXECUTE] [DEBUG] php /var/www/issueDoPolyzoom.php '/var/www/uploads/70845540_nuclei_wsi_segmentation.jpg' 29DEDA9E-C809-448D-9CFE-5F8E81D8D913 /var/www/jobs/jobs.log
[2025-08-04 17:12:46] [EXECUTE] [OUTPUT] []
[2025-08-04 17:12:46] [EXECUTE] [RESULT] 0
[2025-08-04 17:12:47] [EXECUTE] [SYNC] cat /var/www/polyzoomer/Path000082_202508041712/page/indexes
[2025-08-04 17:12:47] [EXECUTE] [OUTPUT] [".\/UNKNOWNPAT0001\/index.html"]
[2025-08-04 17:12:47] [EXECUTE] [RESULT] 0
[2025-08-04 17:12:47] [EXECUTE] [SYNC] ln -s "/var/www/polyzoomer/Path000082_202508041712" "/var/www/customers/yshokrollahi-mdanderson-org/"
[2025-08-04 17:12:47] [EXECUTE] [OUTPUT] []
[2025-08-04 17:12:47] [EXECUTE] [RESULT] 0
[2025-08-04 17:12:48] [yshokrollahi-mdanderson-org]: Uploadfolder does not exist! [///new///]
[2025-08-04 17:12:52] [EXECUTE] [SYNC] cat /var/www/polyzoomer/Path000082_202508041712/page/indexes
[2025-08-04 17:12:52] [EXECUTE] [OUTPUT] [".\/UNKNOWNPAT0001\/index.html"]
[2025-08-04 17:12:52] [EXECUTE] [RESULT] 0
[2025-08-04 17:12:52] [WARNING] Path already exists [/var/www/customers/yshokrollahi-mdanderson-org//Path000082_202508041712]
[2025-08-04 17:12:52] [yshokrollahi-mdanderson-org]: Uploadfolder does not exist! [///new///]
[2025-08-04 17:12:54] [SAMPLE]: yshokrollahi@mdanderson.edu <= Your Polyzoomer analysis is ready.
Please find your results under the following link.
/customers/yshokrollahi-mdanderson-org/Path000082_202508041712/page/./UNKNOWNPAT0001/index.html
[2025-08-04 17:12:55] [SAMPLE]: yshokrollahi@mdanderson.edu <= Your Polyzoomer analysis is ready.
Please find your results under the following link.
/customers/yshokrollahi-mdanderson-org/Path000082_202508041712/page/./UNKNOWNPAT0001/index.html
[2025-08-04 18:37:31] [EXECUTE] [DEBUG] php /var/www/doChecksum.php '/media/Users/yshokrollahi/MOS080_HE.svs' 896410B3-87AC-4E0C-96DE-9F7D475ACF83
[2025-08-04 18:37:32]  Changed from [;896410B3-87AC-4E0C-96DE-9F7D475ACF83;1;checksum;] to [;896410B3-87AC-4E0C-96DE-9F7D475ACF83;1;pending;]
[2025-08-04 18:37:32] [EXECUTE] [OUTPUT] []
[2025-08-04 18:37:32] [EXECUTE] [RESULT] 0
[2025-08-04 18:38:01] 896410B3-87AC-4E0C-96DE-9F7D475ACF83 changes from [;1;pending;] to [;2;upload;]
[2025-08-04 18:38:01] [EXECUTE] [DEBUG] php /var/www/uploadProject.php '/media/Users/yshokrollahi/MOS080_HE.svs' '/var/www/uploads/73397045_MOS080_HE.svs' '896410B3-87AC-4E0C-96DE-9F7D475ACF83' '9d084fe4cc85d50361e29cc8bdc60684'
[2025-08-04 18:38:02] 896410B3-87AC-4E0C-96DE-9F7D475ACF83 changes from [2;upload] to [2;uploading]
[2025-08-04 18:38:03] 896410B3-87AC-4E0C-96DE-9F7D475ACF83 changes from [2;uploading] to [2;uploaded]
[2025-08-04 18:38:03] [EXECUTE] [OUTPUT] []
[2025-08-04 18:38:03] [EXECUTE] [RESULT] 0
[2025-08-04 18:38:31] 896410B3-87AC-4E0C-96DE-9F7D475ACF83 changes from [;2;uploaded;] to [;4;inQueue;]
[2025-08-04 18:39:01] [EXECUTE] [DEBUG] php /var/www/issueDoPolyzoom.php '/var/www/uploads/73397045_MOS080_HE.svs' 896410B3-87AC-4E0C-96DE-9F7D475ACF83 /var/www/jobs/jobs.log
[2025-08-04 18:39:45] [EXECUTE] [OUTPUT] []
[2025-08-04 18:39:45] [EXECUTE] [RESULT] 0
[2025-08-04 18:39:45] [EXECUTE] [SYNC] cat /var/www/polyzoomer/Path000083_202508041839/page/indexes
[2025-08-04 18:39:45] [EXECUTE] [OUTPUT] [".\/MOS080\/index.html"]
[2025-08-04 18:39:45] [EXECUTE] [RESULT] 0
[2025-08-04 18:39:45] [EXECUTE] [SYNC] ln -s "/var/www/polyzoomer/Path000083_202508041839" "/var/www/customers/yshokrollahi-mdanderson-org/"
[2025-08-04 18:39:45] [EXECUTE] [OUTPUT] []
[2025-08-04 18:39:45] [EXECUTE] [RESULT] 0
[2025-08-04 18:39:45] [yshokrollahi-mdanderson-org]: Uploadfolder does not exist! [///new///]
[2025-08-04 18:39:46] [EXECUTE] [SYNC] cat /var/www/polyzoomer/Path000083_202508041839/page/indexes
[2025-08-04 18:39:46] [EXECUTE] [OUTPUT] [".\/MOS080\/index.html"]
[2025-08-04 18:39:46] [EXECUTE] [RESULT] 0
[2025-08-04 18:39:46] [WARNING] Path already exists [/var/www/customers/yshokrollahi-mdanderson-org//Path000083_202508041839]
[2025-08-04 18:39:46] [yshokrollahi-mdanderson-org]: Uploadfolder does not exist! [///new///]
[2025-08-04 18:39:47] [SAMPLE]: yshokrollahi@mdanderson.edu <= Your Polyzoomer analysis is ready.
Please find your results under the following link.
/customers/yshokrollahi-mdanderson-org/Path000083_202508041839/page/./MOS080/index.html
[2025-08-04 18:39:48] [SAMPLE]: yshokrollahi@mdanderson.edu <= Your Polyzoomer analysis is ready.
Please find your results under the following link.
/customers/yshokrollahi-mdanderson-org/Path000083_202508041839/page/./MOS080/index.html
[2025-08-04 18:49:32] [EXECUTE] [DEBUG] php /var/www/doChecksum.php '/media/Users/yshokrollahi/MOS080_HE.svs' 64989C95-F5AA-4059-8CBB-F57225955E55
[2025-08-04 18:49:33]  Changed from [;64989C95-F5AA-4059-8CBB-F57225955E55;1;checksum;] to [;64989C95-F5AA-4059-8CBB-F57225955E55;1;pending;]
[2025-08-04 18:49:33] [EXECUTE] [OUTPUT] []
[2025-08-04 18:49:33] [EXECUTE] [RESULT] 0
[2025-08-04 18:50:02] 64989C95-F5AA-4059-8CBB-F57225955E55 changes from [;1;pending;] to [;2;upload;]
[2025-08-04 18:50:02] [EXECUTE] [DEBUG] php /var/www/uploadProject.php '/media/Users/yshokrollahi/MOS080_HE.svs' '/var/www/uploads/63464037_MOS080_HE.svs' '64989C95-F5AA-4059-8CBB-F57225955E55' '9d084fe4cc85d50361e29cc8bdc60684'
[2025-08-04 18:50:03] 64989C95-F5AA-4059-8CBB-F57225955E55 changes from [2;upload] to [2;uploading]
[2025-08-04 18:50:04] 64989C95-F5AA-4059-8CBB-F57225955E55 changes from [2;uploading] to [2;uploaded]
[2025-08-04 18:50:04] [EXECUTE] [OUTPUT] []
[2025-08-04 18:50:05] [EXECUTE] [RESULT] 0
[2025-08-04 18:50:32] 64989C95-F5AA-4059-8CBB-F57225955E55 changes from [;2;uploaded;] to [;4;inQueue;]
[2025-08-04 18:51:03] [EXECUTE] [DEBUG] php /var/www/issueDoPolyzoom.php '/var/www/uploads/63464037_MOS080_HE.svs' 64989C95-F5AA-4059-8CBB-F57225955E55 /var/www/jobs/jobs.log
[2025-08-04 18:51:45] [EXECUTE] [OUTPUT] []
[2025-08-04 18:51:45] [EXECUTE] [RESULT] 0
[2025-08-04 18:51:47] [EXECUTE] [SYNC] cat /var/www/polyzoomer/Path000084_202508041851/page/indexes
[2025-08-04 18:51:47] [EXECUTE] [OUTPUT] [".\/MOS080\/index.html"]
[2025-08-04 18:51:47] [EXECUTE] [RESULT] 0
[2025-08-04 18:51:48] [EXECUTE] [SYNC] ln -s "/var/www/polyzoomer/Path000084_202508041851" "/var/www/customers/yshokrollahi-mdanderson-org/"
[2025-08-04 18:51:48] [EXECUTE] [OUTPUT] []
[2025-08-04 18:51:48] [EXECUTE] [RESULT] 0
[2025-08-04 18:51:48] [yshokrollahi-mdanderson-org]: Uploadfolder does not exist! [///new///]
[2025-08-04 18:51:51] [SAMPLE]: yshokrollahi@mdanderson.edu <= Your Polyzoomer analysis is ready.
Please find your results under the following link.
/customers/yshokrollahi-mdanderson-org/Path000084_202508041851/page/./MOS080/index.html
[2025-08-04 18:59:01] [EXECUTE] [DEBUG] php /var/www/doChecksum.php '/media/Users/yshokrollahi/MOS080_HE.svs' 4AF87573-84FA-47AA-8C8F-C3F2D0E0A98E
[2025-08-04 18:59:02]  Changed from [;4AF87573-84FA-47AA-8C8F-C3F2D0E0A98E;1;checksum;] to [;4AF87573-84FA-47AA-8C8F-C3F2D0E0A98E;1;pending;]
[2025-08-04 18:59:02] [EXECUTE] [OUTPUT] []
[2025-08-04 18:59:02] [EXECUTE] [RESULT] 0
[2025-08-04 18:59:31] 4AF87573-84FA-47AA-8C8F-C3F2D0E0A98E changes from [;1;pending;] to [;2;upload;]
[2025-08-04 18:59:32] [EXECUTE] [DEBUG] php /var/www/uploadProject.php '/media/Users/yshokrollahi/MOS080_HE.svs' '/var/www/uploads/12034802_MOS080_HE.svs' '4AF87573-84FA-47AA-8C8F-C3F2D0E0A98E' '9d084fe4cc85d50361e29cc8bdc60684'
[2025-08-04 18:59:32] 4AF87573-84FA-47AA-8C8F-C3F2D0E0A98E changes from [2;upload] to [2;uploading]
[2025-08-04 18:59:33] 4AF87573-84FA-47AA-8C8F-C3F2D0E0A98E changes from [2;uploading] to [2;uploaded]
[2025-08-04 18:59:33] [EXECUTE] [OUTPUT] []
[2025-08-04 18:59:33] [EXECUTE] [RESULT] 0
[2025-08-04 19:00:02] 4AF87573-84FA-47AA-8C8F-C3F2D0E0A98E changes from [;2;uploaded;] to [;4;inQueue;]
[2025-08-04 19:00:32] [EXECUTE] [DEBUG] php /var/www/issueDoPolyzoom.php '/var/www/uploads/12034802_MOS080_HE.svs' 4AF87573-84FA-47AA-8C8F-C3F2D0E0A98E /var/www/jobs/jobs.log
[2025-08-04 19:01:16] [EXECUTE] [OUTPUT] []
[2025-08-04 19:01:16] [EXECUTE] [RESULT] 0
[2025-08-04 19:01:19] [EXECUTE] [SYNC] cat /var/www/polyzoomer/Path000085_202508041900/page/indexes
[2025-08-04 19:01:19] [EXECUTE] [OUTPUT] [".\/MOS080\/index.html"]
[2025-08-04 19:01:19] [EXECUTE] [RESULT] 0
[2025-08-04 19:01:19] [EXECUTE] [SYNC] ln -s "/var/www/polyzoomer/Path000085_202508041900" "/var/www/customers/yshokrollahi-mdanderson-org/"
[2025-08-04 19:01:19] [EXECUTE] [OUTPUT] []
[2025-08-04 19:01:19] [EXECUTE] [RESULT] 0
[2025-08-04 19:01:19] [yshokrollahi-mdanderson-org]: Uploadfolder does not exist! [///new///]
[2025-08-04 19:01:22] [SAMPLE]: yshokrollahi@mdanderson.edu <= Your Polyzoomer analysis is ready.
Please find your results under the following link.
/customers/yshokrollahi-mdanderson-org/Path000085_202508041900/page/./MOS080/index.html
[2025-08-04 19:03:02] [EXECUTE] [DEBUG] php /var/www/doChecksum.php '/media/Users/yshokrollahi/pathology.jpg' E99B28F7-646D-4F39-975C-0292091B2306
[2025-08-04 19:03:02]  Changed from [;E99B28F7-646D-4F39-975C-0292091B2306;1;checksum;] to [;E99B28F7-646D-4F39-975C-0292091B2306;1;pending;]
[2025-08-04 19:03:02] [EXECUTE] [OUTPUT] []
[2025-08-04 19:03:02] [EXECUTE] [RESULT] 0
[2025-08-04 19:03:32] E99B28F7-646D-4F39-975C-0292091B2306 changes from [;1;pending;] to [;2;upload;]
[2025-08-04 19:03:32] [EXECUTE] [DEBUG] php /var/www/uploadProject.php '/media/Users/yshokrollahi/pathology.jpg' '/var/www/uploads/47365203_pathology.jpg' 'E99B28F7-646D-4F39-975C-0292091B2306' 'cfc437bc68fd158f78982bf2fb2ca8dd'
[2025-08-04 19:03:32] E99B28F7-646D-4F39-975C-0292091B2306 changes from [2;upload] to [2;uploading]
[2025-08-04 19:03:32] E99B28F7-646D-4F39-975C-0292091B2306 changes from [2;uploading] to [2;uploaded]
[2025-08-04 19:03:32] [EXECUTE] [OUTPUT] []
[2025-08-04 19:03:32] [EXECUTE] [RESULT] 0
[2025-08-04 19:04:02] E99B28F7-646D-4F39-975C-0292091B2306 changes from [;2;uploaded;] to [;4;inQueue;]
[2025-08-04 19:04:32] [EXECUTE] [DEBUG] php /var/www/issueDoPolyzoom.php '/var/www/uploads/47365203_pathology.jpg' E99B28F7-646D-4F39-975C-0292091B2306 /var/www/jobs/jobs.log
[2025-08-04 19:04:34] [EXECUTE] [OUTPUT] []
[2025-08-04 19:04:34] [EXECUTE] [RESULT] 0
[2025-08-04 19:04:39] [EXECUTE] [SYNC] cat /var/www/polyzoomer/Path000086_202508041904/page/indexes
[2025-08-04 19:04:39] [EXECUTE] [OUTPUT] [".\/UNKNOWNPAT0001\/index.html"]
[2025-08-04 19:04:39] [EXECUTE] [RESULT] 0
[2025-08-04 19:04:39] [EXECUTE] [SYNC] ln -s "/var/www/polyzoomer/Path000086_202508041904" "/var/www/customers/yshokrollahi-mdanderson-org/"
[2025-08-04 19:04:39] [EXECUTE] [OUTPUT] []
[2025-08-04 19:04:39] [EXECUTE] [RESULT] 0
[2025-08-04 19:04:39] [yshokrollahi-mdanderson-org]: Uploadfolder does not exist! [///new///]
[2025-08-04 19:04:41] [SAMPLE]: yshokrollahi@mdanderson.edu <= Your Polyzoomer analysis is ready.
Please find your results under the following link.
/customers/yshokrollahi-mdanderson-org/Path000086_202508041904/page/./UNKNOWNPAT0001/index.html
[2025-08-04 19:11:02] [EXECUTE] [DEBUG] php /var/www/doChecksum.php '/media/Users/yshokrollahi/pathology.jpg' 5411CB74-60F3-4EBF-B0D1-C606925071C3
[2025-08-04 19:11:02]  Changed from [;5411CB74-60F3-4EBF-B0D1-C606925071C3;1;checksum;] to [;5411CB74-60F3-4EBF-B0D1-C606925071C3;1;pending;]
[2025-08-04 19:11:02] [EXECUTE] [OUTPUT] []
[2025-08-04 19:11:02] [EXECUTE] [RESULT] 0
[2025-08-04 19:11:32] 5411CB74-60F3-4EBF-B0D1-C606925071C3 changes from [;1;pending;] to [;2;upload;]
[2025-08-04 19:11:33] [EXECUTE] [DEBUG] php /var/www/uploadProject.php '/media/Users/yshokrollahi/pathology.jpg' '/var/www/uploads/28260947_pathology.jpg' '5411CB74-60F3-4EBF-B0D1-C606925071C3' 'cfc437bc68fd158f78982bf2fb2ca8dd'
[2025-08-04 19:11:33] 5411CB74-60F3-4EBF-B0D1-C606925071C3 changes from [2;upload] to [2;uploading]
[2025-08-04 19:11:33] 5411CB74-60F3-4EBF-B0D1-C606925071C3 changes from [2;uploading] to [2;uploaded]
[2025-08-04 19:11:33] [EXECUTE] [OUTPUT] []
[2025-08-04 19:11:34] [EXECUTE] [RESULT] 0
[2025-08-04 19:12:02] 5411CB74-60F3-4EBF-B0D1-C606925071C3 changes from [;2;uploaded;] to [;4;inQueue;]
[2025-08-04 19:12:32] [EXECUTE] [DEBUG] php /var/www/issueDoPolyzoom.php '/var/www/uploads/28260947_pathology.jpg' 5411CB74-60F3-4EBF-B0D1-C606925071C3 /var/www/jobs/jobs.log
[2025-08-04 19:12:34] [EXECUTE] [OUTPUT] []
[2025-08-04 19:12:34] [EXECUTE] [RESULT] 0
[2025-08-04 19:12:36] [EXECUTE] [SYNC] cat /var/www/polyzoomer/Path000087_202508041912/page/indexes
[2025-08-04 19:12:36] [EXECUTE] [OUTPUT] [".\/UNKNOWNPAT0001\/index.html"]
[2025-08-04 19:12:36] [EXECUTE] [RESULT] 0
[2025-08-04 19:12:36] [EXECUTE] [SYNC] ln -s "/var/www/polyzoomer/Path000087_202508041912" "/var/www/customers/yshokrollahi-mdanderson-org/"
[2025-08-04 19:12:36] [EXECUTE] [OUTPUT] []
[2025-08-04 19:12:36] [EXECUTE] [RESULT] 0
[2025-08-04 19:12:36] [yshokrollahi-mdanderson-org]: Uploadfolder does not exist! [///new///]
[2025-08-04 19:12:39] [SAMPLE]: yshokrollahi@mdanderson.edu <= Your Polyzoomer analysis is ready.
Please find your results under the following link.
/customers/yshokrollahi-mdanderson-org/Path000087_202508041912/page/./UNKNOWNPAT0001/index.html
[2025-08-04 19:28:31] [EXECUTE] [DEBUG] php /var/www/doChecksum.php '/media/Users/yshokrollahi/pathology.jpg' D9FA6CCB-A575-4F90-B373-019B76E57210
[2025-08-04 19:28:32]  Changed from [;D9FA6CCB-A575-4F90-B373-019B76E57210;1;checksum;] to [;D9FA6CCB-A575-4F90-B373-019B76E57210;1;pending;]
[2025-08-04 19:28:32] [EXECUTE] [OUTPUT] []
[2025-08-04 19:28:32] [EXECUTE] [RESULT] 0
[2025-08-04 19:29:01] D9FA6CCB-A575-4F90-B373-019B76E57210 changes from [;1;pending;] to [;2;upload;]
[2025-08-04 19:29:02] [EXECUTE] [DEBUG] php /var/www/uploadProject.php '/media/Users/yshokrollahi/pathology.jpg' '/var/www/uploads/18829720_pathology.jpg' 'D9FA6CCB-A575-4F90-B373-019B76E57210' 'cfc437bc68fd158f78982bf2fb2ca8dd'
[2025-08-04 19:29:02] D9FA6CCB-A575-4F90-B373-019B76E57210 changes from [2;upload] to [2;uploading]
[2025-08-04 19:29:02] D9FA6CCB-A575-4F90-B373-019B76E57210 changes from [2;uploading] to [2;uploaded]
[2025-08-04 19:29:02] [EXECUTE] [OUTPUT] []
[2025-08-04 19:29:02] [EXECUTE] [RESULT] 0
[2025-08-04 19:29:31] D9FA6CCB-A575-4F90-B373-019B76E57210 changes from [;2;uploaded;] to [;4;inQueue;]
[2025-08-04 19:30:01] [EXECUTE] [DEBUG] php /var/www/issueDoPolyzoom.php '/var/www/uploads/18829720_pathology.jpg' D9FA6CCB-A575-4F90-B373-019B76E57210 /var/www/jobs/jobs.log
[2025-08-04 19:30:04] [EXECUTE] [OUTPUT] []
[2025-08-04 19:30:04] [EXECUTE] [RESULT] 0
[2025-08-04 19:30:06] [EXECUTE] [SYNC] cat /var/www/polyzoomer/Path000088_202508041930/page/indexes
[2025-08-04 19:30:06] [EXECUTE] [OUTPUT] [".\/UNKNOWNPAT0001\/index.html"]
[2025-08-04 19:30:06] [EXECUTE] [RESULT] 0
[2025-08-04 19:30:06] [EXECUTE] [SYNC] ln -s "/var/www/polyzoomer/Path000088_202508041930" "/var/www/customers/yshokrollahi-mdanderson-org/"
[2025-08-04 19:30:06] [EXECUTE] [OUTPUT] []
[2025-08-04 19:30:06] [EXECUTE] [RESULT] 0
[2025-08-04 19:30:06] [yshokrollahi-mdanderson-org]: Uploadfolder does not exist! [///new///]
[2025-08-04 19:30:08] [SAMPLE]: yshokrollahi@mdanderson.edu <= Your Polyzoomer analysis is ready.
Please find your results under the following link.
/customers/yshokrollahi-mdanderson-org/Path000088_202508041930/page/./UNKNOWNPAT0001/index.html
[2025-08-04 19:37:01] [EXECUTE] [DEBUG] php /var/www/doChecksum.php '/media/Users/yshokrollahi/MOS080_HE.svs' 07B966BA-DE10-4327-9258-F01DADE6D990
[2025-08-04 19:37:02]  Changed from [;07B966BA-DE10-4327-9258-F01DADE6D990;1;checksum;] to [;07B966BA-DE10-4327-9258-F01DADE6D990;1;pending;]
[2025-08-04 19:37:02] [EXECUTE] [OUTPUT] []
[2025-08-04 19:37:02] [EXECUTE] [RESULT] 0
[2025-08-04 19:37:31] 07B966BA-DE10-4327-9258-F01DADE6D990 changes from [;1;pending;] to [;2;upload;]
[2025-08-04 19:37:31] [EXECUTE] [DEBUG] php /var/www/uploadProject.php '/media/Users/yshokrollahi/MOS080_HE.svs' '/var/www/uploads/70551756_MOS080_HE.svs' '07B966BA-DE10-4327-9258-F01DADE6D990' '9d084fe4cc85d50361e29cc8bdc60684'
[2025-08-04 19:37:32] 07B966BA-DE10-4327-9258-F01DADE6D990 changes from [2;upload] to [2;uploading]
[2025-08-04 19:37:33] 07B966BA-DE10-4327-9258-F01DADE6D990 changes from [2;uploading] to [2;uploaded]
[2025-08-04 19:37:33] [EXECUTE] [OUTPUT] []
[2025-08-04 19:37:33] [EXECUTE] [RESULT] 0
[2025-08-04 19:38:02] 07B966BA-DE10-4327-9258-F01DADE6D990 changes from [;2;uploaded;] to [;4;inQueue;]
[2025-08-04 19:38:31] [EXECUTE] [DEBUG] php /var/www/issueDoPolyzoom.php '/var/www/uploads/70551756_MOS080_HE.svs' 07B966BA-DE10-4327-9258-F01DADE6D990 /var/www/jobs/jobs.log
[2025-08-04 19:39:13] [EXECUTE] [OUTPUT] []
[2025-08-04 19:39:13] [EXECUTE] [RESULT] 0
[2025-08-04 19:39:16] [EXECUTE] [SYNC] cat /var/www/polyzoomer/Path000089_202508041938/page/indexes
[2025-08-04 19:39:16] [EXECUTE] [OUTPUT] [".\/MOS080\/index.html"]
[2025-08-04 19:39:16] [EXECUTE] [RESULT] 0
[2025-08-04 19:39:16] [EXECUTE] [SYNC] ln -s "/var/www/polyzoomer/Path000089_202508041938" "/var/www/customers/yshokrollahi-mdanderson-org/"
[2025-08-04 19:39:16] [EXECUTE] [OUTPUT] []
[2025-08-04 19:39:16] [EXECUTE] [RESULT] 0
[2025-08-04 19:39:16] [yshokrollahi-mdanderson-org]: Uploadfolder does not exist! [///new///]
[2025-08-04 19:39:18] [SAMPLE]: yshokrollahi@mdanderson.edu <= Your Polyzoomer analysis is ready.
Please find your results under the following link.
/customers/yshokrollahi-mdanderson-org/Path000089_202508041938/page/./MOS080/index.html
[2025-08-04 19:47:32] [EXECUTE] [DEBUG] php /var/www/doChecksum.php '/media/Users/yshokrollahi/pathology.jpg' 4CACF37F-419D-4DFE-B2DE-7CC07D69A763
[2025-08-04 19:47:32]  Changed from [;4CACF37F-419D-4DFE-B2DE-7CC07D69A763;1;checksum;] to [;4CACF37F-419D-4DFE-B2DE-7CC07D69A763;1;pending;]
[2025-08-04 19:47:32] [EXECUTE] [OUTPUT] []
[2025-08-04 19:47:32] [EXECUTE] [RESULT] 0
[2025-08-04 19:48:02] 4CACF37F-419D-4DFE-B2DE-7CC07D69A763 changes from [;1;pending;] to [;2;upload;]
[2025-08-04 19:48:02] [EXECUTE] [DEBUG] php /var/www/uploadProject.php '/media/Users/yshokrollahi/pathology.jpg' '/var/www/uploads/77505021_pathology.jpg' '4CACF37F-419D-4DFE-B2DE-7CC07D69A763' 'cfc437bc68fd158f78982bf2fb2ca8dd'
[2025-08-04 19:48:02] 4CACF37F-419D-4DFE-B2DE-7CC07D69A763 changes from [2;upload] to [2;uploading]
[2025-08-04 19:48:02] 4CACF37F-419D-4DFE-B2DE-7CC07D69A763 changes from [2;uploading] to [2;uploaded]
[2025-08-04 19:48:02] [EXECUTE] [OUTPUT] []
[2025-08-04 19:48:02] [EXECUTE] [RESULT] 0
[2025-08-04 19:48:31] 4CACF37F-419D-4DFE-B2DE-7CC07D69A763 changes from [;2;uploaded;] to [;4;inQueue;]
[2025-08-04 19:49:01] [EXECUTE] [DEBUG] php /var/www/issueDoPolyzoom.php '/var/www/uploads/77505021_pathology.jpg' 4CACF37F-419D-4DFE-B2DE-7CC07D69A763 /var/www/jobs/jobs.log
[2025-08-04 19:49:04] [EXECUTE] [OUTPUT] []
[2025-08-04 19:49:04] [EXECUTE] [RESULT] 0
[2025-08-04 19:49:04] [EXECUTE] [SYNC] cat /var/www/polyzoomer/Path000090_202508041949/page/indexes
[2025-08-04 19:49:04] [EXECUTE] [OUTPUT] [".\/UNKNOWNPAT0001\/index.html"]
[2025-08-04 19:49:04] [EXECUTE] [RESULT] 0
[2025-08-04 19:49:04] [EXECUTE] [SYNC] ln -s "/var/www/polyzoomer/Path000090_202508041949" "/var/www/customers/yshokrollahi-mdanderson-org/"
[2025-08-04 19:49:04] [EXECUTE] [OUTPUT] []
[2025-08-04 19:49:04] [EXECUTE] [RESULT] 0
[2025-08-04 19:49:04] [yshokrollahi-mdanderson-org]: Uploadfolder does not exist! [///new///]
[2025-08-04 19:49:06] [SAMPLE]: yshokrollahi@mdanderson.edu <= Your Polyzoomer analysis is ready.
Please find your results under the following link.
/customers/yshokrollahi-mdanderson-org/Path000090_202508041949/page/./UNKNOWNPAT0001/index.html
[2025-08-04 19:50:02] [EXECUTE] [DEBUG] php /var/www/doChecksum.php '/media/Users/yshokrollahi/MOS080_HE.svs' E577A318-7A30-422E-939E-90479D1D6AED
[2025-08-04 19:50:02]  Changed from [;E577A318-7A30-422E-939E-90479D1D6AED;1;checksum;] to [;E577A318-7A30-422E-939E-90479D1D6AED;1;pending;]
[2025-08-04 19:50:02] [EXECUTE] [OUTPUT] []
[2025-08-04 19:50:02] [EXECUTE] [RESULT] 0
[2025-08-04 19:50:32] E577A318-7A30-422E-939E-90479D1D6AED changes from [;1;pending;] to [;2;upload;]
[2025-08-04 19:50:32] [EXECUTE] [DEBUG] php /var/www/uploadProject.php '/media/Users/yshokrollahi/MOS080_HE.svs' '/var/www/uploads/99982360_MOS080_HE.svs' 'E577A318-7A30-422E-939E-90479D1D6AED' '9d084fe4cc85d50361e29cc8bdc60684'
[2025-08-04 19:50:33] E577A318-7A30-422E-939E-90479D1D6AED changes from [2;upload] to [2;uploading]
[2025-08-04 19:50:34] E577A318-7A30-422E-939E-90479D1D6AED changes from [2;uploading] to [2;uploaded]
[2025-08-04 19:50:34] [EXECUTE] [OUTPUT] []
[2025-08-04 19:50:34] [EXECUTE] [RESULT] 0
[2025-08-04 19:51:02] E577A318-7A30-422E-939E-90479D1D6AED changes from [;2;uploaded;] to [;4;inQueue;]
[2025-08-04 19:51:32] [EXECUTE] [DEBUG] php /var/www/issueDoPolyzoom.php '/var/www/uploads/99982360_MOS080_HE.svs' E577A318-7A30-422E-939E-90479D1D6AED /var/www/jobs/jobs.log
[2025-08-04 19:52:15] [EXECUTE] [OUTPUT] []
[2025-08-04 19:52:15] [EXECUTE] [RESULT] 0
[2025-08-04 19:52:17] [EXECUTE] [SYNC] cat /var/www/polyzoomer/Path000091_202508041951/page/indexes
[2025-08-04 19:52:17] [EXECUTE] [OUTPUT] [".\/MOS080\/index.html"]
[2025-08-04 19:52:17] [EXECUTE] [RESULT] 0
[2025-08-04 19:52:18] [EXECUTE] [SYNC] ln -s "/var/www/polyzoomer/Path000091_202508041951" "/var/www/customers/yshokrollahi-mdanderson-org/"
[2025-08-04 19:52:18] [EXECUTE] [OUTPUT] []
[2025-08-04 19:52:18] [EXECUTE] [RESULT] 0
[2025-08-04 19:52:18] [yshokrollahi-mdanderson-org]: Uploadfolder does not exist! [///new///]
[2025-08-04 19:52:20] [SAMPLE]: yshokrollahi@mdanderson.edu <= Your Polyzoomer analysis is ready.
Please find your results under the following link.
/customers/yshokrollahi-mdanderson-org/Path000091_202508041951/page/./MOS080/index.html
[2025-08-04 19:53:02] [EXECUTE] [DEBUG] php /var/www/doChecksum.php '/media/Users/yshokrollahi/MOS080_HE.svs' 45BB5BED-3EA6-4EAD-8473-73AC22DEE0A7
[2025-08-04 19:53:02]  Changed from [;45BB5BED-3EA6-4EAD-8473-73AC22DEE0A7;1;checksum;] to [;45BB5BED-3EA6-4EAD-8473-73AC22DEE0A7;1;pending;]
[2025-08-04 19:53:02] [EXECUTE] [OUTPUT] []
[2025-08-04 19:53:02] [EXECUTE] [RESULT] 0
[2025-08-04 19:53:32] 45BB5BED-3EA6-4EAD-8473-73AC22DEE0A7 changes from [;1;pending;] to [;2;upload;]
[2025-08-04 19:53:32] [EXECUTE] [DEBUG] php /var/www/uploadProject.php '/media/Users/yshokrollahi/MOS080_HE.svs' '/var/www/uploads/86359734_MOS080_HE.svs' '45BB5BED-3EA6-4EAD-8473-73AC22DEE0A7' '9d084fe4cc85d50361e29cc8bdc60684'
[2025-08-04 19:53:33] 45BB5BED-3EA6-4EAD-8473-73AC22DEE0A7 changes from [2;upload] to [2;uploading]
[2025-08-04 19:53:33] 45BB5BED-3EA6-4EAD-8473-73AC22DEE0A7 changes from [2;uploading] to [2;uploaded]
[2025-08-04 19:53:33] [EXECUTE] [OUTPUT] []
[2025-08-04 19:53:33] [EXECUTE] [RESULT] 0
[2025-08-04 19:54:02] 45BB5BED-3EA6-4EAD-8473-73AC22DEE0A7 changes from [;2;uploaded;] to [;4;inQueue;]
[2025-08-04 19:54:20] [EXECUTE] [DEBUG] rm -r /var/www//customers/yshokrollahi-mdanderson-org/Path000090_202508041949
[2025-08-04 19:54:20] [EXECUTE] [OUTPUT] []
[2025-08-04 19:54:20] [EXECUTE] [RESULT] 0
[2025-08-04 19:54:20] [EXECUTE] [DEBUG] rm -r /var/www//polyzoomer/Path000090_202508041949
[2025-08-04 19:54:20] [EXECUTE] [OUTPUT] []
[2025-08-04 19:54:21] [EXECUTE] [RESULT] 0
[2025-08-04 19:54:21] [DIRECTREMOVEZOOMS] Removed [/var/www//customers/yshokrollahi-mdanderson-org/Path000090_202508041949]
[2025-08-04 19:54:21] [EXECUTE] [DEBUG] rm -r /var/www//customers/yshokrollahi-mdanderson-org/Path000089_202508041938
[2025-08-04 19:54:21] [EXECUTE] [OUTPUT] []
[2025-08-04 19:54:21] [EXECUTE] [RESULT] 0
[2025-08-04 19:54:21] [EXECUTE] [DEBUG] rm -r /var/www//polyzoomer/Path000089_202508041938
[2025-08-04 19:54:21] [EXECUTE] [OUTPUT] []
[2025-08-04 19:54:21] [EXECUTE] [RESULT] 0
[2025-08-04 19:54:21] [DIRECTREMOVEZOOMS] Removed [/var/www//customers/yshokrollahi-mdanderson-org/Path000089_202508041938]
[2025-08-04 19:54:21] [EXECUTE] [DEBUG] rm -r /var/www//customers/yshokrollahi-mdanderson-org/Path000088_202508041930
[2025-08-04 19:54:21] [EXECUTE] [OUTPUT] []
[2025-08-04 19:54:21] [EXECUTE] [RESULT] 0
[2025-08-04 19:54:21] [EXECUTE] [DEBUG] rm -r /var/www//polyzoomer/Path000088_202508041930
[2025-08-04 19:54:21] [EXECUTE] [OUTPUT] []
[2025-08-04 19:54:21] [EXECUTE] [RESULT] 0
[2025-08-04 19:54:21] [DIRECTREMOVEZOOMS] Removed [/var/www//customers/yshokrollahi-mdanderson-org/Path000088_202508041930]
[2025-08-04 19:54:21] [EXECUTE] [DEBUG] rm -r /var/www//customers/yshokrollahi-mdanderson-org/Path000087_202508041912
[2025-08-04 19:54:21] [EXECUTE] [OUTPUT] []
[2025-08-04 19:54:21] [EXECUTE] [RESULT] 0
[2025-08-04 19:54:21] [EXECUTE] [DEBUG] rm -r /var/www//polyzoomer/Path000087_202508041912
[2025-08-04 19:54:21] [EXECUTE] [OUTPUT] []
[2025-08-04 19:54:21] [EXECUTE] [RESULT] 0
[2025-08-04 19:54:21] [DIRECTREMOVEZOOMS] Removed [/var/www//customers/yshokrollahi-mdanderson-org/Path000087_202508041912]
[2025-08-04 19:54:22] [EXECUTE] [DEBUG] rm -r /var/www//customers/yshokrollahi-mdanderson-org/Path000086_202508041904
[2025-08-04 19:54:22] [EXECUTE] [OUTPUT] []
[2025-08-04 19:54:22] [EXECUTE] [RESULT] 0
[2025-08-04 19:54:22] [EXECUTE] [DEBUG] rm -r /var/www//polyzoomer/Path000086_202508041904
[2025-08-04 19:54:22] [EXECUTE] [OUTPUT] []
[2025-08-04 19:54:22] [EXECUTE] [RESULT] 0
[2025-08-04 19:54:22] [DIRECTREMOVEZOOMS] Removed [/var/www//customers/yshokrollahi-mdanderson-org/Path000086_202508041904]
[2025-08-04 19:54:22] [EXECUTE] [DEBUG] rm -r /var/www//customers/yshokrollahi-mdanderson-org/Path000085_202508041900
[2025-08-04 19:54:22] [EXECUTE] [OUTPUT] []
[2025-08-04 19:54:22] [EXECUTE] [RESULT] 0
[2025-08-04 19:54:22] [EXECUTE] [DEBUG] rm -r /var/www//polyzoomer/Path000085_202508041900
[2025-08-04 19:54:22] [EXECUTE] [OUTPUT] []
[2025-08-04 19:54:22] [EXECUTE] [RESULT] 0
[2025-08-04 19:54:22] [DIRECTREMOVEZOOMS] Removed [/var/www//customers/yshokrollahi-mdanderson-org/Path000085_202508041900]
[2025-08-04 19:54:22] [EXECUTE] [DEBUG] rm -r /var/www//customers/yshokrollahi-mdanderson-org/Path000084_202508041851
[2025-08-04 19:54:22] [EXECUTE] [OUTPUT] []
[2025-08-04 19:54:22] [EXECUTE] [RESULT] 0
[2025-08-04 19:54:22] [EXECUTE] [DEBUG] rm -r /var/www//polyzoomer/Path000084_202508041851
[2025-08-04 19:54:23] [EXECUTE] [OUTPUT] []
[2025-08-04 19:54:23] [EXECUTE] [RESULT] 0
[2025-08-04 19:54:23] [DIRECTREMOVEZOOMS] Removed [/var/www//customers/yshokrollahi-mdanderson-org/Path000084_202508041851]
[2025-08-04 19:54:23] [EXECUTE] [DEBUG] rm -r /var/www//customers/yshokrollahi-mdanderson-org/Path000083_202508041839
[2025-08-04 19:54:23] [EXECUTE] [OUTPUT] []
[2025-08-04 19:54:23] [EXECUTE] [RESULT] 0
[2025-08-04 19:54:23] [EXECUTE] [DEBUG] rm -r /var/www//polyzoomer/Path000083_202508041839
[2025-08-04 19:54:23] [EXECUTE] [OUTPUT] []
[2025-08-04 19:54:23] [EXECUTE] [RESULT] 0
[2025-08-04 19:54:23] [DIRECTREMOVEZOOMS] Removed [/var/www//customers/yshokrollahi-mdanderson-org/Path000083_202508041839]
[2025-08-04 19:54:32] [EXECUTE] [DEBUG] php /var/www/issueDoPolyzoom.php '/var/www/uploads/86359734_MOS080_HE.svs' 45BB5BED-3EA6-4EAD-8473-73AC22DEE0A7 /var/www/jobs/jobs.log
[2025-08-04 19:55:16] [EXECUTE] [OUTPUT] []
[2025-08-04 19:55:16] [EXECUTE] [RESULT] 0
[2025-08-04 19:55:20] [EXECUTE] [SYNC] cat /var/www/polyzoomer/Path000092_202508041954/page/indexes
[2025-08-04 19:55:20] [EXECUTE] [OUTPUT] [".\/MOS080\/index.html"]
[2025-08-04 19:55:20] [EXECUTE] [RESULT] 0
[2025-08-04 19:55:20] [EXECUTE] [SYNC] ln -s "/var/www/polyzoomer/Path000092_202508041954" "/var/www/customers/yshokrollahi-mdanderson-org/"
[2025-08-04 19:55:20] [EXECUTE] [OUTPUT] []
[2025-08-04 19:55:20] [EXECUTE] [RESULT] 0
[2025-08-04 19:55:20] [yshokrollahi-mdanderson-org]: Uploadfolder does not exist! [///new///]
[2025-08-04 19:55:22] [SAMPLE]: yshokrollahi@mdanderson.edu <= Your Polyzoomer analysis is ready.
Please find your results under the following link.
/customers/yshokrollahi-mdanderson-org/Path000092_202508041954/page/./MOS080/index.html
[2025-08-04 19:59:01] [EXECUTE] [DEBUG] php /var/www/doChecksum.php '/media/Users/yshokrollahi/MOS080_HE.svs' 27115AD3-6271-44B0-B31D-707905808A76
[2025-08-04 19:59:02]  Changed from [;27115AD3-6271-44B0-B31D-707905808A76;1;checksum;] to [;27115AD3-6271-44B0-B31D-707905808A76;1;pending;]
[2025-08-04 19:59:02] [EXECUTE] [OUTPUT] []
[2025-08-04 19:59:02] [EXECUTE] [RESULT] 0
[2025-08-04 19:59:31] 27115AD3-6271-44B0-B31D-707905808A76 changes from [;1;pending;] to [;2;upload;]
[2025-08-04 19:59:31] [EXECUTE] [DEBUG] php /var/www/uploadProject.php '/media/Users/yshokrollahi/MOS080_HE.svs' '/var/www/uploads/53219711_MOS080_HE.svs' '27115AD3-6271-44B0-B31D-707905808A76' '9d084fe4cc85d50361e29cc8bdc60684'
[2025-08-04 19:59:32] 27115AD3-6271-44B0-B31D-707905808A76 changes from [2;upload] to [2;uploading]
[2025-08-04 19:59:33] 27115AD3-6271-44B0-B31D-707905808A76 changes from [2;uploading] to [2;uploaded]
[2025-08-04 19:59:33] [EXECUTE] [OUTPUT] []
[2025-08-04 19:59:33] [EXECUTE] [RESULT] 0
[2025-08-04 20:00:02] 27115AD3-6271-44B0-B31D-707905808A76 changes from [;2;uploaded;] to [;4;inQueue;]
[2025-08-04 20:00:32] [EXECUTE] [DEBUG] php /var/www/issueDoPolyzoom.php '/var/www/uploads/53219711_MOS080_HE.svs' 27115AD3-6271-44B0-B31D-707905808A76 /var/www/jobs/jobs.log
[2025-08-04 20:01:13] [EXECUTE] [OUTPUT] []
[2025-08-04 20:01:13] [EXECUTE] [RESULT] 0
[2025-08-04 20:01:16] [EXECUTE] [SYNC] cat /var/www/polyzoomer/Path000093_202508042000/page/indexes
[2025-08-04 20:01:17] [EXECUTE] [OUTPUT] [".\/MOS080\/index.html"]
[2025-08-04 20:01:17] [EXECUTE] [RESULT] 0
[2025-08-04 20:01:17] [EXECUTE] [SYNC] ln -s "/var/www/polyzoomer/Path000093_202508042000" "/var/www/customers/yshokrollahi-mdanderson-org/"
[2025-08-04 20:01:17] [EXECUTE] [OUTPUT] []
[2025-08-04 20:01:17] [EXECUTE] [RESULT] 0
[2025-08-04 20:01:17] [yshokrollahi-mdanderson-org]: Uploadfolder does not exist! [///new///]
[2025-08-04 20:01:19] [SAMPLE]: yshokrollahi@mdanderson.edu <= Your Polyzoomer analysis is ready.
Please find your results under the following link.
/customers/yshokrollahi-mdanderson-org/Path000093_202508042000/page/./MOS080/index.html
[2025-08-04 20:10:20] [EXECUTE] [DEBUG] rm -r /var/www//customers/yshokrollahi-mdanderson-org/Path000093_202508042000
[2025-08-04 20:10:20] [EXECUTE] [OUTPUT] []
[2025-08-04 20:10:20] [EXECUTE] [RESULT] 0
[2025-08-04 20:10:20] [EXECUTE] [DEBUG] rm -r /var/www//polyzoomer/Path000093_202508042000
[2025-08-04 20:10:20] [EXECUTE] [OUTPUT] []
[2025-08-04 20:10:20] [EXECUTE] [RESULT] 0
[2025-08-04 20:10:20] [DIRECTREMOVEZOOMS] Removed [/var/www//customers/yshokrollahi-mdanderson-org/Path000093_202508042000]
[2025-08-04 20:10:20] [EXECUTE] [DEBUG] rm -r /var/www//customers/yshokrollahi-mdanderson-org/Path000092_202508041954
[2025-08-04 20:10:20] [EXECUTE] [OUTPUT] []
[2025-08-04 20:10:20] [EXECUTE] [RESULT] 0
[2025-08-04 20:10:20] [EXECUTE] [DEBUG] rm -r /var/www//polyzoomer/Path000092_202508041954
[2025-08-04 20:10:21] [EXECUTE] [OUTPUT] []
[2025-08-04 20:10:21] [EXECUTE] [RESULT] 0
[2025-08-04 20:10:21] [DIRECTREMOVEZOOMS] Removed [/var/www//customers/yshokrollahi-mdanderson-org/Path000092_202508041954]
[2025-08-04 20:10:21] [EXECUTE] [DEBUG] rm -r /var/www//customers/yshokrollahi-mdanderson-org/Path000091_202508041951
[2025-08-04 20:10:21] [EXECUTE] [OUTPUT] []
[2025-08-04 20:10:21] [EXECUTE] [RESULT] 0
[2025-08-04 20:10:21] [EXECUTE] [DEBUG] rm -r /var/www//polyzoomer/Path000091_202508041951
[2025-08-04 20:10:21] [EXECUTE] [OUTPUT] []
[2025-08-04 20:10:21] [EXECUTE] [RESULT] 0
[2025-08-04 20:10:21] [DIRECTREMOVEZOOMS] Removed [/var/www//customers/yshokrollahi-mdanderson-org/Path000091_202508041951]
[2025-08-04 20:10:21] [EXECUTE] [DEBUG] rm -r /var/www//customers/yshokrollahi-mdanderson-org/Path000083_202508041839
[2025-08-04 20:10:21] [EXECUTE] [OUTPUT] []
[2025-08-04 20:10:21] [EXECUTE] [RESULT] 1
[2025-08-04 20:10:21] [EXECUTE] [DEBUG] rm -r /var/www//polyzoomer/Path000083_202508041839
[2025-08-04 20:10:21] [EXECUTE] [OUTPUT] []
[2025-08-04 20:10:21] [EXECUTE] [RESULT] 1
[2025-08-04 20:10:21] [DIRECTREMOVEZOOMS] Removed [/var/www//customers/yshokrollahi-mdanderson-org/Path000083_202508041839]
[2025-08-04 20:10:30] [EXECUTE] [DEBUG] rm -r /var/www//customers/yshokrollahi-mdanderson-org/Path000083_202508041839
[2025-08-04 20:10:30] [EXECUTE] [OUTPUT] []
[2025-08-04 20:10:30] [EXECUTE] [RESULT] 1
[2025-08-04 20:10:30] [EXECUTE] [DEBUG] rm -r /var/www//polyzoomer/Path000083_202508041839
[2025-08-04 20:10:30] [EXECUTE] [OUTPUT] []
[2025-08-04 20:10:30] [EXECUTE] [RESULT] 1
[2025-08-04 20:10:30] [DIRECTREMOVEZOOMS] Removed [/var/www//customers/yshokrollahi-mdanderson-org/Path000083_202508041839]
[2025-08-04 20:10:32] [EXECUTE] [DEBUG] php /var/www/doChecksum.php '/media/Users/yshokrollahi/MOS080_HE.svs' F4814986-F582-477A-AE6D-92CAECB66906
[2025-08-04 20:10:32]  Changed from [;F4814986-F582-477A-AE6D-92CAECB66906;1;checksum;] to [;F4814986-F582-477A-AE6D-92CAECB66906;1;pending;]
[2025-08-04 20:10:32] [EXECUTE] [OUTPUT] []
[2025-08-04 20:10:32] [EXECUTE] [RESULT] 0
[2025-08-04 20:11:02] F4814986-F582-477A-AE6D-92CAECB66906 changes from [;1;pending;] to [;2;upload;]
[2025-08-04 20:11:02] [EXECUTE] [DEBUG] php /var/www/uploadProject.php '/media/Users/yshokrollahi/MOS080_HE.svs' '/var/www/uploads/51039376_MOS080_HE.svs' 'F4814986-F582-477A-AE6D-92CAECB66906' '9d084fe4cc85d50361e29cc8bdc60684'
[2025-08-04 20:11:02] F4814986-F582-477A-AE6D-92CAECB66906 changes from [2;upload] to [2;uploading]
[2025-08-04 20:11:03] F4814986-F582-477A-AE6D-92CAECB66906 changes from [2;uploading] to [2;uploaded]
[2025-08-04 20:11:03] [EXECUTE] [OUTPUT] []
[2025-08-04 20:11:03] [EXECUTE] [RESULT] 0
[2025-08-04 20:11:32] F4814986-F582-477A-AE6D-92CAECB66906 changes from [;2;uploaded;] to [;4;inQueue;]
[2025-08-04 20:12:02] [EXECUTE] [DEBUG] php /var/www/issueDoPolyzoom.php '/var/www/uploads/51039376_MOS080_HE.svs' F4814986-F582-477A-AE6D-92CAECB66906 /var/www/jobs/jobs.log
[2025-08-04 20:12:45] [EXECUTE] [OUTPUT] []
[2025-08-04 20:12:45] [EXECUTE] [RESULT] 0
[2025-08-04 20:12:48] [EXECUTE] [SYNC] cat /var/www/polyzoomer/Path000094_202508042012/page/indexes
[2025-08-04 20:12:48] [EXECUTE] [OUTPUT] [".\/MOS080\/index.html"]
[2025-08-04 20:12:48] [EXECUTE] [RESULT] 0
[2025-08-04 20:12:48] [EXECUTE] [SYNC] ln -s "/var/www/polyzoomer/Path000094_202508042012" "/var/www/customers/yshokrollahi-mdanderson-org/"
[2025-08-04 20:12:48] [EXECUTE] [OUTPUT] []
[2025-08-04 20:12:48] [EXECUTE] [RESULT] 0
[2025-08-04 20:12:48] [yshokrollahi-mdanderson-org]: Uploadfolder does not exist! [///new///]
[2025-08-04 20:12:51] [SAMPLE]: yshokrollahi@mdanderson.edu <= Your Polyzoomer analysis is ready.
Please find your results under the following link.
/customers/yshokrollahi-mdanderson-org/Path000094_202508042012/page/./MOS080/index.html
[2025-08-04 20:21:32] [EXECUTE] [DEBUG] php /var/www/doChecksum.php '/media/Users/yshokrollahi/MOS080_HE.svs' 861D995C-23E6-41FD-B295-4CC3D6B6D8C5
[2025-08-04 20:21:32]  Changed from [;861D995C-23E6-41FD-B295-4CC3D6B6D8C5;1;checksum;] to [;861D995C-23E6-41FD-B295-4CC3D6B6D8C5;1;pending;]
[2025-08-04 20:21:32] [EXECUTE] [OUTPUT] []
[2025-08-04 20:21:32] [EXECUTE] [RESULT] 0
[2025-08-04 20:22:03] 861D995C-23E6-41FD-B295-4CC3D6B6D8C5 changes from [;1;pending;] to [;2;upload;]
[2025-08-04 20:22:03] [EXECUTE] [DEBUG] php /var/www/uploadProject.php '/media/Users/yshokrollahi/MOS080_HE.svs' '/var/www/uploads/53336754_MOS080_HE.svs' '861D995C-23E6-41FD-B295-4CC3D6B6D8C5' '9d084fe4cc85d50361e29cc8bdc60684'
[2025-08-04 20:22:04] 861D995C-23E6-41FD-B295-4CC3D6B6D8C5 changes from [2;upload] to [2;uploading]
[2025-08-04 20:22:05] 861D995C-23E6-41FD-B295-4CC3D6B6D8C5 changes from [2;uploading] to [2;uploaded]
[2025-08-04 20:22:05] [EXECUTE] [OUTPUT] []
[2025-08-04 20:22:05] [EXECUTE] [RESULT] 0
[2025-08-04 20:22:32] 861D995C-23E6-41FD-B295-4CC3D6B6D8C5 changes from [;2;uploaded;] to [;4;inQueue;]
[2025-08-04 20:23:02] [EXECUTE] [DEBUG] php /var/www/issueDoPolyzoom.php '/var/www/uploads/53336754_MOS080_HE.svs' 861D995C-23E6-41FD-B295-4CC3D6B6D8C5 /var/www/jobs/jobs.log
[2025-08-04 20:23:44] [EXECUTE] [OUTPUT] []
[2025-08-04 20:23:45] [EXECUTE] [RESULT] 0
[2025-08-04 20:23:45] [EXECUTE] [SYNC] cat /var/www/polyzoomer/Path000095_202508042023/page/indexes
[2025-08-04 20:23:45] [EXECUTE] [OUTPUT] [".\/MOS080\/index.html"]
[2025-08-04 20:23:45] [EXECUTE] [RESULT] 0
[2025-08-04 20:23:45] [EXECUTE] [SYNC] ln -s "/var/www/polyzoomer/Path000095_202508042023" "/var/www/customers/yshokrollahi-mdanderson-org/"
[2025-08-04 20:23:45] [EXECUTE] [OUTPUT] []
[2025-08-04 20:23:45] [EXECUTE] [RESULT] 0
[2025-08-04 20:23:46] [yshokrollahi-mdanderson-org]: Uploadfolder does not exist! [///new///]
[2025-08-04 20:23:48] [SAMPLE]: yshokrollahi@mdanderson.edu <= Your Polyzoomer analysis is ready.
Please find your results under the following link.
/customers/yshokrollahi-mdanderson-org/Path000095_202508042023/page/./MOS080/index.html
[2025-08-04 20:40:02] [EXECUTE] [DEBUG] php /var/www/doChecksum.php '/media/Users/yshokrollahi/pathology.jpg' 4CC54323-473B-49C8-9676-FEBC54C3D301
[2025-08-04 20:40:02]  Changed from [;4CC54323-473B-49C8-9676-FEBC54C3D301;1;checksum;] to [;4CC54323-473B-49C8-9676-FEBC54C3D301;1;pending;]
[2025-08-04 20:40:02] [EXECUTE] [OUTPUT] []
[2025-08-04 20:40:02] [EXECUTE] [RESULT] 0
[2025-08-04 20:40:32] 4CC54323-473B-49C8-9676-FEBC54C3D301 changes from [;1;pending;] to [;2;upload;]
[2025-08-04 20:40:32] [EXECUTE] [DEBUG] php /var/www/uploadProject.php '/media/Users/yshokrollahi/pathology.jpg' '/var/www/uploads/31908255_pathology.jpg' '4CC54323-473B-49C8-9676-FEBC54C3D301' 'cfc437bc68fd158f78982bf2fb2ca8dd'
[2025-08-04 20:40:32] 4CC54323-473B-49C8-9676-FEBC54C3D301 changes from [2;upload] to [2;uploading]
[2025-08-04 20:40:33] 4CC54323-473B-49C8-9676-FEBC54C3D301 changes from [2;uploading] to [2;uploaded]
[2025-08-04 20:40:33] [EXECUTE] [OUTPUT] []
[2025-08-04 20:40:33] [EXECUTE] [RESULT] 0
[2025-08-04 20:41:02] 4CC54323-473B-49C8-9676-FEBC54C3D301 changes from [;2;uploaded;] to [;4;inQueue;]
[2025-08-04 20:41:32] [EXECUTE] [DEBUG] php /var/www/issueDoPolyzoom.php '/var/www/uploads/31908255_pathology.jpg' 4CC54323-473B-49C8-9676-FEBC54C3D301 /var/www/jobs/jobs.log
[2025-08-04 20:41:34] [EXECUTE] [OUTPUT] []
[2025-08-04 20:41:34] [EXECUTE] [RESULT] 0
[2025-08-04 20:41:37] [EXECUTE] [SYNC] cat /var/www/polyzoomer/Path000096_202508042041/page/indexes
[2025-08-04 20:41:37] [EXECUTE] [OUTPUT] [".\/UNKNOWNPAT0001\/index.html"]
[2025-08-04 20:41:37] [EXECUTE] [RESULT] 0
[2025-08-04 20:41:37] [EXECUTE] [SYNC] ln -s "/var/www/polyzoomer/Path000096_202508042041" "/var/www/customers/yshokrollahi-mdanderson-org/"
[2025-08-04 20:41:37] [EXECUTE] [OUTPUT] []
[2025-08-04 20:41:37] [EXECUTE] [RESULT] 0
[2025-08-04 20:41:38] [yshokrollahi-mdanderson-org]: Uploadfolder does not exist! [///new///]
[2025-08-04 20:41:40] [SAMPLE]: yshokrollahi@mdanderson.edu <= Your Polyzoomer analysis is ready.
Please find your results under the following link.
/customers/yshokrollahi-mdanderson-org/Path000096_202508042041/page/./UNKNOWNPAT0001/index.html
[2025-08-04 20:50:02] [EXECUTE] [DEBUG] php /var/www/doChecksum.php '/media/Users/yshokrollahi/MOS080_HE.svs' 1D5E9F05-72B4-4E99-A75A-680708D9E876
[2025-08-04 20:50:03]  Changed from [;1D5E9F05-72B4-4E99-A75A-680708D9E876;1;checksum;] to [;1D5E9F05-72B4-4E99-A75A-680708D9E876;1;pending;]
[2025-08-04 20:50:03] [EXECUTE] [OUTPUT] []
[2025-08-04 20:50:04] [EXECUTE] [RESULT] 0
[2025-08-04 20:50:32] 1D5E9F05-72B4-4E99-A75A-680708D9E876 changes from [;1;pending;] to [;2;upload;]
[2025-08-04 20:50:32] [EXECUTE] [DEBUG] php /var/www/uploadProject.php '/media/Users/yshokrollahi/MOS080_HE.svs' '/var/www/uploads/52694422_MOS080_HE.svs' '1D5E9F05-72B4-4E99-A75A-680708D9E876' '9d084fe4cc85d50361e29cc8bdc60684'
[2025-08-04 20:50:32] 1D5E9F05-72B4-4E99-A75A-680708D9E876 changes from [2;upload] to [2;uploading]
[2025-08-04 20:50:33] 1D5E9F05-72B4-4E99-A75A-680708D9E876 changes from [2;uploading] to [2;uploaded]
[2025-08-04 20:50:33] [EXECUTE] [OUTPUT] []
[2025-08-04 20:50:33] [EXECUTE] [RESULT] 0
[2025-08-04 20:51:02] 1D5E9F05-72B4-4E99-A75A-680708D9E876 changes from [;2;uploaded;] to [;4;inQueue;]
[2025-08-04 20:51:32] [EXECUTE] [DEBUG] php /var/www/issueDoPolyzoom.php '/var/www/uploads/52694422_MOS080_HE.svs' 1D5E9F05-72B4-4E99-A75A-680708D9E876 /var/www/jobs/jobs.log
[2025-08-04 20:52:15] [EXECUTE] [OUTPUT] []
[2025-08-04 20:52:15] [EXECUTE] [RESULT] 0
[2025-08-04 20:52:18] [EXECUTE] [SYNC] cat /var/www/polyzoomer/Path000097_202508042051/page/indexes
[2025-08-04 20:52:18] [EXECUTE] [OUTPUT] [".\/MOS080\/index.html"]
[2025-08-04 20:52:18] [EXECUTE] [RESULT] 0
[2025-08-04 20:52:18] [EXECUTE] [SYNC] ln -s "/var/www/polyzoomer/Path000097_202508042051" "/var/www/customers/yshokrollahi-mdanderson-org/"
[2025-08-04 20:52:18] [EXECUTE] [OUTPUT] []
[2025-08-04 20:52:18] [EXECUTE] [RESULT] 0
[2025-08-04 20:52:19] [yshokrollahi-mdanderson-org]: Uploadfolder does not exist! [///new///]
[2025-08-04 20:52:21] [SAMPLE]: yshokrollahi@mdanderson.edu <= Your Polyzoomer analysis is ready.
Please find your results under the following link.
/customers/yshokrollahi-mdanderson-org/Path000097_202508042051/page/./MOS080/index.html
[2025-08-04 20:52:52] [EXECUTE] [DEBUG] rm -r /var/www//customers/yshokrollahi-mdanderson-org/Path000096_202508042041
[2025-08-04 20:52:52] [EXECUTE] [OUTPUT] []
[2025-08-04 20:52:52] [EXECUTE] [RESULT] 0
[2025-08-04 20:52:52] [EXECUTE] [DEBUG] rm -r /var/www//polyzoomer/Path000096_202508042041
[2025-08-04 20:52:52] [EXECUTE] [OUTPUT] []
[2025-08-04 20:52:52] [EXECUTE] [RESULT] 0
[2025-08-04 20:52:52] [DIRECTREMOVEZOOMS] Removed [/var/www//customers/yshokrollahi-mdanderson-org/Path000096_202508042041]
[2025-08-04 20:52:52] [EXECUTE] [DEBUG] rm -r /var/www//customers/yshokrollahi-mdanderson-org/Path000095_202508042023
[2025-08-04 20:52:52] [EXECUTE] [OUTPUT] []
[2025-08-04 20:52:52] [EXECUTE] [RESULT] 0
[2025-08-04 20:52:52] [EXECUTE] [DEBUG] rm -r /var/www//polyzoomer/Path000095_202508042023
[2025-08-04 20:52:52] [EXECUTE] [OUTPUT] []
[2025-08-04 20:52:52] [EXECUTE] [RESULT] 0
[2025-08-04 20:52:52] [DIRECTREMOVEZOOMS] Removed [/var/www//customers/yshokrollahi-mdanderson-org/Path000095_202508042023]
[2025-08-04 20:52:52] [EXECUTE] [DEBUG] rm -r /var/www//customers/yshokrollahi-mdanderson-org/Path000094_202508042012
[2025-08-04 20:52:52] [EXECUTE] [OUTPUT] []
[2025-08-04 20:52:52] [EXECUTE] [RESULT] 0
[2025-08-04 20:52:53] [EXECUTE] [DEBUG] rm -r /var/www//polyzoomer/Path000094_202508042012
[2025-08-04 20:52:53] [EXECUTE] [OUTPUT] []
[2025-08-04 20:52:53] [EXECUTE] [RESULT] 0
[2025-08-04 20:52:53] [DIRECTREMOVEZOOMS] Removed [/var/www//customers/yshokrollahi-mdanderson-org/Path000094_202508042012]
[2025-08-04 20:52:53] [EXECUTE] [DEBUG] rm -r /var/www//customers/yshokrollahi-mdanderson-org/Path000083_202508041839
[2025-08-04 20:52:53] [EXECUTE] [OUTPUT] []
[2025-08-04 20:52:53] [EXECUTE] [RESULT] 1
[2025-08-04 20:52:53] [EXECUTE] [DEBUG] rm -r /var/www//polyzoomer/Path000083_202508041839
[2025-08-04 20:52:53] [EXECUTE] [OUTPUT] []
[2025-08-04 20:52:53] [EXECUTE] [RESULT] 1
[2025-08-04 20:52:53] [DIRECTREMOVEZOOMS] Removed [/var/www//customers/yshokrollahi-mdanderson-org/Path000083_202508041839]
[2025-08-04 20:59:31] [EXECUTE] [DEBUG] php /var/www/doChecksum.php '/media/Users/yshokrollahi/MOS080_HE.svs' 653D3FF1-08FF-4119-B055-7C8D8F0C3D86
[2025-08-04 20:59:32]  Changed from [;653D3FF1-08FF-4119-B055-7C8D8F0C3D86;1;checksum;] to [;653D3FF1-08FF-4119-B055-7C8D8F0C3D86;1;pending;]
[2025-08-04 20:59:32] [EXECUTE] [OUTPUT] []
[2025-08-04 20:59:32] [EXECUTE] [RESULT] 0
[2025-08-04 21:00:02] 653D3FF1-08FF-4119-B055-7C8D8F0C3D86 changes from [;1;pending;] to [;2;upload;]
[2025-08-04 21:00:02] [EXECUTE] [DEBUG] php /var/www/uploadProject.php '/media/Users/yshokrollahi/MOS080_HE.svs' '/var/www/uploads/70775794_MOS080_HE.svs' '653D3FF1-08FF-4119-B055-7C8D8F0C3D86' '9d084fe4cc85d50361e29cc8bdc60684'
[2025-08-04 21:00:03] 653D3FF1-08FF-4119-B055-7C8D8F0C3D86 changes from [2;upload] to [2;uploading]
[2025-08-04 21:00:04] 653D3FF1-08FF-4119-B055-7C8D8F0C3D86 changes from [2;uploading] to [2;uploaded]
[2025-08-04 21:00:04] [EXECUTE] [OUTPUT] []
[2025-08-04 21:00:04] [EXECUTE] [RESULT] 0
[2025-08-04 21:00:31] 653D3FF1-08FF-4119-B055-7C8D8F0C3D86 changes from [;2;uploaded;] to [;4;inQueue;]
[2025-08-04 21:01:01] [EXECUTE] [DEBUG] php /var/www/issueDoPolyzoom.php '/var/www/uploads/70775794_MOS080_HE.svs' 653D3FF1-08FF-4119-B055-7C8D8F0C3D86 /var/www/jobs/jobs.log
[2025-08-04 21:01:44] [EXECUTE] [OUTPUT] []
[2025-08-04 21:01:44] [EXECUTE] [RESULT] 0
[2025-08-04 21:01:46] [EXECUTE] [SYNC] cat /var/www/polyzoomer/Path000098_202508042101/page/indexes
[2025-08-04 21:01:46] [EXECUTE] [OUTPUT] [".\/MOS080\/index.html"]
[2025-08-04 21:01:46] [EXECUTE] [RESULT] 0
[2025-08-04 21:01:46] [EXECUTE] [SYNC] ln -s "/var/www/polyzoomer/Path000098_202508042101" "/var/www/customers/yshokrollahi-mdanderson-org/"
[2025-08-04 21:01:46] [EXECUTE] [OUTPUT] []
[2025-08-04 21:01:46] [EXECUTE] [RESULT] 0
[2025-08-04 21:01:46] [yshokrollahi-mdanderson-org]: Uploadfolder does not exist! [///new///]
[2025-08-04 21:01:48] [SAMPLE]: yshokrollahi@mdanderson.edu <= Your Polyzoomer analysis is ready.
Please find your results under the following link.
/customers/yshokrollahi-mdanderson-org/Path000098_202508042101/page/./MOS080/index.html
[2025-08-04 21:17:32] [EXECUTE] [DEBUG] php /var/www/doChecksum.php '/media/Users/yshokrollahi/MOS080_HE.svs' E730C95C-05B2-4013-86CF-C3AD96886E8A
[2025-08-04 21:17:33]  Changed from [;E730C95C-05B2-4013-86CF-C3AD96886E8A;1;checksum;] to [;E730C95C-05B2-4013-86CF-C3AD96886E8A;1;pending;]
[2025-08-04 21:17:33] [EXECUTE] [OUTPUT] []
[2025-08-04 21:17:33] [EXECUTE] [RESULT] 0
[2025-08-04 21:18:02] E730C95C-05B2-4013-86CF-C3AD96886E8A changes from [;1;pending;] to [;2;upload;]
[2025-08-04 21:18:02] [EXECUTE] [DEBUG] php /var/www/uploadProject.php '/media/Users/yshokrollahi/MOS080_HE.svs' '/var/www/uploads/26309551_MOS080_HE.svs' 'E730C95C-05B2-4013-86CF-C3AD96886E8A' '9d084fe4cc85d50361e29cc8bdc60684'
[2025-08-04 21:18:03] E730C95C-05B2-4013-86CF-C3AD96886E8A changes from [2;upload] to [2;uploading]
[2025-08-04 21:18:04] E730C95C-05B2-4013-86CF-C3AD96886E8A changes from [2;uploading] to [2;uploaded]
[2025-08-04 21:18:04] [EXECUTE] [OUTPUT] []
[2025-08-04 21:18:04] [EXECUTE] [RESULT] 0
[2025-08-04 21:18:32] E730C95C-05B2-4013-86CF-C3AD96886E8A changes from [;2;uploaded;] to [;4;inQueue;]
[2025-08-04 21:19:01] [EXECUTE] [DEBUG] php /var/www/issueDoPolyzoom.php '/var/www/uploads/26309551_MOS080_HE.svs' E730C95C-05B2-4013-86CF-C3AD96886E8A /var/www/jobs/jobs.log
[2025-08-04 21:19:46] [EXECUTE] [OUTPUT] []
[2025-08-04 21:19:46] [EXECUTE] [RESULT] 0
[2025-08-04 21:19:46] [EXECUTE] [SYNC] cat /var/www/polyzoomer/Path000099_202508042119/page/indexes
[2025-08-04 21:19:46] [EXECUTE] [OUTPUT] [".\/MOS080\/index.html"]
[2025-08-04 21:19:46] [EXECUTE] [RESULT] 0
[2025-08-04 21:19:46] [EXECUTE] [SYNC] ln -s "/var/www/polyzoomer/Path000099_202508042119" "/var/www/customers/yshokrollahi-mdanderson-org/"
[2025-08-04 21:19:46] [EXECUTE] [OUTPUT] []
[2025-08-04 21:19:47] [EXECUTE] [RESULT] 0
[2025-08-04 21:19:47] [yshokrollahi-mdanderson-org]: Uploadfolder does not exist! [///new///]
[2025-08-04 21:19:49] [SAMPLE]: yshokrollahi@mdanderson.edu <= Your Polyzoomer analysis is ready.
Please find your results under the following link.
/customers/yshokrollahi-mdanderson-org/Path000099_202508042119/page/./MOS080/index.html
[2025-08-04 21:29:02] [EXECUTE] [DEBUG] php /var/www/doChecksum.php '/media/Users/yshokrollahi/pathology.jpg' E9C96679-D57C-4EBF-B9B8-1E61F29A8EED
[2025-08-04 21:29:02]  Changed from [;E9C96679-D57C-4EBF-B9B8-1E61F29A8EED;1;checksum;] to [;E9C96679-D57C-4EBF-B9B8-1E61F29A8EED;1;pending;]
[2025-08-04 21:29:02] [EXECUTE] [OUTPUT] []
[2025-08-04 21:29:02] [EXECUTE] [RESULT] 0
[2025-08-04 21:29:32] E9C96679-D57C-4EBF-B9B8-1E61F29A8EED changes from [;1;pending;] to [;2;upload;]
[2025-08-04 21:29:32] [EXECUTE] [DEBUG] php /var/www/uploadProject.php '/media/Users/yshokrollahi/pathology.jpg' '/var/www/uploads/55429789_pathology.jpg' 'E9C96679-D57C-4EBF-B9B8-1E61F29A8EED' 'cfc437bc68fd158f78982bf2fb2ca8dd'
[2025-08-04 21:29:32] E9C96679-D57C-4EBF-B9B8-1E61F29A8EED changes from [2;upload] to [2;uploading]
[2025-08-04 21:29:33] E9C96679-D57C-4EBF-B9B8-1E61F29A8EED changes from [2;uploading] to [2;uploaded]
[2025-08-04 21:29:33] [EXECUTE] [OUTPUT] []
[2025-08-04 21:29:33] [EXECUTE] [RESULT] 0
[2025-08-04 21:30:02] E9C96679-D57C-4EBF-B9B8-1E61F29A8EED changes from [;2;uploaded;] to [;4;inQueue;]
[2025-08-04 21:30:32] [EXECUTE] [DEBUG] php /var/www/issueDoPolyzoom.php '/var/www/uploads/55429789_pathology.jpg' E9C96679-D57C-4EBF-B9B8-1E61F29A8EED /var/www/jobs/jobs.log
[2025-08-04 21:30:34] [EXECUTE] [OUTPUT] []
[2025-08-04 21:30:34] [EXECUTE] [RESULT] 0
[2025-08-04 21:30:36] [EXECUTE] [SYNC] cat /var/www/polyzoomer/Path000100_202508042130/page/indexes
[2025-08-04 21:30:36] [EXECUTE] [OUTPUT] [".\/UNKNOWNPAT0001\/index.html"]
[2025-08-04 21:30:36] [EXECUTE] [RESULT] 0
[2025-08-04 21:30:36] [EXECUTE] [SYNC] ln -s "/var/www/polyzoomer/Path000100_202508042130" "/var/www/customers/yshokrollahi-mdanderson-org/"
[2025-08-04 21:30:36] [EXECUTE] [OUTPUT] []
[2025-08-04 21:30:36] [EXECUTE] [RESULT] 0
[2025-08-04 21:30:36] [yshokrollahi-mdanderson-org]: Uploadfolder does not exist! [///new///]
[2025-08-04 21:30:38] [SAMPLE]: yshokrollahi@mdanderson.edu <= Your Polyzoomer analysis is ready.
Please find your results under the following link.
/customers/yshokrollahi-mdanderson-org/Path000100_202508042130/page/./UNKNOWNPAT0001/index.html
[2025-08-04 21:37:32] [EXECUTE] [DEBUG] php /var/www/doChecksum.php '/media/Users/yshokrollahi/MOS080_HE.svs' EE84CBB4-C77D-47AA-A013-8C4B06E9ABEC
[2025-08-04 21:37:33]  Changed from [;EE84CBB4-C77D-47AA-A013-8C4B06E9ABEC;1;checksum;] to [;EE84CBB4-C77D-47AA-A013-8C4B06E9ABEC;1;pending;]
[2025-08-04 21:37:33] [EXECUTE] [OUTPUT] []
[2025-08-04 21:37:33] [EXECUTE] [RESULT] 0
[2025-08-04 21:38:02] EE84CBB4-C77D-47AA-A013-8C4B06E9ABEC changes from [;1;pending;] to [;2;upload;]
[2025-08-04 21:38:02] [EXECUTE] [DEBUG] php /var/www/uploadProject.php '/media/Users/yshokrollahi/MOS080_HE.svs' '/var/www/uploads/51527418_MOS080_HE.svs' 'EE84CBB4-C77D-47AA-A013-8C4B06E9ABEC' '9d084fe4cc85d50361e29cc8bdc60684'
[2025-08-04 21:38:03] EE84CBB4-C77D-47AA-A013-8C4B06E9ABEC changes from [2;upload] to [2;uploading]
[2025-08-04 21:38:03] EE84CBB4-C77D-47AA-A013-8C4B06E9ABEC changes from [2;uploading] to [2;uploaded]
[2025-08-04 21:38:03] [EXECUTE] [OUTPUT] []
[2025-08-04 21:38:03] [EXECUTE] [RESULT] 0
[2025-08-04 21:38:32] EE84CBB4-C77D-47AA-A013-8C4B06E9ABEC changes from [;2;uploaded;] to [;4;inQueue;]
[2025-08-04 21:39:03] [EXECUTE] [DEBUG] php /var/www/issueDoPolyzoom.php '/var/www/uploads/51527418_MOS080_HE.svs' EE84CBB4-C77D-47AA-A013-8C4B06E9ABEC /var/www/jobs/jobs.log
[2025-08-04 21:39:47] [EXECUTE] [OUTPUT] []
[2025-08-04 21:39:47] [EXECUTE] [RESULT] 0
[2025-08-04 21:39:47] [EXECUTE] [SYNC] cat /var/www/polyzoomer/Path000101_202508042139/page/indexes
[2025-08-04 21:39:47] [EXECUTE] [OUTPUT] [".\/MOS080\/index.html"]
[2025-08-04 21:39:47] [EXECUTE] [RESULT] 0
[2025-08-04 21:39:48] [EXECUTE] [SYNC] ln -s "/var/www/polyzoomer/Path000101_202508042139" "/var/www/customers/yshokrollahi-mdanderson-org/"
[2025-08-04 21:39:48] [EXECUTE] [OUTPUT] []
[2025-08-04 21:39:48] [EXECUTE] [RESULT] 0
[2025-08-04 21:39:48] [yshokrollahi-mdanderson-org]: Uploadfolder does not exist! [///new///]
[2025-08-04 21:39:50] [SAMPLE]: yshokrollahi@mdanderson.edu <= Your Polyzoomer analysis is ready.
Please find your results under the following link.
/customers/yshokrollahi-mdanderson-org/Path000101_202508042139/page/./MOS080/index.html
