[2024-06-11 18:44:01] [EXECUTE] [DEBUG] php /var/www/doChecksum.php '/media/Users/test3/roi-4.jpg' 052B9BB8-5B6A-4939-967F-C824EDDEE3E5
[2024-06-11 18:44:01]  Changed from [;052B9BB8-5B6A-4939-967F-C824EDDEE3E5;1;checksum;] to [;052B9BB8-5B6A-4939-967F-C824EDDEE3E5;1;pending;]
[2024-06-11 18:44:01] [EXECUTE] [OUTPUT] []
[2024-06-11 18:44:01] [EXECUTE] [RESULT] 0
[2024-06-11 18:44:31] 052B9BB8-5B6A-4939-967F-C824EDDEE3E5 changes from [;1;pending;] to [;2;upload;]
[2024-06-11 18:44:31] [EXECUTE] [DEBUG] php /var/www/uploadProject.php '/media/Users/test3/roi-4.jpg' '/var/www/uploads/34648156_roi-4.jpg' '052B9BB8-5B6A-4939-967F-C824EDDEE3E5' 'd5ed1ffff1a8968cf4619256772190ec'
[2024-06-11 18:44:31] 052B9BB8-5B6A-4939-967F-C824EDDEE3E5 changes from [2;upload] to [2;uploading]
[2024-06-25 15:44:01] 052B9BB8-5B6A-4939-967F-C824EDDEE3E5 changes from [;2;uploading;] to [;6;readyToBeRemoved;]
[2024-06-25 15:44:01] [JOB]: File and/or drive was removed [/media/Users/test3/roi-4.jpg] [052B9BB8-5B6A-4939-967F-C824EDDEE3E5]
[2024-06-25 15:44:01] [EXECUTE] [DEBUG] php /var/www/doChecksum.php '/media/Users/test3/MS002S1_MU.png' 9CFEA79C-27E2-4AF8-BCA7-832AE6D53747
[2024-06-25 15:44:01]  Changed from [;9CFEA79C-27E2-4AF8-BCA7-832AE6D53747;1;checksum;] to [;9CFEA79C-27E2-4AF8-BCA7-832AE6D53747;1;pending;]
[2024-06-25 15:44:01] [EXECUTE] [OUTPUT] []
[2024-06-25 15:44:01] [EXECUTE] [RESULT] 0
[2024-06-25 15:44:01] [EXECUTE] [DEBUG] php /var/www/doChecksum.php '/media/Users/xiaoxi/1.JPG' 2D7072CC-9DC5-4048-94A5-F004E200BBDA
[2024-06-25 15:44:01]  Changed from [;2D7072CC-9DC5-4048-94A5-F004E200BBDA;1;checksum;] to [;2D7072CC-9DC5-4048-94A5-F004E200BBDA;1;pending;]
[2024-06-25 15:44:01] [EXECUTE] [OUTPUT] []
[2024-06-25 15:44:01] [EXECUTE] [RESULT] 0
[2024-06-25 15:44:31] 9CFEA79C-27E2-4AF8-BCA7-832AE6D53747 changes from [;1;pending;] to [;2;upload;]
[2024-06-25 15:44:31] [EXECUTE] [DEBUG] php /var/www/uploadProject.php '/media/Users/test3/MS002S1_MU.png' '/var/www/uploads/06311040_MS002S1_MU.png' '9CFEA79C-27E2-4AF8-BCA7-832AE6D53747' ''
[2024-06-25 15:44:31] 9CFEA79C-27E2-4AF8-BCA7-832AE6D53747 changes from [2;upload] to [2;uploading]
[2024-06-25 22:52:01] 9CFEA79C-27E2-4AF8-BCA7-832AE6D53747 changes from [;2;uploading;] to [;6;readyToBeRemoved;]
[2024-06-25 22:52:01] [JOB]: File and/or drive was removed [/media/Users/test3/MS002S1_MU.png] [9CFEA79C-27E2-4AF8-BCA7-832AE6D53747]
[2024-06-25 22:52:01] 2D7072CC-9DC5-4048-94A5-F004E200BBDA changes from [;1;pending;] to [;2;upload;]
[2024-06-25 22:52:01] [EXECUTE] [DEBUG] php /var/www/uploadProject.php '/media/Users/xiaoxi/1.JPG' '/var/www/uploads/08978876_1.JPG' '2D7072CC-9DC5-4048-94A5-F004E200BBDA' ''
[2024-06-25 22:52:01] 2D7072CC-9DC5-4048-94A5-F004E200BBDA changes from [2;upload] to [2;uploading]
[2024-06-26 17:46:01] 2D7072CC-9DC5-4048-94A5-F004E200BBDA changes from [;2;uploading;] to [;6;readyToBeRemoved;]
[2024-06-26 17:46:01] [JOB]: File and/or drive was removed [/media/Users/xiaoxi/1.JPG] [2D7072CC-9DC5-4048-94A5-F004E200BBDA]
[2024-06-26 17:46:01] [EXECUTE] [DEBUG] php /var/www/doChecksum.php '/media/Users/yshokrollahi/MS001S1.png' 44575306-FE0C-45BA-8F1B-C15CCC4525BC
[2024-06-26 17:46:01]  Changed from [;44575306-FE0C-45BA-8F1B-C15CCC4525BC;1;checksum;] to [;44575306-FE0C-45BA-8F1B-C15CCC4525BC;1;pending;]
[2024-06-26 17:46:01] [EXECUTE] [OUTPUT] []
[2024-06-26 17:46:01] [EXECUTE] [RESULT] 0
[2024-06-26 17:46:01] [EXECUTE] [DEBUG] php /var/www/doChecksum.php '/media/Users/yshokrollahi/MS001S1.png' 677E3050-61AF-4865-A5EF-7A515DB7748B
[2024-06-26 17:46:01]  Changed from [;677E3050-61AF-4865-A5EF-7A515DB7748B;1;checksum;] to [;677E3050-61AF-4865-A5EF-7A515DB7748B;1;pending;]
[2024-06-26 17:46:01] [EXECUTE] [OUTPUT] []
[2024-06-26 17:46:01] [EXECUTE] [RESULT] 0
[2024-06-26 17:46:01] [EXECUTE] [DEBUG] php /var/www/doChecksum.php '/media/Users/yshokrollahi/MS001S1.png' 70EA4230-8354-468E-96FD-8AFB594BC2AB
[2024-06-26 17:46:01]  Changed from [;70EA4230-8354-468E-96FD-8AFB594BC2AB;1;checksum;] to [;70EA4230-8354-468E-96FD-8AFB594BC2AB;1;pending;]
[2024-06-26 17:46:01] [EXECUTE] [OUTPUT] []
[2024-06-26 17:46:01] [EXECUTE] [RESULT] 0
[2024-06-26 17:46:01] [EXECUTE] [DEBUG] php /var/www/doChecksum.php '/media/Users/admin/cell_00731.png' B64BB19A-5889-4BFB-A268-B773623DCF88
[2024-06-26 17:46:01]  Changed from [;B64BB19A-5889-4BFB-A268-B773623DCF88;1;checksum;] to [;B64BB19A-5889-4BFB-A268-B773623DCF88;1;pending;]
[2024-06-26 17:46:01] [EXECUTE] [OUTPUT] []
[2024-06-26 17:46:01] [EXECUTE] [RESULT] 0
[2024-06-26 17:46:01] [EXECUTE] [DEBUG] php /var/www/doChecksum.php '/media/Users/yshokrollahi/MS001S1.png' 0864F8BC-B7DA-4318-992D-71EE07F10DF7
[2024-06-26 17:46:01]  Changed from [;0864F8BC-B7DA-4318-992D-71EE07F10DF7;1;checksum;] to [;0864F8BC-B7DA-4318-992D-71EE07F10DF7;1;pending;]
[2024-06-26 17:46:01] [EXECUTE] [OUTPUT] []
[2024-06-26 17:46:01] [EXECUTE] [RESULT] 0
[2024-06-26 17:46:01] [EXECUTE] [DEBUG] php /var/www/doChecksum.php '/media/Users/yshokrollahi/MS001S1.png' 17EEBEEF-B687-47EE-8457-9D2BF266F103
[2024-06-26 17:46:02]  Changed from [;17EEBEEF-B687-47EE-8457-9D2BF266F103;1;checksum;] to [;17EEBEEF-B687-47EE-8457-9D2BF266F103;1;pending;]
[2024-06-26 17:46:02] [EXECUTE] [OUTPUT] []
[2024-06-26 17:46:02] [EXECUTE] [RESULT] 0
[2024-06-26 17:46:02] [EXECUTE] [DEBUG] php /var/www/doChecksum.php '/media/Users/yshokrollahi/MS001S1.png' 0B2394DD-B503-4A64-A0BF-FBBCAF61DF94
[2024-06-26 17:46:02]  Changed from [;0B2394DD-B503-4A64-A0BF-FBBCAF61DF94;1;checksum;] to [;0B2394DD-B503-4A64-A0BF-FBBCAF61DF94;1;pending;]
[2024-06-26 17:46:02] [EXECUTE] [OUTPUT] []
[2024-06-26 17:46:02] [EXECUTE] [RESULT] 0
[2024-06-26 17:46:02] [EXECUTE] [DEBUG] php /var/www/doChecksum.php '/media/Users/yshokrollahi/MS001S1.png' 7C2E99E7-A652-4908-9D37-84533F032F3E
[2024-06-26 17:46:02]  Changed from [;7C2E99E7-A652-4908-9D37-84533F032F3E;1;checksum;] to [;7C2E99E7-A652-4908-9D37-84533F032F3E;1;pending;]
[2024-06-26 17:46:02] [EXECUTE] [OUTPUT] []
[2024-06-26 17:46:02] [EXECUTE] [RESULT] 0
[2024-06-26 17:46:02] [EXECUTE] [DEBUG] php /var/www/doChecksum.php '/media/Users/yshokrollahi/MS001S1.png' FC055CE7-6404-4092-B9C1-937BD216CF0C
[2024-06-26 17:46:02]  Changed from [;FC055CE7-6404-4092-B9C1-937BD216CF0C;1;checksum;] to [;FC055CE7-6404-4092-B9C1-937BD216CF0C;1;pending;]
[2024-06-26 17:46:02] [EXECUTE] [OUTPUT] []
[2024-06-26 17:46:02] [EXECUTE] [RESULT] 0
[2024-06-26 17:46:02] [EXECUTE] [DEBUG] php /var/www/doChecksum.php '/media/Users/yshokrollahi/MS001S1.png' A7E606C2-C28D-4148-BE5F-F55C0B83006E
[2024-06-26 17:46:02]  Changed from [;A7E606C2-C28D-4148-BE5F-F55C0B83006E;1;checksum;] to [;A7E606C2-C28D-4148-BE5F-F55C0B83006E;1;pending;]
[2024-06-26 17:46:02] [EXECUTE] [OUTPUT] []
[2024-06-26 17:46:02] [EXECUTE] [RESULT] 0
[2024-06-26 17:46:02] [EXECUTE] [DEBUG] php /var/www/doChecksum.php '/media/Users/yshokrollahi/MS001S1.png' BC09DF57-0089-4768-9E09-88B04E344FFB
[2024-06-26 17:46:02]  Changed from [;BC09DF57-0089-4768-9E09-88B04E344FFB;1;checksum;] to [;BC09DF57-0089-4768-9E09-88B04E344FFB;1;pending;]
[2024-06-26 17:46:02] [EXECUTE] [OUTPUT] []
[2024-06-26 17:46:02] [EXECUTE] [RESULT] 0
[2024-06-26 17:46:02] [EXECUTE] [DEBUG] php /var/www/doChecksum.php '/media/Users/yshokrollahi/MS001S1.png' 4A6CBFDB-02DD-4509-A973-DD7B2B109DBF
[2024-06-26 17:46:02]  Changed from [;4A6CBFDB-02DD-4509-A973-DD7B2B109DBF;1;checksum;] to [;4A6CBFDB-02DD-4509-A973-DD7B2B109DBF;1;pending;]
[2024-06-26 17:46:02] [EXECUTE] [OUTPUT] []
[2024-06-26 17:46:02] [EXECUTE] [RESULT] 0
[2024-06-26 17:46:02] [EXECUTE] [DEBUG] php /var/www/doChecksum.php '/media/Users/yshokrollahi/MS001S1.png' EA80C1EF-DD52-48FF-86A3-3C425BDED734
[2024-06-26 17:46:02]  Changed from [;EA80C1EF-DD52-48FF-86A3-3C425BDED734;1;checksum;] to [;EA80C1EF-DD52-48FF-86A3-3C425BDED734;1;pending;]
[2024-06-26 17:46:02] [EXECUTE] [OUTPUT] []
[2024-06-26 17:46:02] [EXECUTE] [RESULT] 0
[2024-06-26 17:46:02] [EXECUTE] [DEBUG] php /var/www/doChecksum.php '/media/Users/yshokrollahi/MS001S1.png' AD1CB17C-7CF6-4C0D-820C-A02A854E5B4F
[2024-06-26 17:46:02]  Changed from [;AD1CB17C-7CF6-4C0D-820C-A02A854E5B4F;1;checksum;] to [;AD1CB17C-7CF6-4C0D-820C-A02A854E5B4F;1;pending;]
[2024-06-26 17:46:02] [EXECUTE] [OUTPUT] []
[2024-06-26 17:46:02] [EXECUTE] [RESULT] 0
[2024-06-26 17:46:02] [EXECUTE] [DEBUG] php /var/www/doChecksum.php '/media/Users/yshokrollahi/MS001S1.png' 03AF5648-B820-458F-89ED-0231F9870EDE
[2024-06-26 17:46:02]  Changed from [;03AF5648-B820-458F-89ED-0231F9870EDE;1;checksum;] to [;03AF5648-B820-458F-89ED-0231F9870EDE;1;pending;]
[2024-06-26 17:46:02] [EXECUTE] [OUTPUT] []
[2024-06-26 17:46:02] [EXECUTE] [RESULT] 0
[2024-06-26 17:46:02] [EXECUTE] [DEBUG] php /var/www/doChecksum.php '/media/Users/yshokrollahi/MS001S1.png' 0A4138AF-D857-4637-824E-B9BF44B826FE
[2024-06-26 17:46:03]  Changed from [;0A4138AF-D857-4637-824E-B9BF44B826FE;1;checksum;] to [;0A4138AF-D857-4637-824E-B9BF44B826FE;1;pending;]
[2024-06-26 17:46:03] [EXECUTE] [OUTPUT] []
[2024-06-26 17:46:03] [EXECUTE] [RESULT] 0
[2024-06-26 17:46:03] [EXECUTE] [DEBUG] php /var/www/doChecksum.php '/media/Users/yshokrollahi/MS001S1.png' 0F80E591-E2BD-40AE-B230-CB998EFE13F3
[2024-06-26 17:46:03]  Changed from [;0F80E591-E2BD-40AE-B230-CB998EFE13F3;1;checksum;] to [;0F80E591-E2BD-40AE-B230-CB998EFE13F3;1;pending;]
[2024-06-26 17:46:03] [EXECUTE] [OUTPUT] []
[2024-06-26 17:46:03] [EXECUTE] [RESULT] 0
[2024-06-26 17:46:03] Last job file status: [Array]
[2024-06-26 17:46:03] [JOB]: Removed Array
(
    [id] => 0
    [status] => ok
    [comment] => 
    [bytesWritten] => 6403
    [deletedData] => 052B9BB8-5B6A-4939-967F-C824EDDEE3E5
)

[2024-06-26 17:46:03] Last job file status: [Array]
[2024-06-26 17:46:03] [JOB]: Removed Array
(
    [id] => 0
    [status] => ok
    [comment] => 
    [bytesWritten] => 6066
    [deletedData] => 9CFEA79C-27E2-4AF8-BCA7-832AE6D53747                                                                                                                                                                                                                                                                                                            
)

[2024-06-26 17:46:31] 44575306-FE0C-45BA-8F1B-C15CCC4525BC changes from [;1;pending;] to [;2;upload;]
[2024-06-26 17:46:31] [EXECUTE] [DEBUG] php /var/www/uploadProject.php '/media/Users/yshokrollahi/MS001S1.png' '/var/www/uploads/50927151_MS001S1.png' '44575306-FE0C-45BA-8F1B-C15CCC4525BC' '16e1b0a8147705c9cba8180f95408355'
[2024-06-26 17:46:31] 44575306-FE0C-45BA-8F1B-C15CCC4525BC changes from [2;upload] to [2;uploading]
[2024-06-26 18:33:01] 677E3050-61AF-4865-A5EF-7A515DB7748B changes from [;1;pending;] to [;2;upload;]
[2024-06-26 18:33:01] [EXECUTE] [DEBUG] php /var/www/uploadProject.php '/media/Users/yshokrollahi/MS001S1.png' '/var/www/uploads/84831501_MS001S1.png' '677E3050-61AF-4865-A5EF-7A515DB7748B' '16e1b0a8147705c9cba8180f95408355'
[2024-06-26 18:33:01] 677E3050-61AF-4865-A5EF-7A515DB7748B changes from [2;upload] to [2;uploading]
[2024-07-12 17:47:01] 70EA4230-8354-468E-96FD-8AFB594BC2AB changes from [;1;pending;] to [;2;upload;]
[2024-07-12 17:47:01] [EXECUTE] [DEBUG] php /var/www/uploadProject.php '/media/Users/yshokrollahi/MS001S1.png' '/var/www/uploads/96663742_MS001S1.png' '70EA4230-8354-468E-96FD-8AFB594BC2AB' '16e1b0a8147705c9cba8180f95408355'
[2024-07-12 17:47:01] 70EA4230-8354-468E-96FD-8AFB594BC2AB changes from [2;upload] to [2;uploading]
[2024-07-12 18:01:01] B64BB19A-5889-4BFB-A268-B773623DCF88 changes from [;1;pending;] to [;2;upload;]
[2024-07-12 18:01:01] [EXECUTE] [DEBUG] php /var/www/uploadProject.php '/media/Users/admin/cell_00731.png' '/var/www/uploads/88848327_cell_00731.png' 'B64BB19A-5889-4BFB-A268-B773623DCF88' '14eac0bd411fd77c6efd98f04eea78d5'
[2024-07-12 18:01:01] B64BB19A-5889-4BFB-A268-B773623DCF88 changes from [2;upload] to [2;uploading]
[2024-07-19 18:48:02] [EXECUTE] [DEBUG] php /var/www/doChecksum.php '/media/Users/yshokrollahi/MS001S1.png' B918AFED-8B8B-4AED-BAC9-D0A773492E4D
[2024-07-19 18:48:02]  Changed from [;B918AFED-8B8B-4AED-BAC9-D0A773492E4D;1;checksum;] to [;B918AFED-8B8B-4AED-BAC9-D0A773492E4D;1;pending;]
[2024-07-19 18:48:02] [EXECUTE] [OUTPUT] []
[2024-07-19 18:48:02] [EXECUTE] [RESULT] 0
[2024-07-19 18:48:02] Last job file status: [Array]
[2024-07-19 18:48:02] [JOB]: Removed Array
(
    [id] => 0
    [status] => ok
    [comment] => 
    [bytesWritten] => 6066
    [deletedData] => 2D7072CC-9DC5-4048-94A5-F004E200BBDA                                                                                                                                                                                                                                                                                                            
)

[2024-07-19 21:08:01] Failed to load job specific file!
[2024-07-19 21:08:01] Failed to load job specific file!
[2024-07-19 21:08:01] Failed to load job specific file!
[2024-07-19 21:08:01] Failed to load job specific file!
[2024-07-19 21:08:01] Failed to load job specific file!
[2024-07-19 21:08:01] Failed to load job specific file!
[2024-07-19 21:08:01] Failed to load job specific file!
[2024-07-19 21:08:01] Failed to load job specific file!
[2024-07-19 21:08:01] Failed to load job specific file!
[2024-07-19 21:08:01] Failed to load job specific file!
[2024-07-19 21:08:01] Failed to load job specific file!
[2024-07-19 21:08:01] Failed to load job specific file!
[2024-07-19 21:08:01] Failed to load job specific file!
[2024-07-19 21:08:01] Failed to load job specific file!
[2024-07-19 21:08:01] Failed to load job specific file!
[2024-07-19 21:08:01] Failed to load job specific file!
[2024-07-19 21:08:01] Failed to load job specific file!
[2024-07-19 21:08:01] B918AFED-8B8B-4AED-BAC9-D0A773492E4D changes from [;1;pending;] to [;2;upload;]
[2024-07-19 21:08:01] [EXECUTE] [DEBUG] php /var/www/uploadProject.php '/media/Users/yshokrollahi/MS001S1.png' '/var/www/uploads/63573289_MS001S1.png' 'B918AFED-8B8B-4AED-BAC9-D0A773492E4D' '16e1b0a8147705c9cba8180f95408355'
[2024-07-19 21:08:01] B918AFED-8B8B-4AED-BAC9-D0A773492E4D changes from [2;upload] to [2;uploading]
[2024-07-19 21:56:01] [EXECUTE] [DEBUG] php /var/www/doChecksum.php '/media/Users/yshokrollahi/MS001S1.png' 4BB5BA8E-E078-4E01-BB75-1BABBFBAEDBC
[2024-07-19 21:56:01]  Changed from [;4BB5BA8E-E078-4E01-BB75-1BABBFBAEDBC;1;checksum;] to [;4BB5BA8E-E078-4E01-BB75-1BABBFBAEDBC;1;pending;]
[2024-07-19 21:56:01] [EXECUTE] [OUTPUT] []
[2024-07-19 21:56:01] [EXECUTE] [RESULT] 0
[2024-07-19 21:56:31] 4BB5BA8E-E078-4E01-BB75-1BABBFBAEDBC changes from [;1;pending;] to [;2;upload;]
[2024-07-19 21:56:31] [EXECUTE] [DEBUG] php /var/www/uploadProject.php '/media/Users/yshokrollahi/MS001S1.png' '/var/www/uploads/70506300_MS001S1.png' '4BB5BA8E-E078-4E01-BB75-1BABBFBAEDBC' '16e1b0a8147705c9cba8180f95408355'
[2024-07-19 21:56:31] 4BB5BA8E-E078-4E01-BB75-1BABBFBAEDBC changes from [2;upload] to [2;uploading]
[2024-07-19 23:17:01] [EXECUTE] [DEBUG] php /var/www/doChecksum.php '/media/Users/yshokrollahi/MS001S1.png' 2B11089D-3DCD-4B72-A8FB-20891964AFF8
[2024-07-19 23:17:01]  Changed from [;2B11089D-3DCD-4B72-A8FB-20891964AFF8;1;checksum;] to [;2B11089D-3DCD-4B72-A8FB-20891964AFF8;1;pending;]
[2024-07-19 23:17:01] [EXECUTE] [OUTPUT] []
[2024-07-19 23:17:01] [EXECUTE] [RESULT] 0
[2024-07-19 23:17:01] [EXECUTE] [DEBUG] php /var/www/doChecksum.php '/media/Users/admin/cell_00731.png' 2F014D98-71C2-4945-8CFF-C293F1A0C00A
[2024-07-19 23:17:01]  Changed from [;2F014D98-71C2-4945-8CFF-C293F1A0C00A;1;checksum;] to [;2F014D98-71C2-4945-8CFF-C293F1A0C00A;1;pending;]
[2024-07-19 23:17:01] [EXECUTE] [OUTPUT] []
[2024-07-19 23:17:01] [EXECUTE] [RESULT] 0
[2024-07-19 23:17:01] [EXECUTE] [DEBUG] php /var/www/doChecksum.php '/media/Users/yshokrollahi/MS001S1.png' FCC086CA-25A5-403A-AEE6-C23D50EA555E
[2024-07-19 23:17:01]  Changed from [;FCC086CA-25A5-403A-AEE6-C23D50EA555E;1;checksum;] to [;FCC086CA-25A5-403A-AEE6-C23D50EA555E;1;pending;]
[2024-07-19 23:17:01] [EXECUTE] [OUTPUT] []
[2024-07-19 23:17:01] [EXECUTE] [RESULT] 0
[2024-07-19 23:17:01] [EXECUTE] [DEBUG] php /var/www/doChecksum.php '/media/Users/yshokrollahi/MS001S1.png' 16F1A6E5-DB02-4EAE-A74D-F64040336FF0
[2024-07-19 23:17:01]  Changed from [;16F1A6E5-DB02-4EAE-A74D-F64040336FF0;1;checksum;] to [;16F1A6E5-DB02-4EAE-A74D-F64040336FF0;1;pending;]
[2024-07-19 23:17:01] [EXECUTE] [OUTPUT] []
[2024-07-19 23:17:01] [EXECUTE] [RESULT] 0
[2024-07-19 23:17:01] [EXECUTE] [DEBUG] php /var/www/doChecksum.php '/media/Users/yshokrollahi/MS001S1.png' 82A2D679-DC2B-42DA-8D0F-7D68715C59A9
[2024-07-19 23:17:01]  Changed from [;82A2D679-DC2B-42DA-8D0F-7D68715C59A9;1;checksum;] to [;82A2D679-DC2B-42DA-8D0F-7D68715C59A9;1;pending;]
[2024-07-19 23:17:01] [EXECUTE] [OUTPUT] []
[2024-07-19 23:17:01] [EXECUTE] [RESULT] 0
[2024-07-19 23:17:31] 2B11089D-3DCD-4B72-A8FB-20891964AFF8 changes from [;1;pending;] to [;2;upload;]
[2024-07-19 23:17:31] [EXECUTE] [DEBUG] php /var/www/uploadProject.php '/media/Users/yshokrollahi/MS001S1.png' '/var/www/uploads/22449372_MS001S1.png' '2B11089D-3DCD-4B72-A8FB-20891964AFF8' '16e1b0a8147705c9cba8180f95408355'
[2024-07-19 23:17:31] 2B11089D-3DCD-4B72-A8FB-20891964AFF8 changes from [2;upload] to [2;uploading]
[2024-07-20 04:51:57] [EXECUTE] [OUTPUT] []
[2024-07-20 04:51:58] [EXECUTE] [RESULT] 255
[2024-07-20 04:51:58] 2F014D98-71C2-4945-8CFF-C293F1A0C00A changes from [;1;pending;] to [;2;upload;]
[2024-07-20 04:51:58] [EXECUTE] [DEBUG] php /var/www/uploadProject.php '/media/Users/admin/cell_00731.png' '/var/www/uploads/52132524_cell_00731.png' '2F014D98-71C2-4945-8CFF-C293F1A0C00A' '14eac0bd411fd77c6efd98f04eea78d5'
[2024-07-20 04:51:58] 2F014D98-71C2-4945-8CFF-C293F1A0C00A changes from [2;upload] to [2;uploading]
[2024-07-20 05:29:48] [EXECUTE] [OUTPUT] []
[2024-07-20 05:29:48] [EXECUTE] [RESULT] 255
[2024-07-20 05:29:48] FCC086CA-25A5-403A-AEE6-C23D50EA555E changes from [;1;pending;] to [;2;upload;]
[2024-07-20 05:29:48] [EXECUTE] [DEBUG] php /var/www/uploadProject.php '/media/Users/yshokrollahi/MS001S1.png' '/var/www/uploads/90160141_MS001S1.png' 'FCC086CA-25A5-403A-AEE6-C23D50EA555E' '16e1b0a8147705c9cba8180f95408355'
[2024-07-20 05:29:48] FCC086CA-25A5-403A-AEE6-C23D50EA555E changes from [2;upload] to [2;uploading]
[2024-10-31 16:38:01] 4BB5BA8E-E078-4E01-BB75-1BABBFBAEDBC changes from [;2;uploading;] to [;6;readyToBeRemoved;]
[2024-10-31 16:38:01] [JOB]: File and/or drive was removed [/media/Users/yshokrollahi/MS001S1.png] [4BB5BA8E-E078-4E01-BB75-1BABBFBAEDBC]
[2024-10-31 16:38:01] 2B11089D-3DCD-4B72-A8FB-20891964AFF8 changes from [;2;uploading;] to [;6;readyToBeRemoved;]
[2024-10-31 16:38:01] [JOB]: File and/or drive was removed [/media/Users/yshokrollahi/MS001S1.png] [2B11089D-3DCD-4B72-A8FB-20891964AFF8]
[2024-10-31 16:38:01] 2F014D98-71C2-4945-8CFF-C293F1A0C00A changes from [;2;uploading;] to [;6;readyToBeRemoved;]
[2024-10-31 16:38:01] [JOB]: File and/or drive was removed [/media/Users/admin/cell_00731.png] [2F014D98-71C2-4945-8CFF-C293F1A0C00A]
[2024-10-31 16:38:01] FCC086CA-25A5-403A-AEE6-C23D50EA555E changes from [;2;uploading;] to [;6;readyToBeRemoved;]
[2024-10-31 16:38:01] [JOB]: File and/or drive was removed [/media/Users/yshokrollahi/MS001S1.png] [FCC086CA-25A5-403A-AEE6-C23D50EA555E]
[2024-10-31 16:38:31] 16F1A6E5-DB02-4EAE-A74D-F64040336FF0 changes from [;1;pending;] to [;2;upload;]
[2024-10-31 16:38:31] [EXECUTE] [DEBUG] php /var/www/uploadProject.php '/media/Users/yshokrollahi/MS001S1.png' '/var/www/uploads/03533462_MS001S1.png' '16F1A6E5-DB02-4EAE-A74D-F64040336FF0' '16e1b0a8147705c9cba8180f95408355'
[2024-10-31 16:38:31] MD5 is not the same, it is assumed that the content has changed!
[2024-10-31 16:38:31] [EXECUTE] [OUTPUT] []
[2024-10-31 16:38:31] [EXECUTE] [RESULT] 255
[2024-10-31 16:38:31] 82A2D679-DC2B-42DA-8D0F-7D68715C59A9 changes from [;1;pending;] to [;2;upload;]
[2024-10-31 16:38:31] [EXECUTE] [DEBUG] php /var/www/uploadProject.php '/media/Users/yshokrollahi/MS001S1.png' '/var/www/uploads/25938716_MS001S1.png' '82A2D679-DC2B-42DA-8D0F-7D68715C59A9' '16e1b0a8147705c9cba8180f95408355'
[2024-10-31 16:38:31] MD5 is not the same, it is assumed that the content has changed!
[2024-10-31 16:38:31] [EXECUTE] [OUTPUT] []
[2024-10-31 16:38:31] [EXECUTE] [RESULT] 255
[2024-10-31 16:38:31] Last job file status: [Array]
[2024-10-31 16:38:31] [JOB]: Removed Array
(
    [id] => 0
    [status] => ok
    [comment] => 
    [bytesWritten] => 1685
    [deletedData] => 4BB5BA8E-E078-4E01-BB75-1BABBFBAEDBC
)

[2024-10-31 16:38:31] Last job file status: [Array]
[2024-10-31 16:38:31] [JOB]: Removed Array
(
    [id] => 0
    [status] => ok
    [comment] => 
    [bytesWritten] => 1348
    [deletedData] => 2B11089D-3DCD-4B72-A8FB-20891964AFF8                                                                                                                                                                                                                                                                                                            
)

[2024-10-31 16:38:31] Last job file status: [Array]
[2024-10-31 16:38:31] [JOB]: Removed Array
(
    [id] => 0
    [status] => ok
    [comment] => 
    [bytesWritten] => 1011
    [deletedData] => 2F014D98-71C2-4945-8CFF-C293F1A0C00A                                                                                                                                                                                                                                                                                                            
)

[2024-10-31 16:38:31] Last job file status: [Array]
[2024-10-31 16:38:31] [JOB]: Removed Array
(
    [id] => 0
    [status] => ok
    [comment] => 
    [bytesWritten] => 674
    [deletedData] => FCC086CA-25A5-403A-AEE6-C23D50EA555E                                                                                                                                                                                                                                                                                                            
)

[2024-10-31 16:39:01] Job should be uploaded [16F1A6E5-DB02-4EAE-A74D-F64040336FF0]
[2024-10-31 16:39:01] 16F1A6E5-DB02-4EAE-A74D-F64040336FF0 changes from [;2;upload;] to [;6;readyToBeRemoved;]
[2024-10-31 16:39:01] [HARDWARE]: File and/or drive was removed [/media/Users/yshokrollahi/MS001S1.png] [16F1A6E5-DB02-4EAE-A74D-F64040336FF0]
[2024-10-31 16:39:01] File and/or drive was removed before the upload could be initiated!
[2024-10-31 16:39:01] Job should be uploaded [82A2D679-DC2B-42DA-8D0F-7D68715C59A9]
[2024-10-31 16:39:01] 82A2D679-DC2B-42DA-8D0F-7D68715C59A9 changes from [;2;upload;] to [;6;readyToBeRemoved;]
[2024-10-31 16:39:01] [HARDWARE]: File and/or drive was removed [/media/Users/yshokrollahi/MS001S1.png] [82A2D679-DC2B-42DA-8D0F-7D68715C59A9]
[2024-10-31 16:39:01] File and/or drive was removed before the upload could be initiated!
[2024-10-31 16:39:31] Last job file status: [Array]
[2024-10-31 16:39:31] [JOB]: Removed Array
(
    [id] => 0
    [status] => ok
    [comment] => 
    [bytesWritten] => 337
    [deletedData] => 16F1A6E5-DB02-4EAE-A74D-F64040336FF0                                                                                                                                                                                                                                                                                                            
)

[2024-10-31 16:39:31] Last job file status: [Array]
[2024-10-31 16:39:31] [JOB]: Removed Array
(
    [id] => 0
    [status] => ok
    [comment] => 
    [bytesWritten] => 1
    [deletedData] => 82A2D679-DC2B-42DA-8D0F-7D68715C59A9                                                                                                                                                                                                                                                                                                            
)

